<?xml version="1.0" encoding="UTF-8"?>
<testsuites name="AllAccountMatching" time="558" tests="8" failures="2" errors="0">
   <testsuite name="AllAccountMatching" tests="8" failures="2" errors="0" time="558" timestamp="2019-05-15 16:33:19" hostname="dipak - DIPAKDAS-PC.indusnettechnologies.com" id="Test Suites/AllAccountMatching">
      <properties>
         <property name="deviceName" value=""/>
         <property name="devicePlatform" value=""/>
         <property name="logFolder" value="E:\\MarkitCore\\MarkitCore-Final\\MarkitCoreSystem\\MarkitCore\\Reports\\AllAccountMatching\\20190515_163317"/>
         <property name="logFiles" value="E:\\MarkitCore\\MarkitCore-Final\\MarkitCoreSystem\\MarkitCore\\Reports\\AllAccountMatching\\20190515_163317\\execution0.log"/>
         <property name="attachments" value="E:\\MarkitCore\\MarkitCore-Final\\MarkitCoreSystem\\MarkitCore\\Reports\\AllAccountMatching\\20190515_163317\\1557918539108.png, E:\\MarkitCore\\MarkitCore-Final\\MarkitCoreSystem\\MarkitCore\\Reports\\AllAccountMatching\\20190515_163317\\1557918574600.png, E:\\MarkitCore\\MarkitCore-Final\\MarkitCoreSystem\\MarkitCore\\Reports\\AllAccountMatching\\20190515_163317\\1557918721375.png, E:\\MarkitCore\\MarkitCore-Final\\MarkitCoreSystem\\MarkitCore\\Reports\\AllAccountMatching\\20190515_163317\\1557918756697.png"/>
         <property name="hostName" value="dipak - DIPAKDAS-PC.indusnettechnologies.com"/>
         <property name="os" value="Windows 7 32bit"/>
         <property name="katalonVersion" value="6.0.5.4"/>
         <property name="browser" value="Chrome 74.0.3729.131"/>
         <property name="hostAddress" value="10.0.12.237"/>
         <property name="sessionId" value="36123b0485b834e5af157df2efff2959"/>
         <property name="seleniumVersion" value="3.7.1"/>
         <property name="proxyInformation" value="ProxyInformation{proxyOption=NO_PROXY, proxyServerType=HTTP, password=, proxyServerAddress=, proxyServerPort=0}"/>
         <property name="platform" value="Windows 7"/>
      </properties>
      <testcase name="Test Cases/TC01-LoginApplication" classname="Test Cases/TC01-LoginApplication" status="PASSED">
         <system-out><![CDATA[2019-05-15 16:33:27 - [TEST_CASE][PASSED] - Test Cases/TC01-LoginApplication: Test Cases/TC01-LoginApplication

2019-05-15 16:33:27 - [TEST_STEP][NOT_RUN] - openBrowser(""): NOT_RUN: openBrowser("")

2019-05-15 16:33:27 - [MESSAGE][NOT_RUN] - NOT_RUN: openBrowser("")

2019-05-15 16:33:27 - [TEST_STEP][NOT_RUN] - navigateToUrl("https://dev.offshoresoftwaresolutions.net/markit_coreV2/Sites/CoreTest/login/admin_display"): NOT_RUN: navigateToUrl("https://dev.offshoresoftwaresolutions.net/markit_coreV2/Sites/CoreTest/login/admin_display")

2019-05-15 16:33:27 - [MESSAGE][NOT_RUN] - NOT_RUN: navigateToUrl("https://dev.offshoresoftwaresolutions.net/markit_coreV2/Sites/CoreTest/login/admin_display")

2019-05-15 16:33:27 - [TEST_STEP][PASSED] - setText(findTestObject("Object Repository/TC-LoginApplication/Page_Markit core new  Login/input_Login to your account_username"), username): Text 'dDasTester' is set on object 'Object Repository/TC-LoginApplication/Page_Markit core new  Login/input_Login to your account_username'

2019-05-15 16:33:27 - [MESSAGE][PASSED] - Text 'dDasTester' is set on object 'Object Repository/TC-LoginApplication/Page_Markit core new  Login/input_Login to your account_username'

2019-05-15 16:33:27 - [TEST_STEP][PASSED] - setText(findTestObject("Object Repository/TC-LoginApplication/Page_Markit core new  Login/input_Login to your account_password"), password): Text 'Czybm6R*' is set on object 'Object Repository/TC-LoginApplication/Page_Markit core new  Login/input_Login to your account_password'

2019-05-15 16:33:27 - [MESSAGE][PASSED] - Text 'Czybm6R*' is set on object 'Object Repository/TC-LoginApplication/Page_Markit core new  Login/input_Login to your account_password'

2019-05-15 16:33:27 - [TEST_STEP][PASSED] - delay(4, STOP_ON_FAILURE): Delayed 4 second(s)

2019-05-15 16:33:31 - [MESSAGE][PASSED] - Delayed 4 second(s)

2019-05-15 16:33:31 - [TEST_STEP][NOT_RUN] - maximizeWindow(): NOT_RUN: maximizeWindow()

2019-05-15 16:33:31 - [MESSAGE][NOT_RUN] - NOT_RUN: maximizeWindow()

2019-05-15 16:33:31 - [TEST_STEP][PASSED] - click(findTestObject("Object Repository/TC-LoginApplication/Page_Markit core new  Login/button_Login")): Object: 'Object Repository/TC-LoginApplication/Page_Markit core new  Login/button_Login' is clicked on

2019-05-15 16:33:37 - [MESSAGE][PASSED] - Object: 'Object Repository/TC-LoginApplication/Page_Markit core new  Login/button_Login' is clicked on

2019-05-15 16:33:37 - [TEST_STEP][NOT_RUN] - log = new com.kms.katalon.core.logging.KeywordLogger(): NOT_RUN: log = new com.kms.katalon.core.logging.KeywordLogger()

2019-05-15 16:33:37 - [MESSAGE][NOT_RUN] - NOT_RUN: log = new com.kms.katalon.core.logging.KeywordLogger()

2019-05-15 16:33:37 - [TEST_STEP][NOT_RUN] - log.logInfo(“Dipak”): NOT_RUN: log.logInfo(“Dipak”)

2019-05-15 16:33:37 - [MESSAGE][NOT_RUN] - NOT_RUN: log.logInfo(“Dipak”)]]></system-out>
         <system-err><![CDATA[]]></system-err>
      </testcase>
      <testcase name="Test Cases/TC04-AccountMatching-MGA" classname="Test Cases/TC04-AccountMatching-MGA" status="PASSED">
         <system-out><![CDATA[2019-05-15 16:33:37 - [TEST_CASE][PASSED] - Test Cases/TC04-AccountMatching-MGA: Test Cases/TC04-AccountMatching-MGA

2019-05-15 16:33:38 - [TEST_STEP][PASSED] - log = new com.kms.katalon.core.logging.KeywordLogger(): null

2019-05-15 16:33:38 - [TEST_STEP][PASSED] - delay(3): Delayed 3 second(s)

2019-05-15 16:33:41 - [MESSAGE][PASSED] - Delayed 3 second(s)

2019-05-15 16:33:41 - [TEST_STEP][PASSED] - scrollToElement(findTestObject("TC04-AccountMatching-MGA/AccountManagement"), 5): Scroll to object 'Object Repository/TC04-AccountMatching-MGA/AccountManagement' successfully

2019-05-15 16:33:41 - [MESSAGE][PASSED] - Scroll to object 'Object Repository/TC04-AccountMatching-MGA/AccountManagement' successfully

2019-05-15 16:33:41 - [TEST_STEP][PASSED] - click(findTestObject("TC04-AccountMatching-MGA/AccountManagement")): Object: 'Object Repository/TC04-AccountMatching-MGA/AccountManagement' is clicked on

2019-05-15 16:33:41 - [MESSAGE][PASSED] - Object: 'Object Repository/TC04-AccountMatching-MGA/AccountManagement' is clicked on

2019-05-15 16:33:41 - [TEST_STEP][NOT_RUN] - delay(5): NOT_RUN: delay(5)

2019-05-15 16:33:41 - [MESSAGE][NOT_RUN] - NOT_RUN: delay(5)

2019-05-15 16:33:41 - [TEST_STEP][PASSED] - waitForElementVisible(findTestObject("TC04-AccountMatching-MGA/AccountMatchingLink"), 4): Object 'Object Repository/TC04-AccountMatching-MGA/AccountMatchingLink' is visible

2019-05-15 16:33:41 - [MESSAGE][PASSED] - Object 'Object Repository/TC04-AccountMatching-MGA/AccountMatchingLink' is visible

2019-05-15 16:33:41 - [TEST_STEP][PASSED] - click(findTestObject("TC04-AccountMatching-MGA/AccountMatchingLink")): Object: 'Object Repository/TC04-AccountMatching-MGA/AccountMatchingLink' is clicked on

2019-05-15 16:33:43 - [MESSAGE][PASSED] - Object: 'Object Repository/TC04-AccountMatching-MGA/AccountMatchingLink' is clicked on

2019-05-15 16:33:43 - [TEST_STEP][PASSED] - delay(5): Delayed 5 second(s)

2019-05-15 16:33:48 - [MESSAGE][PASSED] - Delayed 5 second(s)

2019-05-15 16:33:48 - [TEST_STEP][PASSED] - selectOptionByLabel(findTestObject("TC04-AccountMatching-MGA/EntityType"), "MGA", false): All options with label 'MGA' are selected in object 'Object Repository/TC04-AccountMatching-MGA/EntityType' 

2019-05-15 16:33:48 - [MESSAGE][PASSED] - All options with label 'MGA' are selected in object 'Object Repository/TC04-AccountMatching-MGA/EntityType' 

2019-05-15 16:33:48 - [TEST_STEP][PASSED] - delay(5): Delayed 5 second(s)

2019-05-15 16:33:53 - [MESSAGE][PASSED] - Delayed 5 second(s)

2019-05-15 16:33:53 - [TEST_STEP][PASSED] - selectOptionByLabel(findTestObject("TC04-AccountMatching-MGA/Entity"), "NEW MGA", false): All options with label 'NEW MGA' are selected in object 'Object Repository/TC04-AccountMatching-MGA/Entity' 

2019-05-15 16:33:53 - [MESSAGE][PASSED] - All options with label 'NEW MGA' are selected in object 'Object Repository/TC04-AccountMatching-MGA/Entity' 

2019-05-15 16:33:53 - [TEST_STEP][PASSED] - waitForElementClickable(findTestObject("TC04-AccountMatching-MGA/ClickGoButton"), 5): Object 'Object Repository/TC04-AccountMatching-MGA/ClickGoButton' is clickable

2019-05-15 16:33:53 - [MESSAGE][PASSED] - Object 'Object Repository/TC04-AccountMatching-MGA/ClickGoButton' is clickable

2019-05-15 16:33:53 - [TEST_STEP][PASSED] - click(findTestObject("TC04-AccountMatching-MGA/ClickGoButton")): Object: 'Object Repository/TC04-AccountMatching-MGA/ClickGoButton' is clicked on

2019-05-15 16:33:55 - [MESSAGE][PASSED] - Object: 'Object Repository/TC04-AccountMatching-MGA/ClickGoButton' is clicked on

2019-05-15 16:33:55 - [TEST_STEP][PASSED] - waitForJQueryLoad(5): jQuery is ready.

2019-05-15 16:33:56 - [MESSAGE][PASSED] - jQuery is ready.

2019-05-15 16:33:56 - [TEST_STEP][PASSED] - selectOptionByLabel(findTestObject("TC04-AccountMatching-MGA/SelectAccount"), "ComissionOnly -- Allocated -- NEW MGA CommAccount -- USD", false): All options with label 'ComissionOnly -- Allocated -- NEW MGA CommAccount -- USD' are selected in object 'Object Repository/TC04-AccountMatching-MGA/SelectAccount' 

2019-05-15 16:33:56 - [MESSAGE][PASSED] - All options with label 'ComissionOnly -- Allocated -- NEW MGA CommAccount -- USD' are selected in object 'Object Repository/TC04-AccountMatching-MGA/SelectAccount' 

2019-05-15 16:33:56 - [TEST_STEP][PASSED] - delay(5): Delayed 5 second(s)

2019-05-15 16:34:01 - [MESSAGE][PASSED] - Delayed 5 second(s)

2019-05-15 16:34:01 - [TEST_STEP][PASSED] - setText(findTestObject("TC04-AccountMatching-MGA/Acc_Matching_PolicyNo_TextBox"), MTA_Policy_No): Text '' is set on object 'Object Repository/TC04-AccountMatching-MGA/Acc_Matching_PolicyNo_TextBox'

2019-05-15 16:34:01 - [MESSAGE][PASSED] - Text '' is set on object 'Object Repository/TC04-AccountMatching-MGA/Acc_Matching_PolicyNo_TextBox'

2019-05-15 16:34:01 - [TEST_STEP][PASSED] - sendKeys(findTestObject("TC04-AccountMatching-MGA/Acc_Matching_PolicyNo_TextBox"), Keys.chord(ENTER)): Keys 'ENTER + ' sent to object: 'Object Repository/TC04-AccountMatching-MGA/Acc_Matching_PolicyNo_TextBox'

2019-05-15 16:34:01 - [MESSAGE][PASSED] - Keys 'ENTER + ' sent to object: 'Object Repository/TC04-AccountMatching-MGA/Acc_Matching_PolicyNo_TextBox'

2019-05-15 16:34:01 - [TEST_STEP][PASSED] - delay(5): Delayed 5 second(s)

2019-05-15 16:34:06 - [MESSAGE][PASSED] - Delayed 5 second(s)

2019-05-15 16:34:06 - [TEST_STEP][PASSED] - waitForElementClickable(findTestObject("TC04-AccountMatching-MGA/CheckBox"), 5): Object 'Object Repository/TC04-AccountMatching-MGA/CheckBox' is clickable

2019-05-15 16:34:06 - [MESSAGE][PASSED] - Object 'Object Repository/TC04-AccountMatching-MGA/CheckBox' is clickable

2019-05-15 16:34:06 - [TEST_STEP][PASSED] - click(findTestObject("TC04-AccountMatching-MGA/CheckBox")): Object: 'Object Repository/TC04-AccountMatching-MGA/CheckBox' is clicked on

2019-05-15 16:34:06 - [MESSAGE][PASSED] - Object: 'Object Repository/TC04-AccountMatching-MGA/CheckBox' is clicked on

2019-05-15 16:34:06 - [TEST_STEP][PASSED] - delay(4): Delayed 4 second(s)

2019-05-15 16:34:10 - [MESSAGE][PASSED] - Delayed 4 second(s)

2019-05-15 16:34:10 - [TEST_STEP][PASSED] - MGA_Comission_Amount = getText(findTestObject("TC04-AccountMatching-MGA/MGA_Amount")): Text of object 'Object Repository/TC04-AccountMatching-MGA/MGA_Amount' is: 'USD 436.50'

2019-05-15 16:34:11 - [MESSAGE][PASSED] - Text of object 'Object Repository/TC04-AccountMatching-MGA/MGA_Amount' is: 'USD 436.50'

2019-05-15 16:34:11 - [TEST_STEP][PASSED] - MGA_Comm_Amt = subString.FatchSubstringValue.SubString(MGA_Comission_Amount): subString.FatchSubstringValue.SubString is PASSED

2019-05-15 16:34:11 - [MESSAGE][PASSED] - subString.FatchSubstringValue.SubString is PASSED

2019-05-15 16:34:11 - [TEST_STEP][PASSED] - delay(4): Delayed 4 second(s)

2019-05-15 16:34:15 - [MESSAGE][PASSED] - Delayed 4 second(s)

2019-05-15 16:34:15 - [TEST_STEP][NOT_RUN] - scrollToElement(findTestObject("TC04-AccountMatching-MGA/PayFullClick"), 5): NOT_RUN: scrollToElement(findTestObject("TC04-AccountMatching-MGA/PayFullClick"), 5)

2019-05-15 16:34:15 - [MESSAGE][NOT_RUN] - NOT_RUN: scrollToElement(findTestObject("TC04-AccountMatching-MGA/PayFullClick"), 5)

2019-05-15 16:34:15 - [TEST_STEP][PASSED] - click(findTestObject("TC04-AccountMatching-MGA/PayFullClick")): Object: 'Object Repository/TC04-AccountMatching-MGA/PayFullClick' is clicked on

2019-05-15 16:34:15 - [MESSAGE][PASSED] - Object: 'Object Repository/TC04-AccountMatching-MGA/PayFullClick' is clicked on

2019-05-15 16:34:15 - [TEST_STEP][NOT_RUN] - setText(findTestObject("TC04-AccountMatching-MGA/PAYFULL"), MGA_Comission_Amount): NOT_RUN: setText(findTestObject("TC04-AccountMatching-MGA/PAYFULL"), MGA_Comission_Amount)

2019-05-15 16:34:15 - [MESSAGE][NOT_RUN] - NOT_RUN: setText(findTestObject("TC04-AccountMatching-MGA/PAYFULL"), MGA_Comission_Amount)

2019-05-15 16:34:15 - [TEST_STEP][PASSED] - click(findTestObject("TC04-AccountMatching-MGA/MatchAmount")): Object: 'Object Repository/TC04-AccountMatching-MGA/MatchAmount' is clicked on

2019-05-15 16:34:15 - [MESSAGE][PASSED] - Object: 'Object Repository/TC04-AccountMatching-MGA/MatchAmount' is clicked on

2019-05-15 16:34:15 - [TEST_STEP][PASSED] - delay(5): Delayed 5 second(s)

2019-05-15 16:34:20 - [MESSAGE][PASSED] - Delayed 5 second(s)

2019-05-15 16:34:20 - [TEST_STEP][PASSED] - com.excel.helper.ExcelHelper.updateTheExcel("Data Files/TestData/Comission.xlsx", "MGA", MGA_Comm_Amt): com.excel.helper.ExcelHelper.updateTheExcel is PASSED

2019-05-15 16:34:21 - [MESSAGE][PASSED] - com.excel.helper.ExcelHelper.updateTheExcel is PASSED

2019-05-15 16:34:21 - [TEST_STEP][PASSED] - log.logInfo(MGA_Comission_Amount): USD 436.50

2019-05-15 16:34:21 - [MESSAGE][INFO] - USD 436.50]]></system-out>
         <system-err><![CDATA[]]></system-err>
      </testcase>
      <testcase name="Test Cases/TC04-AccountMatching-MGA" classname="Test Cases/TC04-AccountMatching-MGA" status="PASSED">
         <system-out><![CDATA[2019-05-15 16:34:21 - [TEST_CASE][PASSED] - Test Cases/TC04-AccountMatching-MGA: Test Cases/TC04-AccountMatching-MGA

2019-05-15 16:34:21 - [TEST_STEP][PASSED] - log = new com.kms.katalon.core.logging.KeywordLogger(): null

2019-05-15 16:34:21 - [TEST_STEP][PASSED] - delay(3): Delayed 3 second(s)

2019-05-15 16:34:24 - [MESSAGE][PASSED] - Delayed 3 second(s)

2019-05-15 16:34:24 - [TEST_STEP][PASSED] - scrollToElement(findTestObject("TC04-AccountMatching-MGA/AccountManagement"), 5): Scroll to object 'Object Repository/TC04-AccountMatching-MGA/AccountManagement' successfully

2019-05-15 16:34:24 - [MESSAGE][PASSED] - Scroll to object 'Object Repository/TC04-AccountMatching-MGA/AccountManagement' successfully

2019-05-15 16:34:24 - [TEST_STEP][PASSED] - click(findTestObject("TC04-AccountMatching-MGA/AccountManagement")): Object: 'Object Repository/TC04-AccountMatching-MGA/AccountManagement' is clicked on

2019-05-15 16:34:24 - [MESSAGE][PASSED] - Object: 'Object Repository/TC04-AccountMatching-MGA/AccountManagement' is clicked on

2019-05-15 16:34:24 - [TEST_STEP][NOT_RUN] - delay(5): NOT_RUN: delay(5)

2019-05-15 16:34:24 - [MESSAGE][NOT_RUN] - NOT_RUN: delay(5)

2019-05-15 16:34:24 - [TEST_STEP][PASSED] - waitForElementVisible(findTestObject("TC04-AccountMatching-MGA/AccountMatchingLink"), 4): Object 'Object Repository/TC04-AccountMatching-MGA/AccountMatchingLink' is visible

2019-05-15 16:34:24 - [MESSAGE][PASSED] - Object 'Object Repository/TC04-AccountMatching-MGA/AccountMatchingLink' is visible

2019-05-15 16:34:24 - [TEST_STEP][PASSED] - click(findTestObject("TC04-AccountMatching-MGA/AccountMatchingLink")): Object: 'Object Repository/TC04-AccountMatching-MGA/AccountMatchingLink' is clicked on

2019-05-15 16:34:25 - [MESSAGE][PASSED] - Object: 'Object Repository/TC04-AccountMatching-MGA/AccountMatchingLink' is clicked on

2019-05-15 16:34:25 - [TEST_STEP][PASSED] - delay(5): Delayed 5 second(s)

2019-05-15 16:34:30 - [MESSAGE][PASSED] - Delayed 5 second(s)

2019-05-15 16:34:30 - [TEST_STEP][PASSED] - selectOptionByLabel(findTestObject("TC04-AccountMatching-MGA/EntityType"), "MGA", false): All options with label 'MGA' are selected in object 'Object Repository/TC04-AccountMatching-MGA/EntityType' 

2019-05-15 16:34:30 - [MESSAGE][PASSED] - All options with label 'MGA' are selected in object 'Object Repository/TC04-AccountMatching-MGA/EntityType' 

2019-05-15 16:34:30 - [TEST_STEP][PASSED] - delay(5): Delayed 5 second(s)

2019-05-15 16:34:35 - [MESSAGE][PASSED] - Delayed 5 second(s)

2019-05-15 16:34:35 - [TEST_STEP][PASSED] - selectOptionByLabel(findTestObject("TC04-AccountMatching-MGA/Entity"), "NEW MGA", false): All options with label 'NEW MGA' are selected in object 'Object Repository/TC04-AccountMatching-MGA/Entity' 

2019-05-15 16:34:36 - [MESSAGE][PASSED] - All options with label 'NEW MGA' are selected in object 'Object Repository/TC04-AccountMatching-MGA/Entity' 

2019-05-15 16:34:36 - [TEST_STEP][PASSED] - waitForElementClickable(findTestObject("TC04-AccountMatching-MGA/ClickGoButton"), 5): Object 'Object Repository/TC04-AccountMatching-MGA/ClickGoButton' is clickable

2019-05-15 16:34:36 - [MESSAGE][PASSED] - Object 'Object Repository/TC04-AccountMatching-MGA/ClickGoButton' is clickable

2019-05-15 16:34:36 - [TEST_STEP][PASSED] - click(findTestObject("TC04-AccountMatching-MGA/ClickGoButton")): Object: 'Object Repository/TC04-AccountMatching-MGA/ClickGoButton' is clicked on

2019-05-15 16:34:37 - [MESSAGE][PASSED] - Object: 'Object Repository/TC04-AccountMatching-MGA/ClickGoButton' is clicked on

2019-05-15 16:34:37 - [TEST_STEP][PASSED] - waitForJQueryLoad(5): jQuery is ready.

2019-05-15 16:34:38 - [MESSAGE][PASSED] - jQuery is ready.

2019-05-15 16:34:38 - [TEST_STEP][PASSED] - selectOptionByLabel(findTestObject("TC04-AccountMatching-MGA/SelectAccount"), "ComissionOnly -- Allocated -- NEW MGA CommAccount -- USD", false): All options with label 'ComissionOnly -- Allocated -- NEW MGA CommAccount -- USD' are selected in object 'Object Repository/TC04-AccountMatching-MGA/SelectAccount' 

2019-05-15 16:34:38 - [MESSAGE][PASSED] - All options with label 'ComissionOnly -- Allocated -- NEW MGA CommAccount -- USD' are selected in object 'Object Repository/TC04-AccountMatching-MGA/SelectAccount' 

2019-05-15 16:34:38 - [TEST_STEP][PASSED] - delay(5): Delayed 5 second(s)

2019-05-15 16:34:43 - [MESSAGE][PASSED] - Delayed 5 second(s)

2019-05-15 16:34:43 - [TEST_STEP][PASSED] - setText(findTestObject("TC04-AccountMatching-MGA/Acc_Matching_PolicyNo_TextBox"), MTA_Policy_No): Text 'DASD/POLICY/003151' is set on object 'Object Repository/TC04-AccountMatching-MGA/Acc_Matching_PolicyNo_TextBox'

2019-05-15 16:34:43 - [MESSAGE][PASSED] - Text 'DASD/POLICY/003151' is set on object 'Object Repository/TC04-AccountMatching-MGA/Acc_Matching_PolicyNo_TextBox'

2019-05-15 16:34:43 - [TEST_STEP][PASSED] - sendKeys(findTestObject("TC04-AccountMatching-MGA/Acc_Matching_PolicyNo_TextBox"), Keys.chord(ENTER)): Keys 'ENTER + ' sent to object: 'Object Repository/TC04-AccountMatching-MGA/Acc_Matching_PolicyNo_TextBox'

2019-05-15 16:34:43 - [MESSAGE][PASSED] - Keys 'ENTER + ' sent to object: 'Object Repository/TC04-AccountMatching-MGA/Acc_Matching_PolicyNo_TextBox'

2019-05-15 16:34:43 - [TEST_STEP][PASSED] - delay(5): Delayed 5 second(s)

2019-05-15 16:34:48 - [MESSAGE][PASSED] - Delayed 5 second(s)

2019-05-15 16:34:48 - [TEST_STEP][PASSED] - waitForElementClickable(findTestObject("TC04-AccountMatching-MGA/CheckBox"), 5): Object 'Object Repository/TC04-AccountMatching-MGA/CheckBox' is clickable

2019-05-15 16:34:48 - [MESSAGE][PASSED] - Object 'Object Repository/TC04-AccountMatching-MGA/CheckBox' is clickable

2019-05-15 16:34:48 - [TEST_STEP][PASSED] - click(findTestObject("TC04-AccountMatching-MGA/CheckBox")): Object: 'Object Repository/TC04-AccountMatching-MGA/CheckBox' is clicked on

2019-05-15 16:34:48 - [MESSAGE][PASSED] - Object: 'Object Repository/TC04-AccountMatching-MGA/CheckBox' is clicked on

2019-05-15 16:34:48 - [TEST_STEP][PASSED] - delay(4): Delayed 4 second(s)

2019-05-15 16:34:52 - [MESSAGE][PASSED] - Delayed 4 second(s)

2019-05-15 16:34:52 - [TEST_STEP][PASSED] - MGA_Comission_Amount = getText(findTestObject("TC04-AccountMatching-MGA/MGA_Amount")): Text of object 'Object Repository/TC04-AccountMatching-MGA/MGA_Amount' is: 'USD 291.00'

2019-05-15 16:34:53 - [MESSAGE][PASSED] - Text of object 'Object Repository/TC04-AccountMatching-MGA/MGA_Amount' is: 'USD 291.00'

2019-05-15 16:34:53 - [TEST_STEP][PASSED] - MGA_Comm_Amt = subString.FatchSubstringValue.SubString(MGA_Comission_Amount): subString.FatchSubstringValue.SubString is PASSED

2019-05-15 16:34:53 - [MESSAGE][PASSED] - subString.FatchSubstringValue.SubString is PASSED

2019-05-15 16:34:53 - [TEST_STEP][PASSED] - delay(4): Delayed 4 second(s)

2019-05-15 16:34:57 - [MESSAGE][PASSED] - Delayed 4 second(s)

2019-05-15 16:34:57 - [TEST_STEP][NOT_RUN] - scrollToElement(findTestObject("TC04-AccountMatching-MGA/PayFullClick"), 5): NOT_RUN: scrollToElement(findTestObject("TC04-AccountMatching-MGA/PayFullClick"), 5)

2019-05-15 16:34:57 - [MESSAGE][NOT_RUN] - NOT_RUN: scrollToElement(findTestObject("TC04-AccountMatching-MGA/PayFullClick"), 5)

2019-05-15 16:34:57 - [TEST_STEP][PASSED] - click(findTestObject("TC04-AccountMatching-MGA/PayFullClick")): Object: 'Object Repository/TC04-AccountMatching-MGA/PayFullClick' is clicked on

2019-05-15 16:34:57 - [MESSAGE][PASSED] - Object: 'Object Repository/TC04-AccountMatching-MGA/PayFullClick' is clicked on

2019-05-15 16:34:57 - [TEST_STEP][NOT_RUN] - setText(findTestObject("TC04-AccountMatching-MGA/PAYFULL"), MGA_Comission_Amount): NOT_RUN: setText(findTestObject("TC04-AccountMatching-MGA/PAYFULL"), MGA_Comission_Amount)

2019-05-15 16:34:57 - [MESSAGE][NOT_RUN] - NOT_RUN: setText(findTestObject("TC04-AccountMatching-MGA/PAYFULL"), MGA_Comission_Amount)

2019-05-15 16:34:57 - [TEST_STEP][PASSED] - click(findTestObject("TC04-AccountMatching-MGA/MatchAmount")): Object: 'Object Repository/TC04-AccountMatching-MGA/MatchAmount' is clicked on

2019-05-15 16:34:57 - [MESSAGE][PASSED] - Object: 'Object Repository/TC04-AccountMatching-MGA/MatchAmount' is clicked on

2019-05-15 16:34:57 - [TEST_STEP][PASSED] - delay(5): Delayed 5 second(s)

2019-05-15 16:35:02 - [MESSAGE][PASSED] - Delayed 5 second(s)

2019-05-15 16:35:02 - [TEST_STEP][PASSED] - com.excel.helper.ExcelHelper.updateTheExcel("Data Files/TestData/Comission.xlsx", "MGA", MGA_Comm_Amt): com.excel.helper.ExcelHelper.updateTheExcel is PASSED

2019-05-15 16:35:02 - [MESSAGE][PASSED] - com.excel.helper.ExcelHelper.updateTheExcel is PASSED

2019-05-15 16:35:02 - [TEST_STEP][PASSED] - log.logInfo(MGA_Comission_Amount): USD 291.00

2019-05-15 16:35:02 - [MESSAGE][INFO] - USD 291.00]]></system-out>
         <system-err><![CDATA[]]></system-err>
      </testcase>
      <testcase name="Test Cases/TC04-AccountMatching-MGA" classname="Test Cases/TC04-AccountMatching-MGA" status="PASSED">
         <system-out><![CDATA[2019-05-15 16:35:02 - [TEST_CASE][PASSED] - Test Cases/TC04-AccountMatching-MGA: Test Cases/TC04-AccountMatching-MGA

2019-05-15 16:35:02 - [TEST_STEP][PASSED] - log = new com.kms.katalon.core.logging.KeywordLogger(): null

2019-05-15 16:35:02 - [TEST_STEP][PASSED] - delay(3): Delayed 3 second(s)

2019-05-15 16:35:05 - [MESSAGE][PASSED] - Delayed 3 second(s)

2019-05-15 16:35:05 - [TEST_STEP][PASSED] - scrollToElement(findTestObject("TC04-AccountMatching-MGA/AccountManagement"), 5): Scroll to object 'Object Repository/TC04-AccountMatching-MGA/AccountManagement' successfully

2019-05-15 16:35:05 - [MESSAGE][PASSED] - Scroll to object 'Object Repository/TC04-AccountMatching-MGA/AccountManagement' successfully

2019-05-15 16:35:05 - [TEST_STEP][PASSED] - click(findTestObject("TC04-AccountMatching-MGA/AccountManagement")): Object: 'Object Repository/TC04-AccountMatching-MGA/AccountManagement' is clicked on

2019-05-15 16:35:05 - [MESSAGE][PASSED] - Object: 'Object Repository/TC04-AccountMatching-MGA/AccountManagement' is clicked on

2019-05-15 16:35:05 - [TEST_STEP][NOT_RUN] - delay(5): NOT_RUN: delay(5)

2019-05-15 16:35:05 - [MESSAGE][NOT_RUN] - NOT_RUN: delay(5)

2019-05-15 16:35:05 - [TEST_STEP][PASSED] - waitForElementVisible(findTestObject("TC04-AccountMatching-MGA/AccountMatchingLink"), 4): Object 'Object Repository/TC04-AccountMatching-MGA/AccountMatchingLink' is visible

2019-05-15 16:35:05 - [MESSAGE][PASSED] - Object 'Object Repository/TC04-AccountMatching-MGA/AccountMatchingLink' is visible

2019-05-15 16:35:05 - [TEST_STEP][PASSED] - click(findTestObject("TC04-AccountMatching-MGA/AccountMatchingLink")): Object: 'Object Repository/TC04-AccountMatching-MGA/AccountMatchingLink' is clicked on

2019-05-15 16:35:06 - [MESSAGE][PASSED] - Object: 'Object Repository/TC04-AccountMatching-MGA/AccountMatchingLink' is clicked on

2019-05-15 16:35:06 - [TEST_STEP][PASSED] - delay(5): Delayed 5 second(s)

2019-05-15 16:35:11 - [MESSAGE][PASSED] - Delayed 5 second(s)

2019-05-15 16:35:11 - [TEST_STEP][PASSED] - selectOptionByLabel(findTestObject("TC04-AccountMatching-MGA/EntityType"), "MGA", false): All options with label 'MGA' are selected in object 'Object Repository/TC04-AccountMatching-MGA/EntityType' 

2019-05-15 16:35:11 - [MESSAGE][PASSED] - All options with label 'MGA' are selected in object 'Object Repository/TC04-AccountMatching-MGA/EntityType' 

2019-05-15 16:35:11 - [TEST_STEP][PASSED] - delay(5): Delayed 5 second(s)

2019-05-15 16:35:16 - [MESSAGE][PASSED] - Delayed 5 second(s)

2019-05-15 16:35:16 - [TEST_STEP][PASSED] - selectOptionByLabel(findTestObject("TC04-AccountMatching-MGA/Entity"), "NEW MGA", false): All options with label 'NEW MGA' are selected in object 'Object Repository/TC04-AccountMatching-MGA/Entity' 

2019-05-15 16:35:17 - [MESSAGE][PASSED] - All options with label 'NEW MGA' are selected in object 'Object Repository/TC04-AccountMatching-MGA/Entity' 

2019-05-15 16:35:17 - [TEST_STEP][PASSED] - waitForElementClickable(findTestObject("TC04-AccountMatching-MGA/ClickGoButton"), 5): Object 'Object Repository/TC04-AccountMatching-MGA/ClickGoButton' is clickable

2019-05-15 16:35:17 - [MESSAGE][PASSED] - Object 'Object Repository/TC04-AccountMatching-MGA/ClickGoButton' is clickable

2019-05-15 16:35:17 - [TEST_STEP][PASSED] - click(findTestObject("TC04-AccountMatching-MGA/ClickGoButton")): Object: 'Object Repository/TC04-AccountMatching-MGA/ClickGoButton' is clicked on

2019-05-15 16:35:18 - [MESSAGE][PASSED] - Object: 'Object Repository/TC04-AccountMatching-MGA/ClickGoButton' is clicked on

2019-05-15 16:35:18 - [TEST_STEP][PASSED] - waitForJQueryLoad(5): jQuery is ready.

2019-05-15 16:35:19 - [MESSAGE][PASSED] - jQuery is ready.

2019-05-15 16:35:19 - [TEST_STEP][PASSED] - selectOptionByLabel(findTestObject("TC04-AccountMatching-MGA/SelectAccount"), "ComissionOnly -- Allocated -- NEW MGA CommAccount -- USD", false): All options with label 'ComissionOnly -- Allocated -- NEW MGA CommAccount -- USD' are selected in object 'Object Repository/TC04-AccountMatching-MGA/SelectAccount' 

2019-05-15 16:35:19 - [MESSAGE][PASSED] - All options with label 'ComissionOnly -- Allocated -- NEW MGA CommAccount -- USD' are selected in object 'Object Repository/TC04-AccountMatching-MGA/SelectAccount' 

2019-05-15 16:35:19 - [TEST_STEP][PASSED] - delay(5): Delayed 5 second(s)

2019-05-15 16:35:24 - [MESSAGE][PASSED] - Delayed 5 second(s)

2019-05-15 16:35:24 - [TEST_STEP][PASSED] - setText(findTestObject("TC04-AccountMatching-MGA/Acc_Matching_PolicyNo_TextBox"), MTA_Policy_No): Text 'DASD/POLICY/003153' is set on object 'Object Repository/TC04-AccountMatching-MGA/Acc_Matching_PolicyNo_TextBox'

2019-05-15 16:35:24 - [MESSAGE][PASSED] - Text 'DASD/POLICY/003153' is set on object 'Object Repository/TC04-AccountMatching-MGA/Acc_Matching_PolicyNo_TextBox'

2019-05-15 16:35:24 - [TEST_STEP][PASSED] - sendKeys(findTestObject("TC04-AccountMatching-MGA/Acc_Matching_PolicyNo_TextBox"), Keys.chord(ENTER)): Keys 'ENTER + ' sent to object: 'Object Repository/TC04-AccountMatching-MGA/Acc_Matching_PolicyNo_TextBox'

2019-05-15 16:35:24 - [MESSAGE][PASSED] - Keys 'ENTER + ' sent to object: 'Object Repository/TC04-AccountMatching-MGA/Acc_Matching_PolicyNo_TextBox'

2019-05-15 16:35:24 - [TEST_STEP][PASSED] - delay(5): Delayed 5 second(s)

2019-05-15 16:35:29 - [MESSAGE][PASSED] - Delayed 5 second(s)

2019-05-15 16:35:29 - [TEST_STEP][PASSED] - waitForElementClickable(findTestObject("TC04-AccountMatching-MGA/CheckBox"), 5): Web element with id: 'Object Repository/TC04-AccountMatching-MGA/CheckBox' located by 'By.xpath: //table//input[@class='TrChkClass']' not found

2019-05-15 16:35:34 - [MESSAGE][INFO] - Unable to find the element located by 'By.xpath: //table//input[@class='TrChkClass']'. Please recheck the objects properties to make sure the desired element is located. 

2019-05-15 16:35:34 - [MESSAGE][WARNING] - Web element with id: 'Object Repository/TC04-AccountMatching-MGA/CheckBox' located by 'By.xpath: //table//input[@class='TrChkClass']' not found

2019-05-15 16:35:34 - [TEST_STEP][PASSED] - click(findTestObject("TC04-AccountMatching-MGA/CheckBox")): Object: 'Object Repository/TC04-AccountMatching-MGA/CheckBox' is clicked on

2019-05-15 16:35:53 - [MESSAGE][PASSED] - Object: 'Object Repository/TC04-AccountMatching-MGA/CheckBox' is clicked on

2019-05-15 16:35:53 - [TEST_STEP][PASSED] - delay(4): Delayed 4 second(s)

2019-05-15 16:35:57 - [MESSAGE][PASSED] - Delayed 4 second(s)

2019-05-15 16:35:57 - [TEST_STEP][PASSED] - MGA_Comission_Amount = getText(findTestObject("TC04-AccountMatching-MGA/MGA_Amount")): Text of object 'Object Repository/TC04-AccountMatching-MGA/MGA_Amount' is: 'USD 145.50'

2019-05-15 16:35:57 - [MESSAGE][PASSED] - Text of object 'Object Repository/TC04-AccountMatching-MGA/MGA_Amount' is: 'USD 145.50'

2019-05-15 16:35:57 - [TEST_STEP][PASSED] - MGA_Comm_Amt = subString.FatchSubstringValue.SubString(MGA_Comission_Amount): subString.FatchSubstringValue.SubString is PASSED

2019-05-15 16:35:57 - [MESSAGE][PASSED] - subString.FatchSubstringValue.SubString is PASSED

2019-05-15 16:35:57 - [TEST_STEP][PASSED] - delay(4): Delayed 4 second(s)

2019-05-15 16:36:01 - [MESSAGE][PASSED] - Delayed 4 second(s)

2019-05-15 16:36:01 - [TEST_STEP][NOT_RUN] - scrollToElement(findTestObject("TC04-AccountMatching-MGA/PayFullClick"), 5): NOT_RUN: scrollToElement(findTestObject("TC04-AccountMatching-MGA/PayFullClick"), 5)

2019-05-15 16:36:01 - [MESSAGE][NOT_RUN] - NOT_RUN: scrollToElement(findTestObject("TC04-AccountMatching-MGA/PayFullClick"), 5)

2019-05-15 16:36:01 - [TEST_STEP][PASSED] - click(findTestObject("TC04-AccountMatching-MGA/PayFullClick")): Object: 'Object Repository/TC04-AccountMatching-MGA/PayFullClick' is clicked on

2019-05-15 16:36:02 - [MESSAGE][PASSED] - Object: 'Object Repository/TC04-AccountMatching-MGA/PayFullClick' is clicked on

2019-05-15 16:36:02 - [TEST_STEP][NOT_RUN] - setText(findTestObject("TC04-AccountMatching-MGA/PAYFULL"), MGA_Comission_Amount): NOT_RUN: setText(findTestObject("TC04-AccountMatching-MGA/PAYFULL"), MGA_Comission_Amount)

2019-05-15 16:36:02 - [MESSAGE][NOT_RUN] - NOT_RUN: setText(findTestObject("TC04-AccountMatching-MGA/PAYFULL"), MGA_Comission_Amount)

2019-05-15 16:36:02 - [TEST_STEP][PASSED] - click(findTestObject("TC04-AccountMatching-MGA/MatchAmount")): Object: 'Object Repository/TC04-AccountMatching-MGA/MatchAmount' is clicked on

2019-05-15 16:36:02 - [MESSAGE][PASSED] - Object: 'Object Repository/TC04-AccountMatching-MGA/MatchAmount' is clicked on

2019-05-15 16:36:02 - [TEST_STEP][PASSED] - delay(5): Delayed 5 second(s)

2019-05-15 16:36:07 - [MESSAGE][PASSED] - Delayed 5 second(s)

2019-05-15 16:36:07 - [TEST_STEP][PASSED] - com.excel.helper.ExcelHelper.updateTheExcel("Data Files/TestData/Comission.xlsx", "MGA", MGA_Comm_Amt): com.excel.helper.ExcelHelper.updateTheExcel is PASSED

2019-05-15 16:36:07 - [MESSAGE][PASSED] - com.excel.helper.ExcelHelper.updateTheExcel is PASSED

2019-05-15 16:36:07 - [TEST_STEP][PASSED] - log.logInfo(MGA_Comission_Amount): USD 145.50

2019-05-15 16:36:07 - [MESSAGE][INFO] - USD 145.50]]></system-out>
         <system-err><![CDATA[]]></system-err>
      </testcase>
      <testcase name="Test Cases/TC07-AccountMatching-Broker" classname="Test Cases/TC07-AccountMatching-Broker" status="PASSED">
         <system-out><![CDATA[2019-05-15 16:36:07 - [TEST_CASE][PASSED] - Test Cases/TC07-AccountMatching-Broker: Test Cases/TC07-AccountMatching-Broker

2019-05-15 16:36:07 - [TEST_STEP][PASSED] - log = new com.kms.katalon.core.logging.KeywordLogger(): null

2019-05-15 16:36:07 - [TEST_STEP][PASSED] - delay(3): Delayed 3 second(s)

2019-05-15 16:36:10 - [MESSAGE][PASSED] - Delayed 3 second(s)

2019-05-15 16:36:10 - [TEST_STEP][PASSED] - scrollToElement(findTestObject("TC04-AccountMatching-MGA/AccountManagement"), 5): Scroll to object 'Object Repository/TC04-AccountMatching-MGA/AccountManagement' successfully

2019-05-15 16:36:10 - [MESSAGE][PASSED] - Scroll to object 'Object Repository/TC04-AccountMatching-MGA/AccountManagement' successfully

2019-05-15 16:36:10 - [TEST_STEP][PASSED] - click(findTestObject("TC04-AccountMatching-MGA/AccountManagement")): Object: 'Object Repository/TC04-AccountMatching-MGA/AccountManagement' is clicked on

2019-05-15 16:36:10 - [MESSAGE][PASSED] - Object: 'Object Repository/TC04-AccountMatching-MGA/AccountManagement' is clicked on

2019-05-15 16:36:10 - [TEST_STEP][NOT_RUN] - delay(5): NOT_RUN: delay(5)

2019-05-15 16:36:10 - [MESSAGE][NOT_RUN] - NOT_RUN: delay(5)

2019-05-15 16:36:10 - [TEST_STEP][PASSED] - waitForElementVisible(findTestObject("TC04-AccountMatching-MGA/AccountMatchingLink"), 4): Object 'Object Repository/TC04-AccountMatching-MGA/AccountMatchingLink' is visible

2019-05-15 16:36:10 - [MESSAGE][PASSED] - Object 'Object Repository/TC04-AccountMatching-MGA/AccountMatchingLink' is visible

2019-05-15 16:36:10 - [TEST_STEP][PASSED] - click(findTestObject("TC04-AccountMatching-MGA/AccountMatchingLink")): Object: 'Object Repository/TC04-AccountMatching-MGA/AccountMatchingLink' is clicked on

2019-05-15 16:36:12 - [MESSAGE][PASSED] - Object: 'Object Repository/TC04-AccountMatching-MGA/AccountMatchingLink' is clicked on

2019-05-15 16:36:12 - [TEST_STEP][PASSED] - delay(5): Delayed 5 second(s)

2019-05-15 16:36:17 - [MESSAGE][PASSED] - Delayed 5 second(s)

2019-05-15 16:36:17 - [TEST_STEP][PASSED] - delay(5): Delayed 5 second(s)

2019-05-15 16:36:22 - [MESSAGE][PASSED] - Delayed 5 second(s)

2019-05-15 16:36:22 - [TEST_STEP][PASSED] - selectOptionByLabel(findTestObject("TC04-AccountMatching-MGA/EntityType"), "Broker", false): All options with label 'Broker' are selected in object 'Object Repository/TC04-AccountMatching-MGA/EntityType' 

2019-05-15 16:36:22 - [MESSAGE][PASSED] - All options with label 'Broker' are selected in object 'Object Repository/TC04-AccountMatching-MGA/EntityType' 

2019-05-15 16:36:22 - [TEST_STEP][PASSED] - delay(5): Delayed 5 second(s)

2019-05-15 16:36:27 - [MESSAGE][PASSED] - Delayed 5 second(s)

2019-05-15 16:36:27 - [TEST_STEP][PASSED] - selectOptionByLabel(findTestObject("TC04-AccountMatching-MGA/Entity"), "New Broker", false): All options with label 'New Broker' are selected in object 'Object Repository/TC04-AccountMatching-MGA/Entity' 

2019-05-15 16:36:27 - [MESSAGE][PASSED] - All options with label 'New Broker' are selected in object 'Object Repository/TC04-AccountMatching-MGA/Entity' 

2019-05-15 16:36:27 - [TEST_STEP][PASSED] - waitForElementClickable(findTestObject("TC04-AccountMatching-MGA/ClickGoButton"), 5): Object 'Object Repository/TC04-AccountMatching-MGA/ClickGoButton' is clickable

2019-05-15 16:36:27 - [MESSAGE][PASSED] - Object 'Object Repository/TC04-AccountMatching-MGA/ClickGoButton' is clickable

2019-05-15 16:36:27 - [TEST_STEP][PASSED] - click(findTestObject("TC04-AccountMatching-MGA/ClickGoButton")): Object: 'Object Repository/TC04-AccountMatching-MGA/ClickGoButton' is clicked on

2019-05-15 16:36:28 - [MESSAGE][PASSED] - Object: 'Object Repository/TC04-AccountMatching-MGA/ClickGoButton' is clicked on

2019-05-15 16:36:28 - [TEST_STEP][PASSED] - waitForJQueryLoad(5): jQuery is ready.

2019-05-15 16:36:30 - [MESSAGE][PASSED] - jQuery is ready.

2019-05-15 16:36:30 - [TEST_STEP][PASSED] - selectOptionByLabel(findTestObject("TC04-AccountMatching-MGA/SelectAccount"), "COMMSION ACCOUNT -- Allocated -- DEFAULT-300013-USD -- USD", false): All options with label 'COMMSION ACCOUNT -- Allocated -- DEFAULT-300013-USD -- USD' are selected in object 'Object Repository/TC04-AccountMatching-MGA/SelectAccount' 

2019-05-15 16:36:30 - [MESSAGE][PASSED] - All options with label 'COMMSION ACCOUNT -- Allocated -- DEFAULT-300013-USD -- USD' are selected in object 'Object Repository/TC04-AccountMatching-MGA/SelectAccount' 

2019-05-15 16:36:30 - [TEST_STEP][PASSED] - delay(5): Delayed 5 second(s)

2019-05-15 16:36:35 - [MESSAGE][PASSED] - Delayed 5 second(s)

2019-05-15 16:36:35 - [TEST_STEP][PASSED] - setText(findTestObject("TC04-AccountMatching-MGA/Acc_Matching_PolicyNo_TextBox"), MTA_Policy_No): Text '' is set on object 'Object Repository/TC04-AccountMatching-MGA/Acc_Matching_PolicyNo_TextBox'

2019-05-15 16:36:35 - [MESSAGE][PASSED] - Text '' is set on object 'Object Repository/TC04-AccountMatching-MGA/Acc_Matching_PolicyNo_TextBox'

2019-05-15 16:36:35 - [TEST_STEP][PASSED] - delay(4): Delayed 4 second(s)

2019-05-15 16:36:39 - [MESSAGE][PASSED] - Delayed 4 second(s)

2019-05-15 16:36:39 - [TEST_STEP][PASSED] - sendKeys(findTestObject("TC04-AccountMatching-MGA/Acc_Matching_PolicyNo_TextBox"), Keys.chord(ENTER)): Keys 'ENTER + ' sent to object: 'Object Repository/TC04-AccountMatching-MGA/Acc_Matching_PolicyNo_TextBox'

2019-05-15 16:36:39 - [MESSAGE][PASSED] - Keys 'ENTER + ' sent to object: 'Object Repository/TC04-AccountMatching-MGA/Acc_Matching_PolicyNo_TextBox'

2019-05-15 16:36:39 - [TEST_STEP][PASSED] - delay(4): Delayed 4 second(s)

2019-05-15 16:36:43 - [MESSAGE][PASSED] - Delayed 4 second(s)

2019-05-15 16:36:43 - [TEST_STEP][PASSED] - waitForElementClickable(findTestObject("TC04-AccountMatching-MGA/CheckBox"), 5): Object 'Object Repository/TC04-AccountMatching-MGA/CheckBox' is clickable

2019-05-15 16:36:43 - [MESSAGE][PASSED] - Object 'Object Repository/TC04-AccountMatching-MGA/CheckBox' is clickable

2019-05-15 16:36:43 - [TEST_STEP][PASSED] - click(findTestObject("TC04-AccountMatching-MGA/CheckBox")): Object: 'Object Repository/TC04-AccountMatching-MGA/CheckBox' is clicked on

2019-05-15 16:36:43 - [MESSAGE][PASSED] - Object: 'Object Repository/TC04-AccountMatching-MGA/CheckBox' is clicked on

2019-05-15 16:36:43 - [TEST_STEP][PASSED] - delay(4): Delayed 4 second(s)

2019-05-15 16:36:47 - [MESSAGE][PASSED] - Delayed 4 second(s)

2019-05-15 16:36:47 - [TEST_STEP][PASSED] - BROKER_Comission_Amount = getText(findTestObject("TC04-AccountMatching-MGA/MGA_Amount")): Text of object 'Object Repository/TC04-AccountMatching-MGA/MGA_Amount' is: 'USD 270.00'

2019-05-15 16:36:47 - [MESSAGE][PASSED] - Text of object 'Object Repository/TC04-AccountMatching-MGA/MGA_Amount' is: 'USD 270.00'

2019-05-15 16:36:47 - [TEST_STEP][PASSED] - Broker_Comm_Amt = subString.FatchSubstringValue.SubString(BROKER_Comission_Amount): subString.FatchSubstringValue.SubString is PASSED

2019-05-15 16:36:47 - [MESSAGE][PASSED] - subString.FatchSubstringValue.SubString is PASSED

2019-05-15 16:36:47 - [TEST_STEP][NOT_RUN] - scrollToElement(findTestObject("TC04-AccountMatching-MGA/PAYFULL"), 5): NOT_RUN: scrollToElement(findTestObject("TC04-AccountMatching-MGA/PAYFULL"), 5)

2019-05-15 16:36:47 - [MESSAGE][NOT_RUN] - NOT_RUN: scrollToElement(findTestObject("TC04-AccountMatching-MGA/PAYFULL"), 5)

2019-05-15 16:36:47 - [TEST_STEP][NOT_RUN] - setText(findTestObject("TC04-AccountMatching-MGA/PAYFULL"), MGA_Comission_Amount): NOT_RUN: setText(findTestObject("TC04-AccountMatching-MGA/PAYFULL"), MGA_Comission_Amount)

2019-05-15 16:36:47 - [MESSAGE][NOT_RUN] - NOT_RUN: setText(findTestObject("TC04-AccountMatching-MGA/PAYFULL"), MGA_Comission_Amount)

2019-05-15 16:36:47 - [TEST_STEP][PASSED] - click(findTestObject("TC04-AccountMatching-MGA/PayFullClick")): Object: 'Object Repository/TC04-AccountMatching-MGA/PayFullClick' is clicked on

2019-05-15 16:36:47 - [MESSAGE][PASSED] - Object: 'Object Repository/TC04-AccountMatching-MGA/PayFullClick' is clicked on

2019-05-15 16:36:47 - [TEST_STEP][PASSED] - delay(4): Delayed 4 second(s)

2019-05-15 16:36:51 - [MESSAGE][PASSED] - Delayed 4 second(s)

2019-05-15 16:36:51 - [TEST_STEP][PASSED] - click(findTestObject("TC04-AccountMatching-MGA/MatchAmount")): Object: 'Object Repository/TC04-AccountMatching-MGA/MatchAmount' is clicked on

2019-05-15 16:36:51 - [MESSAGE][PASSED] - Object: 'Object Repository/TC04-AccountMatching-MGA/MatchAmount' is clicked on

2019-05-15 16:36:51 - [TEST_STEP][PASSED] - delay(5): Delayed 5 second(s)

2019-05-15 16:36:56 - [MESSAGE][PASSED] - Delayed 5 second(s)

2019-05-15 16:36:56 - [TEST_STEP][PASSED] - com.excel.helper.ExcelHelper.updateTheExcel("Data Files/TestData/Comission.xlsx", "Broker", Broker_Comm_Amt): com.excel.helper.ExcelHelper.updateTheExcel is PASSED

2019-05-15 16:36:56 - [MESSAGE][PASSED] - com.excel.helper.ExcelHelper.updateTheExcel is PASSED

2019-05-15 16:36:56 - [TEST_STEP][PASSED] - log.logInfo(Broker_Comm_Amt): 270.00

2019-05-15 16:36:56 - [MESSAGE][INFO] - 270.00]]></system-out>
         <system-err><![CDATA[]]></system-err>
      </testcase>
      <testcase name="Test Cases/TC07-AccountMatching-Broker" classname="Test Cases/TC07-AccountMatching-Broker" status="PASSED">
         <system-out><![CDATA[2019-05-15 16:36:56 - [TEST_CASE][PASSED] - Test Cases/TC07-AccountMatching-Broker: Test Cases/TC07-AccountMatching-Broker

2019-05-15 16:36:56 - [TEST_STEP][PASSED] - log = new com.kms.katalon.core.logging.KeywordLogger(): null

2019-05-15 16:36:56 - [TEST_STEP][PASSED] - delay(3): Delayed 3 second(s)

2019-05-15 16:36:59 - [MESSAGE][PASSED] - Delayed 3 second(s)

2019-05-15 16:36:59 - [TEST_STEP][PASSED] - scrollToElement(findTestObject("TC04-AccountMatching-MGA/AccountManagement"), 5): Scroll to object 'Object Repository/TC04-AccountMatching-MGA/AccountManagement' successfully

2019-05-15 16:36:59 - [MESSAGE][PASSED] - Scroll to object 'Object Repository/TC04-AccountMatching-MGA/AccountManagement' successfully

2019-05-15 16:36:59 - [TEST_STEP][PASSED] - click(findTestObject("TC04-AccountMatching-MGA/AccountManagement")): Object: 'Object Repository/TC04-AccountMatching-MGA/AccountManagement' is clicked on

2019-05-15 16:37:00 - [MESSAGE][PASSED] - Object: 'Object Repository/TC04-AccountMatching-MGA/AccountManagement' is clicked on

2019-05-15 16:37:00 - [TEST_STEP][NOT_RUN] - delay(5): NOT_RUN: delay(5)

2019-05-15 16:37:00 - [MESSAGE][NOT_RUN] - NOT_RUN: delay(5)

2019-05-15 16:37:00 - [TEST_STEP][PASSED] - waitForElementVisible(findTestObject("TC04-AccountMatching-MGA/AccountMatchingLink"), 4): Object 'Object Repository/TC04-AccountMatching-MGA/AccountMatchingLink' is visible

2019-05-15 16:37:00 - [MESSAGE][PASSED] - Object 'Object Repository/TC04-AccountMatching-MGA/AccountMatchingLink' is visible

2019-05-15 16:37:00 - [TEST_STEP][PASSED] - click(findTestObject("TC04-AccountMatching-MGA/AccountMatchingLink")): Object: 'Object Repository/TC04-AccountMatching-MGA/AccountMatchingLink' is clicked on

2019-05-15 16:37:01 - [MESSAGE][PASSED] - Object: 'Object Repository/TC04-AccountMatching-MGA/AccountMatchingLink' is clicked on

2019-05-15 16:37:01 - [TEST_STEP][PASSED] - delay(5): Delayed 5 second(s)

2019-05-15 16:37:06 - [MESSAGE][PASSED] - Delayed 5 second(s)

2019-05-15 16:37:06 - [TEST_STEP][PASSED] - delay(5): Delayed 5 second(s)

2019-05-15 16:37:11 - [MESSAGE][PASSED] - Delayed 5 second(s)

2019-05-15 16:37:11 - [TEST_STEP][PASSED] - selectOptionByLabel(findTestObject("TC04-AccountMatching-MGA/EntityType"), "Broker", false): All options with label 'Broker' are selected in object 'Object Repository/TC04-AccountMatching-MGA/EntityType' 

2019-05-15 16:37:12 - [MESSAGE][PASSED] - All options with label 'Broker' are selected in object 'Object Repository/TC04-AccountMatching-MGA/EntityType' 

2019-05-15 16:37:12 - [TEST_STEP][PASSED] - delay(5): Delayed 5 second(s)

2019-05-15 16:37:17 - [MESSAGE][PASSED] - Delayed 5 second(s)

2019-05-15 16:37:17 - [TEST_STEP][PASSED] - selectOptionByLabel(findTestObject("TC04-AccountMatching-MGA/Entity"), "New Broker", false): All options with label 'New Broker' are selected in object 'Object Repository/TC04-AccountMatching-MGA/Entity' 

2019-05-15 16:37:17 - [MESSAGE][PASSED] - All options with label 'New Broker' are selected in object 'Object Repository/TC04-AccountMatching-MGA/Entity' 

2019-05-15 16:37:17 - [TEST_STEP][PASSED] - waitForElementClickable(findTestObject("TC04-AccountMatching-MGA/ClickGoButton"), 5): Object 'Object Repository/TC04-AccountMatching-MGA/ClickGoButton' is clickable

2019-05-15 16:37:17 - [MESSAGE][PASSED] - Object 'Object Repository/TC04-AccountMatching-MGA/ClickGoButton' is clickable

2019-05-15 16:37:17 - [TEST_STEP][PASSED] - click(findTestObject("TC04-AccountMatching-MGA/ClickGoButton")): Object: 'Object Repository/TC04-AccountMatching-MGA/ClickGoButton' is clicked on

2019-05-15 16:37:18 - [MESSAGE][PASSED] - Object: 'Object Repository/TC04-AccountMatching-MGA/ClickGoButton' is clicked on

2019-05-15 16:37:18 - [TEST_STEP][PASSED] - waitForJQueryLoad(5): jQuery is ready.

2019-05-15 16:37:20 - [MESSAGE][PASSED] - jQuery is ready.

2019-05-15 16:37:20 - [TEST_STEP][PASSED] - selectOptionByLabel(findTestObject("TC04-AccountMatching-MGA/SelectAccount"), "COMMSION ACCOUNT -- Allocated -- DEFAULT-300013-USD -- USD", false): All options with label 'COMMSION ACCOUNT -- Allocated -- DEFAULT-300013-USD -- USD' are selected in object 'Object Repository/TC04-AccountMatching-MGA/SelectAccount' 

2019-05-15 16:37:20 - [MESSAGE][PASSED] - All options with label 'COMMSION ACCOUNT -- Allocated -- DEFAULT-300013-USD -- USD' are selected in object 'Object Repository/TC04-AccountMatching-MGA/SelectAccount' 

2019-05-15 16:37:20 - [TEST_STEP][PASSED] - delay(5): Delayed 5 second(s)

2019-05-15 16:37:25 - [MESSAGE][PASSED] - Delayed 5 second(s)

2019-05-15 16:37:25 - [TEST_STEP][PASSED] - setText(findTestObject("TC04-AccountMatching-MGA/Acc_Matching_PolicyNo_TextBox"), MTA_Policy_No): Text 'DASD/POLICY/003151' is set on object 'Object Repository/TC04-AccountMatching-MGA/Acc_Matching_PolicyNo_TextBox'

2019-05-15 16:37:25 - [MESSAGE][PASSED] - Text 'DASD/POLICY/003151' is set on object 'Object Repository/TC04-AccountMatching-MGA/Acc_Matching_PolicyNo_TextBox'

2019-05-15 16:37:25 - [TEST_STEP][PASSED] - delay(4): Delayed 4 second(s)

2019-05-15 16:37:29 - [MESSAGE][PASSED] - Delayed 4 second(s)

2019-05-15 16:37:29 - [TEST_STEP][PASSED] - sendKeys(findTestObject("TC04-AccountMatching-MGA/Acc_Matching_PolicyNo_TextBox"), Keys.chord(ENTER)): Keys 'ENTER + ' sent to object: 'Object Repository/TC04-AccountMatching-MGA/Acc_Matching_PolicyNo_TextBox'

2019-05-15 16:37:29 - [MESSAGE][PASSED] - Keys 'ENTER + ' sent to object: 'Object Repository/TC04-AccountMatching-MGA/Acc_Matching_PolicyNo_TextBox'

2019-05-15 16:37:29 - [TEST_STEP][PASSED] - delay(4): Delayed 4 second(s)

2019-05-15 16:37:33 - [MESSAGE][PASSED] - Delayed 4 second(s)

2019-05-15 16:37:33 - [TEST_STEP][PASSED] - waitForElementClickable(findTestObject("TC04-AccountMatching-MGA/CheckBox"), 5): Object 'Object Repository/TC04-AccountMatching-MGA/CheckBox' is clickable

2019-05-15 16:37:33 - [MESSAGE][PASSED] - Object 'Object Repository/TC04-AccountMatching-MGA/CheckBox' is clickable

2019-05-15 16:37:33 - [TEST_STEP][PASSED] - click(findTestObject("TC04-AccountMatching-MGA/CheckBox")): Object: 'Object Repository/TC04-AccountMatching-MGA/CheckBox' is clicked on

2019-05-15 16:37:33 - [MESSAGE][PASSED] - Object: 'Object Repository/TC04-AccountMatching-MGA/CheckBox' is clicked on

2019-05-15 16:37:33 - [TEST_STEP][PASSED] - delay(4): Delayed 4 second(s)

2019-05-15 16:37:37 - [MESSAGE][PASSED] - Delayed 4 second(s)

2019-05-15 16:37:37 - [TEST_STEP][PASSED] - BROKER_Comission_Amount = getText(findTestObject("TC04-AccountMatching-MGA/MGA_Amount")): Text of object 'Object Repository/TC04-AccountMatching-MGA/MGA_Amount' is: 'USD 180.00'

2019-05-15 16:37:37 - [MESSAGE][PASSED] - Text of object 'Object Repository/TC04-AccountMatching-MGA/MGA_Amount' is: 'USD 180.00'

2019-05-15 16:37:37 - [TEST_STEP][PASSED] - Broker_Comm_Amt = subString.FatchSubstringValue.SubString(BROKER_Comission_Amount): subString.FatchSubstringValue.SubString is PASSED

2019-05-15 16:37:37 - [MESSAGE][PASSED] - subString.FatchSubstringValue.SubString is PASSED

2019-05-15 16:37:37 - [TEST_STEP][NOT_RUN] - scrollToElement(findTestObject("TC04-AccountMatching-MGA/PAYFULL"), 5): NOT_RUN: scrollToElement(findTestObject("TC04-AccountMatching-MGA/PAYFULL"), 5)

2019-05-15 16:37:37 - [MESSAGE][NOT_RUN] - NOT_RUN: scrollToElement(findTestObject("TC04-AccountMatching-MGA/PAYFULL"), 5)

2019-05-15 16:37:37 - [TEST_STEP][NOT_RUN] - setText(findTestObject("TC04-AccountMatching-MGA/PAYFULL"), MGA_Comission_Amount): NOT_RUN: setText(findTestObject("TC04-AccountMatching-MGA/PAYFULL"), MGA_Comission_Amount)

2019-05-15 16:37:37 - [MESSAGE][NOT_RUN] - NOT_RUN: setText(findTestObject("TC04-AccountMatching-MGA/PAYFULL"), MGA_Comission_Amount)

2019-05-15 16:37:37 - [TEST_STEP][PASSED] - click(findTestObject("TC04-AccountMatching-MGA/PayFullClick")): Object: 'Object Repository/TC04-AccountMatching-MGA/PayFullClick' is clicked on

2019-05-15 16:37:37 - [MESSAGE][PASSED] - Object: 'Object Repository/TC04-AccountMatching-MGA/PayFullClick' is clicked on

2019-05-15 16:37:37 - [TEST_STEP][PASSED] - delay(4): Delayed 4 second(s)

2019-05-15 16:37:41 - [MESSAGE][PASSED] - Delayed 4 second(s)

2019-05-15 16:37:41 - [TEST_STEP][PASSED] - click(findTestObject("TC04-AccountMatching-MGA/MatchAmount")): Object: 'Object Repository/TC04-AccountMatching-MGA/MatchAmount' is clicked on

2019-05-15 16:37:41 - [MESSAGE][PASSED] - Object: 'Object Repository/TC04-AccountMatching-MGA/MatchAmount' is clicked on

2019-05-15 16:37:41 - [TEST_STEP][PASSED] - delay(5): Delayed 5 second(s)

2019-05-15 16:37:46 - [MESSAGE][PASSED] - Delayed 5 second(s)

2019-05-15 16:37:46 - [TEST_STEP][PASSED] - com.excel.helper.ExcelHelper.updateTheExcel("Data Files/TestData/Comission.xlsx", "Broker", Broker_Comm_Amt): com.excel.helper.ExcelHelper.updateTheExcel is PASSED

2019-05-15 16:37:46 - [MESSAGE][PASSED] - com.excel.helper.ExcelHelper.updateTheExcel is PASSED

2019-05-15 16:37:46 - [TEST_STEP][PASSED] - log.logInfo(Broker_Comm_Amt): 180.00

2019-05-15 16:37:46 - [MESSAGE][INFO] - 180.00]]></system-out>
         <system-err><![CDATA[]]></system-err>
      </testcase>
      <testcase name="Test Cases/TC07-AccountMatching-Broker" classname="Test Cases/TC07-AccountMatching-Broker" status="FAILED">
         <failure type="FAILED" message="Test Cases/TC07-AccountMatching-Broker FAILED.
Reason:
com.kms.katalon.core.exception.StepFailedException: Unable to click on object 'Object Repository/TC04-AccountMatching-MGA/CheckBox'
	at com.kms.katalon.core.keyword.internal.KeywordMain.stepFailed(KeywordMain.groovy:37)
	at com.kms.katalon.core.webui.keyword.internal.WebUIKeywordMain.stepFailed(WebUIKeywordMain.groovy:65)
	at com.kms.katalon.core.webui.keyword.internal.WebUIKeywordMain.runKeyword(WebUIKeywordMain.groovy:27)
	at com.kms.katalon.core.webui.keyword.builtin.ClickKeyword.click(ClickKeyword.groovy:86)
	at com.kms.katalon.core.webui.keyword.builtin.ClickKeyword.execute(ClickKeyword.groovy:67)
	at com.kms.katalon.core.keyword.internal.KeywordExecutor.executeKeywordForPlatform(KeywordExecutor.groovy:56)
	at com.kms.katalon.core.webui.keyword.WebUiBuiltInKeywords.click(WebUiBuiltInKeywords.groovy:616)
	at com.kms.katalon.core.webui.keyword.WebUiBuiltInKeywords$click$3.call(Unknown Source)
	at TC07-AccountMatching-Broker.run(TC07-AccountMatching-Broker:63)
	at com.kms.katalon.core.main.ScriptEngine.run(ScriptEngine.java:194)
	at com.kms.katalon.core.main.ScriptEngine.runScriptAsRawText(ScriptEngine.java:119)
	at com.kms.katalon.core.main.TestCaseExecutor.runScript(TestCaseExecutor.java:331)
	at com.kms.katalon.core.main.TestCaseExecutor.doExecute(TestCaseExecutor.java:322)
	at com.kms.katalon.core.main.TestCaseExecutor.processExecutionPhase(TestCaseExecutor.java:301)
	at com.kms.katalon.core.main.TestCaseExecutor.accessMainPhase(TestCaseExecutor.java:293)
	at com.kms.katalon.core.main.TestCaseExecutor.execute(TestCaseExecutor.java:227)
	at com.kms.katalon.core.main.TestSuiteExecutor.accessTestCaseMainPhase(TestSuiteExecutor.java:129)
	at com.kms.katalon.core.main.TestSuiteExecutor.accessTestSuiteMainPhase(TestSuiteExecutor.java:112)
	at com.kms.katalon.core.main.TestSuiteExecutor.execute(TestSuiteExecutor.java:81)
	at com.kms.katalon.core.main.TestCaseMain.startTestSuite(TestCaseMain.java:157)
	at com.kms.katalon.core.main.TestCaseMain$startTestSuite$0.call(Unknown Source)
	at TempTestSuite1557918197360.run(TempTestSuite1557918197360.groovy:35)
"/>
         <system-out><![CDATA[2019-05-15 16:37:46 - [TEST_CASE][FAILED] - Test Cases/TC07-AccountMatching-Broker: Test Cases/TC07-AccountMatching-Broker FAILED.
Reason:
com.kms.katalon.core.exception.StepFailedException: Unable to click on object 'Object Repository/TC04-AccountMatching-MGA/CheckBox'
	at com.kms.katalon.core.keyword.internal.KeywordMain.stepFailed(KeywordMain.groovy:37)
	at com.kms.katalon.core.webui.keyword.internal.WebUIKeywordMain.stepFailed(WebUIKeywordMain.groovy:65)
	at com.kms.katalon.core.webui.keyword.internal.WebUIKeywordMain.runKeyword(WebUIKeywordMain.groovy:27)
	at com.kms.katalon.core.webui.keyword.builtin.ClickKeyword.click(ClickKeyword.groovy:86)
	at com.kms.katalon.core.webui.keyword.builtin.ClickKeyword.execute(ClickKeyword.groovy:67)
	at com.kms.katalon.core.keyword.internal.KeywordExecutor.executeKeywordForPlatform(KeywordExecutor.groovy:56)
	at com.kms.katalon.core.webui.keyword.WebUiBuiltInKeywords.click(WebUiBuiltInKeywords.groovy:616)
	at com.kms.katalon.core.webui.keyword.WebUiBuiltInKeywords$click$3.call(Unknown Source)
	at TC07-AccountMatching-Broker.run(TC07-AccountMatching-Broker:63)
	at com.kms.katalon.core.main.ScriptEngine.run(ScriptEngine.java:194)
	at com.kms.katalon.core.main.ScriptEngine.runScriptAsRawText(ScriptEngine.java:119)
	at com.kms.katalon.core.main.TestCaseExecutor.runScript(TestCaseExecutor.java:331)
	at com.kms.katalon.core.main.TestCaseExecutor.doExecute(TestCaseExecutor.java:322)
	at com.kms.katalon.core.main.TestCaseExecutor.processExecutionPhase(TestCaseExecutor.java:301)
	at com.kms.katalon.core.main.TestCaseExecutor.accessMainPhase(TestCaseExecutor.java:293)
	at com.kms.katalon.core.main.TestCaseExecutor.execute(TestCaseExecutor.java:227)
	at com.kms.katalon.core.main.TestSuiteExecutor.accessTestCaseMainPhase(TestSuiteExecutor.java:129)
	at com.kms.katalon.core.main.TestSuiteExecutor.accessTestSuiteMainPhase(TestSuiteExecutor.java:112)
	at com.kms.katalon.core.main.TestSuiteExecutor.execute(TestSuiteExecutor.java:81)
	at com.kms.katalon.core.main.TestCaseMain.startTestSuite(TestCaseMain.java:157)
	at com.kms.katalon.core.main.TestCaseMain$startTestSuite$0.call(Unknown Source)
	at TempTestSuite1557918197360.run(TempTestSuite1557918197360.groovy:35)


2019-05-15 16:37:46 - [TEST_STEP][PASSED] - log = new com.kms.katalon.core.logging.KeywordLogger(): null

2019-05-15 16:37:46 - [TEST_STEP][PASSED] - delay(3): Delayed 3 second(s)

2019-05-15 16:37:49 - [MESSAGE][PASSED] - Delayed 3 second(s)

2019-05-15 16:37:49 - [TEST_STEP][PASSED] - scrollToElement(findTestObject("TC04-AccountMatching-MGA/AccountManagement"), 5): Scroll to object 'Object Repository/TC04-AccountMatching-MGA/AccountManagement' successfully

2019-05-15 16:37:50 - [MESSAGE][PASSED] - Scroll to object 'Object Repository/TC04-AccountMatching-MGA/AccountManagement' successfully

2019-05-15 16:37:50 - [TEST_STEP][PASSED] - click(findTestObject("TC04-AccountMatching-MGA/AccountManagement")): Object: 'Object Repository/TC04-AccountMatching-MGA/AccountManagement' is clicked on

2019-05-15 16:37:50 - [MESSAGE][PASSED] - Object: 'Object Repository/TC04-AccountMatching-MGA/AccountManagement' is clicked on

2019-05-15 16:37:50 - [TEST_STEP][NOT_RUN] - delay(5): NOT_RUN: delay(5)

2019-05-15 16:37:50 - [MESSAGE][NOT_RUN] - NOT_RUN: delay(5)

2019-05-15 16:37:50 - [TEST_STEP][PASSED] - waitForElementVisible(findTestObject("TC04-AccountMatching-MGA/AccountMatchingLink"), 4): Object 'Object Repository/TC04-AccountMatching-MGA/AccountMatchingLink' is visible

2019-05-15 16:37:50 - [MESSAGE][PASSED] - Object 'Object Repository/TC04-AccountMatching-MGA/AccountMatchingLink' is visible

2019-05-15 16:37:50 - [TEST_STEP][PASSED] - click(findTestObject("TC04-AccountMatching-MGA/AccountMatchingLink")): Object: 'Object Repository/TC04-AccountMatching-MGA/AccountMatchingLink' is clicked on

2019-05-15 16:37:51 - [MESSAGE][PASSED] - Object: 'Object Repository/TC04-AccountMatching-MGA/AccountMatchingLink' is clicked on

2019-05-15 16:37:51 - [TEST_STEP][PASSED] - delay(5): Delayed 5 second(s)

2019-05-15 16:37:56 - [MESSAGE][PASSED] - Delayed 5 second(s)

2019-05-15 16:37:56 - [TEST_STEP][PASSED] - delay(5): Delayed 5 second(s)

2019-05-15 16:38:01 - [MESSAGE][PASSED] - Delayed 5 second(s)

2019-05-15 16:38:01 - [TEST_STEP][PASSED] - selectOptionByLabel(findTestObject("TC04-AccountMatching-MGA/EntityType"), "Broker", false): All options with label 'Broker' are selected in object 'Object Repository/TC04-AccountMatching-MGA/EntityType' 

2019-05-15 16:38:01 - [MESSAGE][PASSED] - All options with label 'Broker' are selected in object 'Object Repository/TC04-AccountMatching-MGA/EntityType' 

2019-05-15 16:38:01 - [TEST_STEP][PASSED] - delay(5): Delayed 5 second(s)

2019-05-15 16:38:06 - [MESSAGE][PASSED] - Delayed 5 second(s)

2019-05-15 16:38:06 - [TEST_STEP][PASSED] - selectOptionByLabel(findTestObject("TC04-AccountMatching-MGA/Entity"), "New Broker", false): All options with label 'New Broker' are selected in object 'Object Repository/TC04-AccountMatching-MGA/Entity' 

2019-05-15 16:38:07 - [MESSAGE][PASSED] - All options with label 'New Broker' are selected in object 'Object Repository/TC04-AccountMatching-MGA/Entity' 

2019-05-15 16:38:07 - [TEST_STEP][PASSED] - waitForElementClickable(findTestObject("TC04-AccountMatching-MGA/ClickGoButton"), 5): Object 'Object Repository/TC04-AccountMatching-MGA/ClickGoButton' is clickable

2019-05-15 16:38:07 - [MESSAGE][PASSED] - Object 'Object Repository/TC04-AccountMatching-MGA/ClickGoButton' is clickable

2019-05-15 16:38:07 - [TEST_STEP][PASSED] - click(findTestObject("TC04-AccountMatching-MGA/ClickGoButton")): Object: 'Object Repository/TC04-AccountMatching-MGA/ClickGoButton' is clicked on

2019-05-15 16:38:08 - [MESSAGE][PASSED] - Object: 'Object Repository/TC04-AccountMatching-MGA/ClickGoButton' is clicked on

2019-05-15 16:38:08 - [TEST_STEP][PASSED] - waitForJQueryLoad(5): jQuery is ready.

2019-05-15 16:38:09 - [MESSAGE][PASSED] - jQuery is ready.

2019-05-15 16:38:09 - [TEST_STEP][PASSED] - selectOptionByLabel(findTestObject("TC04-AccountMatching-MGA/SelectAccount"), "COMMSION ACCOUNT -- Allocated -- DEFAULT-300013-USD -- USD", false): All options with label 'COMMSION ACCOUNT -- Allocated -- DEFAULT-300013-USD -- USD' are selected in object 'Object Repository/TC04-AccountMatching-MGA/SelectAccount' 

2019-05-15 16:38:09 - [MESSAGE][PASSED] - All options with label 'COMMSION ACCOUNT -- Allocated -- DEFAULT-300013-USD -- USD' are selected in object 'Object Repository/TC04-AccountMatching-MGA/SelectAccount' 

2019-05-15 16:38:09 - [TEST_STEP][PASSED] - delay(5): Delayed 5 second(s)

2019-05-15 16:38:14 - [MESSAGE][PASSED] - Delayed 5 second(s)

2019-05-15 16:38:14 - [TEST_STEP][PASSED] - setText(findTestObject("TC04-AccountMatching-MGA/Acc_Matching_PolicyNo_TextBox"), MTA_Policy_No): Text 'DASD/POLICY/003153' is set on object 'Object Repository/TC04-AccountMatching-MGA/Acc_Matching_PolicyNo_TextBox'

2019-05-15 16:38:14 - [MESSAGE][PASSED] - Text 'DASD/POLICY/003153' is set on object 'Object Repository/TC04-AccountMatching-MGA/Acc_Matching_PolicyNo_TextBox'

2019-05-15 16:38:14 - [TEST_STEP][PASSED] - delay(4): Delayed 4 second(s)

2019-05-15 16:38:18 - [MESSAGE][PASSED] - Delayed 4 second(s)

2019-05-15 16:38:18 - [TEST_STEP][PASSED] - sendKeys(findTestObject("TC04-AccountMatching-MGA/Acc_Matching_PolicyNo_TextBox"), Keys.chord(ENTER)): Keys 'ENTER + ' sent to object: 'Object Repository/TC04-AccountMatching-MGA/Acc_Matching_PolicyNo_TextBox'

2019-05-15 16:38:18 - [MESSAGE][PASSED] - Keys 'ENTER + ' sent to object: 'Object Repository/TC04-AccountMatching-MGA/Acc_Matching_PolicyNo_TextBox'

2019-05-15 16:38:18 - [TEST_STEP][PASSED] - delay(4): Delayed 4 second(s)

2019-05-15 16:38:22 - [MESSAGE][PASSED] - Delayed 4 second(s)

2019-05-15 16:38:22 - [TEST_STEP][PASSED] - waitForElementClickable(findTestObject("TC04-AccountMatching-MGA/CheckBox"), 5): Web element with id: 'Object Repository/TC04-AccountMatching-MGA/CheckBox' located by 'By.xpath: //table//input[@class='TrChkClass']' not found

2019-05-15 16:38:28 - [MESSAGE][INFO] - Unable to find the element located by 'By.xpath: //table//input[@class='TrChkClass']'. Please recheck the objects properties to make sure the desired element is located. 

2019-05-15 16:38:28 - [MESSAGE][WARNING] - Web element with id: 'Object Repository/TC04-AccountMatching-MGA/CheckBox' located by 'By.xpath: //table//input[@class='TrChkClass']' not found

2019-05-15 16:38:28 - [TEST_STEP][FAILED] - click(findTestObject("TC04-AccountMatching-MGA/CheckBox")): Unable to click on object 'Object Repository/TC04-AccountMatching-MGA/CheckBox'

2019-05-15 16:38:59 - [MESSAGE][INFO] - Unable to find the element located by 'By.xpath: //table//input[@class='TrChkClass']'. Please recheck the objects properties to make sure the desired element is located. 

2019-05-15 16:38:59 - [MESSAGE][FAILED] - Unable to click on object 'Object Repository/TC04-AccountMatching-MGA/CheckBox'
[[ATTACHMENT|E:\\MarkitCore\\MarkitCore-Final\\MarkitCoreSystem\\MarkitCore\\Reports\\AllAccountMatching\\20190515_163317\\1557918539108.png]]

2019-05-15 16:38:59 - [TEST_STEP][PASSED] - delay(4): Delayed 4 second(s)

2019-05-15 16:39:03 - [MESSAGE][PASSED] - Delayed 4 second(s)

2019-05-15 16:39:03 - [TEST_STEP][FAILED] - BROKER_Comission_Amount = getText(findTestObject("TC04-AccountMatching-MGA/MGA_Amount")): Unable to get text of object 'Object Repository/TC04-AccountMatching-MGA/MGA_Amount'

2019-05-15 16:39:34 - [MESSAGE][INFO] - Unable to find the element located by 'By.xpath: //td[contains(text(),'Payable Amount')]//parent::tr//following-sibling::tr/td[3]'. Please recheck the objects properties to make sure the desired element is located. 

2019-05-15 16:39:34 - [MESSAGE][FAILED] - Unable to get text of object 'Object Repository/TC04-AccountMatching-MGA/MGA_Amount'
[[ATTACHMENT|E:\\MarkitCore\\MarkitCore-Final\\MarkitCoreSystem\\MarkitCore\\Reports\\AllAccountMatching\\20190515_163317\\1557918574600.png]]

2019-05-15 16:39:34 - [TEST_STEP][FAILED] - Broker_Comm_Amt = subString.FatchSubstringValue.SubString(BROKER_Comission_Amount): Broker_Comm_Amt = subString.FatchSubstringValue.SubString(BROKER_Comission_Amount) FAILED.
Reason:
com.kms.katalon.core.exception.StepFailedException: Unable to click on object 'Object Repository/TC04-AccountMatching-MGA/CheckBox'
	at com.kms.katalon.core.keyword.internal.KeywordMain.stepFailed(KeywordMain.groovy:37)
	at com.kms.katalon.core.webui.keyword.internal.WebUIKeywordMain.stepFailed(WebUIKeywordMain.groovy:65)
	at com.kms.katalon.core.webui.keyword.internal.WebUIKeywordMain.runKeyword(WebUIKeywordMain.groovy:27)
	at com.kms.katalon.core.webui.keyword.builtin.ClickKeyword.click(ClickKeyword.groovy:86)
	at com.kms.katalon.core.webui.keyword.builtin.ClickKeyword.execute(ClickKeyword.groovy:67)
	at com.kms.katalon.core.keyword.internal.KeywordExecutor.executeKeywordForPlatform(KeywordExecutor.groovy:56)
	at com.kms.katalon.core.webui.keyword.WebUiBuiltInKeywords.click(WebUiBuiltInKeywords.groovy:616)
	at com.kms.katalon.core.webui.keyword.WebUiBuiltInKeywords$click$3.call(Unknown Source)
	at TC07-AccountMatching-Broker.run(TC07-AccountMatching-Broker:63)
	at com.kms.katalon.core.main.ScriptEngine.run(ScriptEngine.java:194)
	at com.kms.katalon.core.main.ScriptEngine.runScriptAsRawText(ScriptEngine.java:119)
	at com.kms.katalon.core.main.TestCaseExecutor.runScript(TestCaseExecutor.java:331)
	at com.kms.katalon.core.main.TestCaseExecutor.doExecute(TestCaseExecutor.java:322)
	at com.kms.katalon.core.main.TestCaseExecutor.processExecutionPhase(TestCaseExecutor.java:301)
	at com.kms.katalon.core.main.TestCaseExecutor.accessMainPhase(TestCaseExecutor.java:293)
	at com.kms.katalon.core.main.TestCaseExecutor.execute(TestCaseExecutor.java:227)
	at com.kms.katalon.core.main.TestSuiteExecutor.accessTestCaseMainPhase(TestSuiteExecutor.java:129)
	at com.kms.katalon.core.main.TestSuiteExecutor.accessTestSuiteMainPhase(TestSuiteExecutor.java:112)
	at com.kms.katalon.core.main.TestSuiteExecutor.execute(TestSuiteExecutor.java:81)
	at com.kms.katalon.core.main.TestCaseMain.startTestSuite(TestCaseMain.java:157)
	at com.kms.katalon.core.main.TestCaseMain$startTestSuite$0.call(Unknown Source)
	at TempTestSuite1557918197360.run(TempTestSuite1557918197360.groovy:35)


2019-05-15 16:39:34 - [MESSAGE][ERROR] - Cannot invoke method length() on null object

2019-05-15 16:39:34 - [MESSAGE][FAILED] - Broker_Comm_Amt = subString.FatchSubstringValue.SubString(BROKER_Comission_Amount) FAILED.
Reason:
com.kms.katalon.core.exception.StepFailedException: Unable to click on object 'Object Repository/TC04-AccountMatching-MGA/CheckBox'
	at com.kms.katalon.core.keyword.internal.KeywordMain.stepFailed(KeywordMain.groovy:37)
	at com.kms.katalon.core.webui.keyword.internal.WebUIKeywordMain.stepFailed(WebUIKeywordMain.groovy:65)
	at com.kms.katalon.core.webui.keyword.internal.WebUIKeywordMain.runKeyword(WebUIKeywordMain.groovy:27)
	at com.kms.katalon.core.webui.keyword.builtin.ClickKeyword.click(ClickKeyword.groovy:86)
	at com.kms.katalon.core.webui.keyword.builtin.ClickKeyword.execute(ClickKeyword.groovy:67)
	at com.kms.katalon.core.keyword.internal.KeywordExecutor.executeKeywordForPlatform(KeywordExecutor.groovy:56)
	at com.kms.katalon.core.webui.keyword.WebUiBuiltInKeywords.click(WebUiBuiltInKeywords.groovy:616)
	at com.kms.katalon.core.webui.keyword.WebUiBuiltInKeywords$click$3.call(Unknown Source)
	at TC07-AccountMatching-Broker.run(TC07-AccountMatching-Broker:63)
	at com.kms.katalon.core.main.ScriptEngine.run(ScriptEngine.java:194)
	at com.kms.katalon.core.main.ScriptEngine.runScriptAsRawText(ScriptEngine.java:119)
	at com.kms.katalon.core.main.TestCaseExecutor.runScript(TestCaseExecutor.java:331)
	at com.kms.katalon.core.main.TestCaseExecutor.doExecute(TestCaseExecutor.java:322)
	at com.kms.katalon.core.main.TestCaseExecutor.processExecutionPhase(TestCaseExecutor.java:301)
	at com.kms.katalon.core.main.TestCaseExecutor.accessMainPhase(TestCaseExecutor.java:293)
	at com.kms.katalon.core.main.TestCaseExecutor.execute(TestCaseExecutor.java:227)
	at com.kms.katalon.core.main.TestSuiteExecutor.accessTestCaseMainPhase(TestSuiteExecutor.java:129)
	at com.kms.katalon.core.main.TestSuiteExecutor.accessTestSuiteMainPhase(TestSuiteExecutor.java:112)
	at com.kms.katalon.core.main.TestSuiteExecutor.execute(TestSuiteExecutor.java:81)
	at com.kms.katalon.core.main.TestCaseMain.startTestSuite(TestCaseMain.java:157)
	at com.kms.katalon.core.main.TestCaseMain$startTestSuite$0.call(Unknown Source)
	at TempTestSuite1557918197360.run(TempTestSuite1557918197360.groovy:35)]]></system-out>
         <system-err><![CDATA[2019-05-15 16:37:46 - [TEST_CASE][FAILED] - Test Cases/TC07-AccountMatching-Broker: Test Cases/TC07-AccountMatching-Broker FAILED.
Reason:
com.kms.katalon.core.exception.StepFailedException: Unable to click on object 'Object Repository/TC04-AccountMatching-MGA/CheckBox'
	at com.kms.katalon.core.keyword.internal.KeywordMain.stepFailed(KeywordMain.groovy:37)
	at com.kms.katalon.core.webui.keyword.internal.WebUIKeywordMain.stepFailed(WebUIKeywordMain.groovy:65)
	at com.kms.katalon.core.webui.keyword.internal.WebUIKeywordMain.runKeyword(WebUIKeywordMain.groovy:27)
	at com.kms.katalon.core.webui.keyword.builtin.ClickKeyword.click(ClickKeyword.groovy:86)
	at com.kms.katalon.core.webui.keyword.builtin.ClickKeyword.execute(ClickKeyword.groovy:67)
	at com.kms.katalon.core.keyword.internal.KeywordExecutor.executeKeywordForPlatform(KeywordExecutor.groovy:56)
	at com.kms.katalon.core.webui.keyword.WebUiBuiltInKeywords.click(WebUiBuiltInKeywords.groovy:616)
	at com.kms.katalon.core.webui.keyword.WebUiBuiltInKeywords$click$3.call(Unknown Source)
	at TC07-AccountMatching-Broker.run(TC07-AccountMatching-Broker:63)
	at com.kms.katalon.core.main.ScriptEngine.run(ScriptEngine.java:194)
	at com.kms.katalon.core.main.ScriptEngine.runScriptAsRawText(ScriptEngine.java:119)
	at com.kms.katalon.core.main.TestCaseExecutor.runScript(TestCaseExecutor.java:331)
	at com.kms.katalon.core.main.TestCaseExecutor.doExecute(TestCaseExecutor.java:322)
	at com.kms.katalon.core.main.TestCaseExecutor.processExecutionPhase(TestCaseExecutor.java:301)
	at com.kms.katalon.core.main.TestCaseExecutor.accessMainPhase(TestCaseExecutor.java:293)
	at com.kms.katalon.core.main.TestCaseExecutor.execute(TestCaseExecutor.java:227)
	at com.kms.katalon.core.main.TestSuiteExecutor.accessTestCaseMainPhase(TestSuiteExecutor.java:129)
	at com.kms.katalon.core.main.TestSuiteExecutor.accessTestSuiteMainPhase(TestSuiteExecutor.java:112)
	at com.kms.katalon.core.main.TestSuiteExecutor.execute(TestSuiteExecutor.java:81)
	at com.kms.katalon.core.main.TestCaseMain.startTestSuite(TestCaseMain.java:157)
	at com.kms.katalon.core.main.TestCaseMain$startTestSuite$0.call(Unknown Source)
	at TempTestSuite1557918197360.run(TempTestSuite1557918197360.groovy:35)]]></system-err>
      </testcase>
      <testcase name="Test Cases/TC08-AccountMatching-Insurer" classname="Test Cases/TC08-AccountMatching-Insurer" status="PASSED">
         <system-out><![CDATA[2019-05-15 16:39:34 - [TEST_CASE][PASSED] - Test Cases/TC08-AccountMatching-Insurer: Test Cases/TC08-AccountMatching-Insurer

2019-05-15 16:39:35 - [TEST_STEP][PASSED] - log = new com.kms.katalon.core.logging.KeywordLogger(): null

2019-05-15 16:39:35 - [TEST_STEP][PASSED] - delay(3): Delayed 3 second(s)

2019-05-15 16:39:38 - [MESSAGE][PASSED] - Delayed 3 second(s)

2019-05-15 16:39:38 - [TEST_STEP][PASSED] - scrollToElement(findTestObject("TC04-AccountMatching-MGA/AccountManagement"), 5): Scroll to object 'Object Repository/TC04-AccountMatching-MGA/AccountManagement' successfully

2019-05-15 16:39:38 - [MESSAGE][PASSED] - Scroll to object 'Object Repository/TC04-AccountMatching-MGA/AccountManagement' successfully

2019-05-15 16:39:38 - [TEST_STEP][PASSED] - click(findTestObject("TC04-AccountMatching-MGA/AccountManagement")): Object: 'Object Repository/TC04-AccountMatching-MGA/AccountManagement' is clicked on

2019-05-15 16:39:38 - [MESSAGE][PASSED] - Object: 'Object Repository/TC04-AccountMatching-MGA/AccountManagement' is clicked on

2019-05-15 16:39:38 - [TEST_STEP][NOT_RUN] - delay(5): NOT_RUN: delay(5)

2019-05-15 16:39:38 - [MESSAGE][NOT_RUN] - NOT_RUN: delay(5)

2019-05-15 16:39:38 - [TEST_STEP][PASSED] - waitForElementVisible(findTestObject("TC04-AccountMatching-MGA/AccountMatchingLink"), 4): Object 'Object Repository/TC04-AccountMatching-MGA/AccountMatchingLink' is visible

2019-05-15 16:39:38 - [MESSAGE][PASSED] - Object 'Object Repository/TC04-AccountMatching-MGA/AccountMatchingLink' is visible

2019-05-15 16:39:38 - [TEST_STEP][PASSED] - click(findTestObject("TC04-AccountMatching-MGA/AccountMatchingLink")): Object: 'Object Repository/TC04-AccountMatching-MGA/AccountMatchingLink' is clicked on

2019-05-15 16:39:39 - [MESSAGE][PASSED] - Object: 'Object Repository/TC04-AccountMatching-MGA/AccountMatchingLink' is clicked on

2019-05-15 16:39:39 - [TEST_STEP][PASSED] - delay(5): Delayed 5 second(s)

2019-05-15 16:39:44 - [MESSAGE][PASSED] - Delayed 5 second(s)

2019-05-15 16:39:44 - [TEST_STEP][PASSED] - selectOptionByLabel(findTestObject("TC04-AccountMatching-MGA/EntityType"), "Insurer", false): All options with label 'Insurer' are selected in object 'Object Repository/TC04-AccountMatching-MGA/EntityType' 

2019-05-15 16:39:44 - [MESSAGE][PASSED] - All options with label 'Insurer' are selected in object 'Object Repository/TC04-AccountMatching-MGA/EntityType' 

2019-05-15 16:39:44 - [TEST_STEP][PASSED] - delay(5): Delayed 5 second(s)

2019-05-15 16:39:49 - [MESSAGE][PASSED] - Delayed 5 second(s)

2019-05-15 16:39:49 - [TEST_STEP][PASSED] - selectOptionByLabel(findTestObject("TC04-AccountMatching-MGA/Entity"), "New Insurer", false): All options with label 'New Insurer' are selected in object 'Object Repository/TC04-AccountMatching-MGA/Entity' 

2019-05-15 16:39:49 - [MESSAGE][PASSED] - All options with label 'New Insurer' are selected in object 'Object Repository/TC04-AccountMatching-MGA/Entity' 

2019-05-15 16:39:49 - [TEST_STEP][PASSED] - waitForElementClickable(findTestObject("TC04-AccountMatching-MGA/ClickGoButton"), 5): Object 'Object Repository/TC04-AccountMatching-MGA/ClickGoButton' is clickable

2019-05-15 16:39:49 - [MESSAGE][PASSED] - Object 'Object Repository/TC04-AccountMatching-MGA/ClickGoButton' is clickable

2019-05-15 16:39:49 - [TEST_STEP][PASSED] - click(findTestObject("TC04-AccountMatching-MGA/ClickGoButton")): Object: 'Object Repository/TC04-AccountMatching-MGA/ClickGoButton' is clicked on

2019-05-15 16:39:51 - [MESSAGE][PASSED] - Object: 'Object Repository/TC04-AccountMatching-MGA/ClickGoButton' is clicked on

2019-05-15 16:39:51 - [TEST_STEP][PASSED] - waitForJQueryLoad(5): jQuery is ready.

2019-05-15 16:39:52 - [MESSAGE][PASSED] - jQuery is ready.

2019-05-15 16:39:52 - [TEST_STEP][PASSED] - selectOptionByLabel(findTestObject("TC04-AccountMatching-MGA/SelectAccount"), "New Insurer Comission Account -- Allocated -- New Insurer-COM-ACC -- USD", false): All options with label 'New Insurer Comission Account -- Allocated -- New Insurer-COM-ACC -- USD' are selected in object 'Object Repository/TC04-AccountMatching-MGA/SelectAccount' 

2019-05-15 16:39:52 - [MESSAGE][PASSED] - All options with label 'New Insurer Comission Account -- Allocated -- New Insurer-COM-ACC -- USD' are selected in object 'Object Repository/TC04-AccountMatching-MGA/SelectAccount' 

2019-05-15 16:39:52 - [TEST_STEP][PASSED] - delay(5): Delayed 5 second(s)

2019-05-15 16:39:57 - [MESSAGE][PASSED] - Delayed 5 second(s)

2019-05-15 16:39:57 - [TEST_STEP][PASSED] - setText(findTestObject("TC04-AccountMatching-MGA/Acc_Matching_PolicyNo_TextBox"), MTA_Policy_No): Text '' is set on object 'Object Repository/TC04-AccountMatching-MGA/Acc_Matching_PolicyNo_TextBox'

2019-05-15 16:39:57 - [MESSAGE][PASSED] - Text '' is set on object 'Object Repository/TC04-AccountMatching-MGA/Acc_Matching_PolicyNo_TextBox'

2019-05-15 16:39:57 - [TEST_STEP][PASSED] - sendKeys(findTestObject("TC04-AccountMatching-MGA/Acc_Matching_PolicyNo_TextBox"), Keys.chord(ENTER)): Keys 'ENTER + ' sent to object: 'Object Repository/TC04-AccountMatching-MGA/Acc_Matching_PolicyNo_TextBox'

2019-05-15 16:39:57 - [MESSAGE][PASSED] - Keys 'ENTER + ' sent to object: 'Object Repository/TC04-AccountMatching-MGA/Acc_Matching_PolicyNo_TextBox'

2019-05-15 16:39:57 - [TEST_STEP][PASSED] - delay(5): Delayed 5 second(s)

2019-05-15 16:40:02 - [MESSAGE][PASSED] - Delayed 5 second(s)

2019-05-15 16:40:02 - [TEST_STEP][PASSED] - waitForElementClickable(findTestObject("TC04-AccountMatching-MGA/CheckBox"), 5): Object 'Object Repository/TC04-AccountMatching-MGA/CheckBox' is clickable

2019-05-15 16:40:02 - [MESSAGE][PASSED] - Object 'Object Repository/TC04-AccountMatching-MGA/CheckBox' is clickable

2019-05-15 16:40:02 - [TEST_STEP][PASSED] - click(findTestObject("TC04-AccountMatching-MGA/CheckBox")): Object: 'Object Repository/TC04-AccountMatching-MGA/CheckBox' is clicked on

2019-05-15 16:40:02 - [MESSAGE][PASSED] - Object: 'Object Repository/TC04-AccountMatching-MGA/CheckBox' is clicked on

2019-05-15 16:40:02 - [TEST_STEP][PASSED] - delay(4): Delayed 4 second(s)

2019-05-15 16:40:06 - [MESSAGE][PASSED] - Delayed 4 second(s)

2019-05-15 16:40:06 - [TEST_STEP][PASSED] - Insurer_Comission_Amount = getText(findTestObject("TC04-AccountMatching-MGA/MGA_Amount")): Text of object 'Object Repository/TC04-AccountMatching-MGA/MGA_Amount' is: 'USD 252.00'

2019-05-15 16:40:06 - [MESSAGE][PASSED] - Text of object 'Object Repository/TC04-AccountMatching-MGA/MGA_Amount' is: 'USD 252.00'

2019-05-15 16:40:06 - [TEST_STEP][PASSED] - Insur_Comm_Amt = subString.FatchSubstringValue.SubString(Insurer_Comission_Amount): subString.FatchSubstringValue.SubString is PASSED

2019-05-15 16:40:06 - [MESSAGE][PASSED] - subString.FatchSubstringValue.SubString is PASSED

2019-05-15 16:40:06 - [TEST_STEP][NOT_RUN] - scrollToElement(findTestObject("TC04-AccountMatching-MGA/PAYFULL"), 5): NOT_RUN: scrollToElement(findTestObject("TC04-AccountMatching-MGA/PAYFULL"), 5)

2019-05-15 16:40:06 - [MESSAGE][NOT_RUN] - NOT_RUN: scrollToElement(findTestObject("TC04-AccountMatching-MGA/PAYFULL"), 5)

2019-05-15 16:40:06 - [TEST_STEP][NOT_RUN] - setText(findTestObject("TC04-AccountMatching-MGA/PAYFULL"), Insurer_Comission_Amount): NOT_RUN: setText(findTestObject("TC04-AccountMatching-MGA/PAYFULL"), Insurer_Comission_Amount)

2019-05-15 16:40:06 - [MESSAGE][NOT_RUN] - NOT_RUN: setText(findTestObject("TC04-AccountMatching-MGA/PAYFULL"), Insurer_Comission_Amount)

2019-05-15 16:40:06 - [TEST_STEP][PASSED] - click(findTestObject("TC04-AccountMatching-MGA/PayFullClick")): Object: 'Object Repository/TC04-AccountMatching-MGA/PayFullClick' is clicked on

2019-05-15 16:40:06 - [MESSAGE][PASSED] - Object: 'Object Repository/TC04-AccountMatching-MGA/PayFullClick' is clicked on

2019-05-15 16:40:06 - [TEST_STEP][PASSED] - delay(4): Delayed 4 second(s)

2019-05-15 16:40:10 - [MESSAGE][PASSED] - Delayed 4 second(s)

2019-05-15 16:40:10 - [TEST_STEP][PASSED] - click(findTestObject("TC04-AccountMatching-MGA/MatchAmount")): Object: 'Object Repository/TC04-AccountMatching-MGA/MatchAmount' is clicked on

2019-05-15 16:40:10 - [MESSAGE][PASSED] - Object: 'Object Repository/TC04-AccountMatching-MGA/MatchAmount' is clicked on

2019-05-15 16:40:10 - [TEST_STEP][PASSED] - delay(5): Delayed 5 second(s)

2019-05-15 16:40:15 - [MESSAGE][PASSED] - Delayed 5 second(s)

2019-05-15 16:40:15 - [TEST_STEP][PASSED] - com.excel.helper.ExcelHelper.updateTheExcel("Data Files/TestData/Comission.xlsx", "Insurer", Insur_Comm_Amt): com.excel.helper.ExcelHelper.updateTheExcel is PASSED

2019-05-15 16:40:16 - [MESSAGE][PASSED] - com.excel.helper.ExcelHelper.updateTheExcel is PASSED

2019-05-15 16:40:16 - [TEST_STEP][PASSED] - log.logInfo(Insur_Comm_Amt): 252.00

2019-05-15 16:40:16 - [MESSAGE][INFO] - 252.00]]></system-out>
         <system-err><![CDATA[]]></system-err>
      </testcase>
      <testcase name="Test Cases/TC08-AccountMatching-Insurer" classname="Test Cases/TC08-AccountMatching-Insurer" status="PASSED">
         <system-out><![CDATA[2019-05-15 16:40:16 - [TEST_CASE][PASSED] - Test Cases/TC08-AccountMatching-Insurer: Test Cases/TC08-AccountMatching-Insurer

2019-05-15 16:40:16 - [TEST_STEP][PASSED] - log = new com.kms.katalon.core.logging.KeywordLogger(): null

2019-05-15 16:40:16 - [TEST_STEP][PASSED] - delay(3): Delayed 3 second(s)

2019-05-15 16:40:19 - [MESSAGE][PASSED] - Delayed 3 second(s)

2019-05-15 16:40:19 - [TEST_STEP][PASSED] - scrollToElement(findTestObject("TC04-AccountMatching-MGA/AccountManagement"), 5): Scroll to object 'Object Repository/TC04-AccountMatching-MGA/AccountManagement' successfully

2019-05-15 16:40:19 - [MESSAGE][PASSED] - Scroll to object 'Object Repository/TC04-AccountMatching-MGA/AccountManagement' successfully

2019-05-15 16:40:19 - [TEST_STEP][PASSED] - click(findTestObject("TC04-AccountMatching-MGA/AccountManagement")): Object: 'Object Repository/TC04-AccountMatching-MGA/AccountManagement' is clicked on

2019-05-15 16:40:19 - [MESSAGE][PASSED] - Object: 'Object Repository/TC04-AccountMatching-MGA/AccountManagement' is clicked on

2019-05-15 16:40:19 - [TEST_STEP][NOT_RUN] - delay(5): NOT_RUN: delay(5)

2019-05-15 16:40:19 - [MESSAGE][NOT_RUN] - NOT_RUN: delay(5)

2019-05-15 16:40:19 - [TEST_STEP][PASSED] - waitForElementVisible(findTestObject("TC04-AccountMatching-MGA/AccountMatchingLink"), 4): Object 'Object Repository/TC04-AccountMatching-MGA/AccountMatchingLink' is visible

2019-05-15 16:40:19 - [MESSAGE][PASSED] - Object 'Object Repository/TC04-AccountMatching-MGA/AccountMatchingLink' is visible

2019-05-15 16:40:19 - [TEST_STEP][PASSED] - click(findTestObject("TC04-AccountMatching-MGA/AccountMatchingLink")): Object: 'Object Repository/TC04-AccountMatching-MGA/AccountMatchingLink' is clicked on

2019-05-15 16:40:20 - [MESSAGE][PASSED] - Object: 'Object Repository/TC04-AccountMatching-MGA/AccountMatchingLink' is clicked on

2019-05-15 16:40:20 - [TEST_STEP][PASSED] - delay(5): Delayed 5 second(s)

2019-05-15 16:40:25 - [MESSAGE][PASSED] - Delayed 5 second(s)

2019-05-15 16:40:25 - [TEST_STEP][PASSED] - selectOptionByLabel(findTestObject("TC04-AccountMatching-MGA/EntityType"), "Insurer", false): All options with label 'Insurer' are selected in object 'Object Repository/TC04-AccountMatching-MGA/EntityType' 

2019-05-15 16:40:25 - [MESSAGE][PASSED] - All options with label 'Insurer' are selected in object 'Object Repository/TC04-AccountMatching-MGA/EntityType' 

2019-05-15 16:40:25 - [TEST_STEP][PASSED] - delay(5): Delayed 5 second(s)

2019-05-15 16:40:30 - [MESSAGE][PASSED] - Delayed 5 second(s)

2019-05-15 16:40:30 - [TEST_STEP][PASSED] - selectOptionByLabel(findTestObject("TC04-AccountMatching-MGA/Entity"), "New Insurer", false): All options with label 'New Insurer' are selected in object 'Object Repository/TC04-AccountMatching-MGA/Entity' 

2019-05-15 16:40:30 - [MESSAGE][PASSED] - All options with label 'New Insurer' are selected in object 'Object Repository/TC04-AccountMatching-MGA/Entity' 

2019-05-15 16:40:30 - [TEST_STEP][PASSED] - waitForElementClickable(findTestObject("TC04-AccountMatching-MGA/ClickGoButton"), 5): Object 'Object Repository/TC04-AccountMatching-MGA/ClickGoButton' is clickable

2019-05-15 16:40:30 - [MESSAGE][PASSED] - Object 'Object Repository/TC04-AccountMatching-MGA/ClickGoButton' is clickable

2019-05-15 16:40:30 - [TEST_STEP][PASSED] - click(findTestObject("TC04-AccountMatching-MGA/ClickGoButton")): Object: 'Object Repository/TC04-AccountMatching-MGA/ClickGoButton' is clicked on

2019-05-15 16:40:32 - [MESSAGE][PASSED] - Object: 'Object Repository/TC04-AccountMatching-MGA/ClickGoButton' is clicked on

2019-05-15 16:40:32 - [TEST_STEP][PASSED] - waitForJQueryLoad(5): jQuery is ready.

2019-05-15 16:40:32 - [MESSAGE][PASSED] - jQuery is ready.

2019-05-15 16:40:32 - [TEST_STEP][PASSED] - selectOptionByLabel(findTestObject("TC04-AccountMatching-MGA/SelectAccount"), "New Insurer Comission Account -- Allocated -- New Insurer-COM-ACC -- USD", false): All options with label 'New Insurer Comission Account -- Allocated -- New Insurer-COM-ACC -- USD' are selected in object 'Object Repository/TC04-AccountMatching-MGA/SelectAccount' 

2019-05-15 16:40:33 - [MESSAGE][PASSED] - All options with label 'New Insurer Comission Account -- Allocated -- New Insurer-COM-ACC -- USD' are selected in object 'Object Repository/TC04-AccountMatching-MGA/SelectAccount' 

2019-05-15 16:40:33 - [TEST_STEP][PASSED] - delay(5): Delayed 5 second(s)

2019-05-15 16:40:38 - [MESSAGE][PASSED] - Delayed 5 second(s)

2019-05-15 16:40:38 - [TEST_STEP][PASSED] - setText(findTestObject("TC04-AccountMatching-MGA/Acc_Matching_PolicyNo_TextBox"), MTA_Policy_No): Text 'DASD/POLICY/003151' is set on object 'Object Repository/TC04-AccountMatching-MGA/Acc_Matching_PolicyNo_TextBox'

2019-05-15 16:40:38 - [MESSAGE][PASSED] - Text 'DASD/POLICY/003151' is set on object 'Object Repository/TC04-AccountMatching-MGA/Acc_Matching_PolicyNo_TextBox'

2019-05-15 16:40:38 - [TEST_STEP][PASSED] - sendKeys(findTestObject("TC04-AccountMatching-MGA/Acc_Matching_PolicyNo_TextBox"), Keys.chord(ENTER)): Keys 'ENTER + ' sent to object: 'Object Repository/TC04-AccountMatching-MGA/Acc_Matching_PolicyNo_TextBox'

2019-05-15 16:40:38 - [MESSAGE][PASSED] - Keys 'ENTER + ' sent to object: 'Object Repository/TC04-AccountMatching-MGA/Acc_Matching_PolicyNo_TextBox'

2019-05-15 16:40:38 - [TEST_STEP][PASSED] - delay(5): Delayed 5 second(s)

2019-05-15 16:40:43 - [MESSAGE][PASSED] - Delayed 5 second(s)

2019-05-15 16:40:43 - [TEST_STEP][PASSED] - waitForElementClickable(findTestObject("TC04-AccountMatching-MGA/CheckBox"), 5): Object 'Object Repository/TC04-AccountMatching-MGA/CheckBox' is clickable

2019-05-15 16:40:43 - [MESSAGE][PASSED] - Object 'Object Repository/TC04-AccountMatching-MGA/CheckBox' is clickable

2019-05-15 16:40:43 - [TEST_STEP][PASSED] - click(findTestObject("TC04-AccountMatching-MGA/CheckBox")): Object: 'Object Repository/TC04-AccountMatching-MGA/CheckBox' is clicked on

2019-05-15 16:40:43 - [MESSAGE][PASSED] - Object: 'Object Repository/TC04-AccountMatching-MGA/CheckBox' is clicked on

2019-05-15 16:40:43 - [TEST_STEP][PASSED] - delay(4): Delayed 4 second(s)

2019-05-15 16:40:47 - [MESSAGE][PASSED] - Delayed 4 second(s)

2019-05-15 16:40:47 - [TEST_STEP][PASSED] - Insurer_Comission_Amount = getText(findTestObject("TC04-AccountMatching-MGA/MGA_Amount")): Text of object 'Object Repository/TC04-AccountMatching-MGA/MGA_Amount' is: 'USD 168.00'

2019-05-15 16:40:47 - [MESSAGE][PASSED] - Text of object 'Object Repository/TC04-AccountMatching-MGA/MGA_Amount' is: 'USD 168.00'

2019-05-15 16:40:47 - [TEST_STEP][PASSED] - Insur_Comm_Amt = subString.FatchSubstringValue.SubString(Insurer_Comission_Amount): subString.FatchSubstringValue.SubString is PASSED

2019-05-15 16:40:47 - [MESSAGE][PASSED] - subString.FatchSubstringValue.SubString is PASSED

2019-05-15 16:40:47 - [TEST_STEP][NOT_RUN] - scrollToElement(findTestObject("TC04-AccountMatching-MGA/PAYFULL"), 5): NOT_RUN: scrollToElement(findTestObject("TC04-AccountMatching-MGA/PAYFULL"), 5)

2019-05-15 16:40:47 - [MESSAGE][NOT_RUN] - NOT_RUN: scrollToElement(findTestObject("TC04-AccountMatching-MGA/PAYFULL"), 5)

2019-05-15 16:40:47 - [TEST_STEP][NOT_RUN] - setText(findTestObject("TC04-AccountMatching-MGA/PAYFULL"), Insurer_Comission_Amount): NOT_RUN: setText(findTestObject("TC04-AccountMatching-MGA/PAYFULL"), Insurer_Comission_Amount)

2019-05-15 16:40:47 - [MESSAGE][NOT_RUN] - NOT_RUN: setText(findTestObject("TC04-AccountMatching-MGA/PAYFULL"), Insurer_Comission_Amount)

2019-05-15 16:40:47 - [TEST_STEP][PASSED] - click(findTestObject("TC04-AccountMatching-MGA/PayFullClick")): Object: 'Object Repository/TC04-AccountMatching-MGA/PayFullClick' is clicked on

2019-05-15 16:40:47 - [MESSAGE][PASSED] - Object: 'Object Repository/TC04-AccountMatching-MGA/PayFullClick' is clicked on

2019-05-15 16:40:47 - [TEST_STEP][PASSED] - delay(4): Delayed 4 second(s)

2019-05-15 16:40:51 - [MESSAGE][PASSED] - Delayed 4 second(s)

2019-05-15 16:40:51 - [TEST_STEP][PASSED] - click(findTestObject("TC04-AccountMatching-MGA/MatchAmount")): Object: 'Object Repository/TC04-AccountMatching-MGA/MatchAmount' is clicked on

2019-05-15 16:40:51 - [MESSAGE][PASSED] - Object: 'Object Repository/TC04-AccountMatching-MGA/MatchAmount' is clicked on

2019-05-15 16:40:51 - [TEST_STEP][PASSED] - delay(5): Delayed 5 second(s)

2019-05-15 16:40:56 - [MESSAGE][PASSED] - Delayed 5 second(s)

2019-05-15 16:40:56 - [TEST_STEP][PASSED] - com.excel.helper.ExcelHelper.updateTheExcel("Data Files/TestData/Comission.xlsx", "Insurer", Insur_Comm_Amt): com.excel.helper.ExcelHelper.updateTheExcel is PASSED

2019-05-15 16:40:56 - [MESSAGE][PASSED] - com.excel.helper.ExcelHelper.updateTheExcel is PASSED

2019-05-15 16:40:56 - [TEST_STEP][PASSED] - log.logInfo(Insur_Comm_Amt): 168.00

2019-05-15 16:40:56 - [MESSAGE][INFO] - 168.00]]></system-out>
         <system-err><![CDATA[]]></system-err>
      </testcase>
      <testcase name="Test Cases/TC08-AccountMatching-Insurer" classname="Test Cases/TC08-AccountMatching-Insurer" status="FAILED">
         <failure type="FAILED" message="Test Cases/TC08-AccountMatching-Insurer FAILED.
Reason:
com.kms.katalon.core.exception.StepFailedException: Unable to click on object 'Object Repository/TC04-AccountMatching-MGA/CheckBox'
	at com.kms.katalon.core.keyword.internal.KeywordMain.stepFailed(KeywordMain.groovy:37)
	at com.kms.katalon.core.webui.keyword.internal.WebUIKeywordMain.stepFailed(WebUIKeywordMain.groovy:65)
	at com.kms.katalon.core.webui.keyword.internal.WebUIKeywordMain.runKeyword(WebUIKeywordMain.groovy:27)
	at com.kms.katalon.core.webui.keyword.builtin.ClickKeyword.click(ClickKeyword.groovy:86)
	at com.kms.katalon.core.webui.keyword.builtin.ClickKeyword.execute(ClickKeyword.groovy:67)
	at com.kms.katalon.core.keyword.internal.KeywordExecutor.executeKeywordForPlatform(KeywordExecutor.groovy:56)
	at com.kms.katalon.core.webui.keyword.WebUiBuiltInKeywords.click(WebUiBuiltInKeywords.groovy:616)
	at com.kms.katalon.core.webui.keyword.WebUiBuiltInKeywords$click$3.call(Unknown Source)
	at TC08-AccountMatching-Insurer.run(TC08-AccountMatching-Insurer:59)
	at com.kms.katalon.core.main.ScriptEngine.run(ScriptEngine.java:194)
	at com.kms.katalon.core.main.ScriptEngine.runScriptAsRawText(ScriptEngine.java:119)
	at com.kms.katalon.core.main.TestCaseExecutor.runScript(TestCaseExecutor.java:331)
	at com.kms.katalon.core.main.TestCaseExecutor.doExecute(TestCaseExecutor.java:322)
	at com.kms.katalon.core.main.TestCaseExecutor.processExecutionPhase(TestCaseExecutor.java:301)
	at com.kms.katalon.core.main.TestCaseExecutor.accessMainPhase(TestCaseExecutor.java:293)
	at com.kms.katalon.core.main.TestCaseExecutor.execute(TestCaseExecutor.java:227)
	at com.kms.katalon.core.main.TestSuiteExecutor.accessTestCaseMainPhase(TestSuiteExecutor.java:129)
	at com.kms.katalon.core.main.TestSuiteExecutor.accessTestSuiteMainPhase(TestSuiteExecutor.java:112)
	at com.kms.katalon.core.main.TestSuiteExecutor.execute(TestSuiteExecutor.java:81)
	at com.kms.katalon.core.main.TestCaseMain.startTestSuite(TestCaseMain.java:157)
	at com.kms.katalon.core.main.TestCaseMain$startTestSuite$0.call(Unknown Source)
	at TempTestSuite1557918197360.run(TempTestSuite1557918197360.groovy:35)
"/>
         <system-out><![CDATA[2019-05-15 16:40:56 - [TEST_CASE][FAILED] - Test Cases/TC08-AccountMatching-Insurer: Test Cases/TC08-AccountMatching-Insurer FAILED.
Reason:
com.kms.katalon.core.exception.StepFailedException: Unable to click on object 'Object Repository/TC04-AccountMatching-MGA/CheckBox'
	at com.kms.katalon.core.keyword.internal.KeywordMain.stepFailed(KeywordMain.groovy:37)
	at com.kms.katalon.core.webui.keyword.internal.WebUIKeywordMain.stepFailed(WebUIKeywordMain.groovy:65)
	at com.kms.katalon.core.webui.keyword.internal.WebUIKeywordMain.runKeyword(WebUIKeywordMain.groovy:27)
	at com.kms.katalon.core.webui.keyword.builtin.ClickKeyword.click(ClickKeyword.groovy:86)
	at com.kms.katalon.core.webui.keyword.builtin.ClickKeyword.execute(ClickKeyword.groovy:67)
	at com.kms.katalon.core.keyword.internal.KeywordExecutor.executeKeywordForPlatform(KeywordExecutor.groovy:56)
	at com.kms.katalon.core.webui.keyword.WebUiBuiltInKeywords.click(WebUiBuiltInKeywords.groovy:616)
	at com.kms.katalon.core.webui.keyword.WebUiBuiltInKeywords$click$3.call(Unknown Source)
	at TC08-AccountMatching-Insurer.run(TC08-AccountMatching-Insurer:59)
	at com.kms.katalon.core.main.ScriptEngine.run(ScriptEngine.java:194)
	at com.kms.katalon.core.main.ScriptEngine.runScriptAsRawText(ScriptEngine.java:119)
	at com.kms.katalon.core.main.TestCaseExecutor.runScript(TestCaseExecutor.java:331)
	at com.kms.katalon.core.main.TestCaseExecutor.doExecute(TestCaseExecutor.java:322)
	at com.kms.katalon.core.main.TestCaseExecutor.processExecutionPhase(TestCaseExecutor.java:301)
	at com.kms.katalon.core.main.TestCaseExecutor.accessMainPhase(TestCaseExecutor.java:293)
	at com.kms.katalon.core.main.TestCaseExecutor.execute(TestCaseExecutor.java:227)
	at com.kms.katalon.core.main.TestSuiteExecutor.accessTestCaseMainPhase(TestSuiteExecutor.java:129)
	at com.kms.katalon.core.main.TestSuiteExecutor.accessTestSuiteMainPhase(TestSuiteExecutor.java:112)
	at com.kms.katalon.core.main.TestSuiteExecutor.execute(TestSuiteExecutor.java:81)
	at com.kms.katalon.core.main.TestCaseMain.startTestSuite(TestCaseMain.java:157)
	at com.kms.katalon.core.main.TestCaseMain$startTestSuite$0.call(Unknown Source)
	at TempTestSuite1557918197360.run(TempTestSuite1557918197360.groovy:35)


2019-05-15 16:40:56 - [TEST_STEP][PASSED] - log = new com.kms.katalon.core.logging.KeywordLogger(): null

2019-05-15 16:40:56 - [TEST_STEP][PASSED] - delay(3): Delayed 3 second(s)

2019-05-15 16:40:59 - [MESSAGE][PASSED] - Delayed 3 second(s)

2019-05-15 16:40:59 - [TEST_STEP][PASSED] - scrollToElement(findTestObject("TC04-AccountMatching-MGA/AccountManagement"), 5): Scroll to object 'Object Repository/TC04-AccountMatching-MGA/AccountManagement' successfully

2019-05-15 16:40:59 - [MESSAGE][PASSED] - Scroll to object 'Object Repository/TC04-AccountMatching-MGA/AccountManagement' successfully

2019-05-15 16:40:59 - [TEST_STEP][PASSED] - click(findTestObject("TC04-AccountMatching-MGA/AccountManagement")): Object: 'Object Repository/TC04-AccountMatching-MGA/AccountManagement' is clicked on

2019-05-15 16:40:59 - [MESSAGE][PASSED] - Object: 'Object Repository/TC04-AccountMatching-MGA/AccountManagement' is clicked on

2019-05-15 16:40:59 - [TEST_STEP][NOT_RUN] - delay(5): NOT_RUN: delay(5)

2019-05-15 16:40:59 - [MESSAGE][NOT_RUN] - NOT_RUN: delay(5)

2019-05-15 16:40:59 - [TEST_STEP][PASSED] - waitForElementVisible(findTestObject("TC04-AccountMatching-MGA/AccountMatchingLink"), 4): Object 'Object Repository/TC04-AccountMatching-MGA/AccountMatchingLink' is visible

2019-05-15 16:41:00 - [MESSAGE][PASSED] - Object 'Object Repository/TC04-AccountMatching-MGA/AccountMatchingLink' is visible

2019-05-15 16:41:00 - [TEST_STEP][PASSED] - click(findTestObject("TC04-AccountMatching-MGA/AccountMatchingLink")): Object: 'Object Repository/TC04-AccountMatching-MGA/AccountMatchingLink' is clicked on

2019-05-15 16:41:01 - [MESSAGE][PASSED] - Object: 'Object Repository/TC04-AccountMatching-MGA/AccountMatchingLink' is clicked on

2019-05-15 16:41:01 - [TEST_STEP][PASSED] - delay(5): Delayed 5 second(s)

2019-05-15 16:41:06 - [MESSAGE][PASSED] - Delayed 5 second(s)

2019-05-15 16:41:06 - [TEST_STEP][PASSED] - selectOptionByLabel(findTestObject("TC04-AccountMatching-MGA/EntityType"), "Insurer", false): All options with label 'Insurer' are selected in object 'Object Repository/TC04-AccountMatching-MGA/EntityType' 

2019-05-15 16:41:06 - [MESSAGE][PASSED] - All options with label 'Insurer' are selected in object 'Object Repository/TC04-AccountMatching-MGA/EntityType' 

2019-05-15 16:41:06 - [TEST_STEP][PASSED] - delay(5): Delayed 5 second(s)

2019-05-15 16:41:11 - [MESSAGE][PASSED] - Delayed 5 second(s)

2019-05-15 16:41:11 - [TEST_STEP][PASSED] - selectOptionByLabel(findTestObject("TC04-AccountMatching-MGA/Entity"), "New Insurer", false): All options with label 'New Insurer' are selected in object 'Object Repository/TC04-AccountMatching-MGA/Entity' 

2019-05-15 16:41:11 - [MESSAGE][PASSED] - All options with label 'New Insurer' are selected in object 'Object Repository/TC04-AccountMatching-MGA/Entity' 

2019-05-15 16:41:11 - [TEST_STEP][PASSED] - waitForElementClickable(findTestObject("TC04-AccountMatching-MGA/ClickGoButton"), 5): Object 'Object Repository/TC04-AccountMatching-MGA/ClickGoButton' is clickable

2019-05-15 16:41:11 - [MESSAGE][PASSED] - Object 'Object Repository/TC04-AccountMatching-MGA/ClickGoButton' is clickable

2019-05-15 16:41:11 - [TEST_STEP][PASSED] - click(findTestObject("TC04-AccountMatching-MGA/ClickGoButton")): Object: 'Object Repository/TC04-AccountMatching-MGA/ClickGoButton' is clicked on

2019-05-15 16:41:14 - [MESSAGE][PASSED] - Object: 'Object Repository/TC04-AccountMatching-MGA/ClickGoButton' is clicked on

2019-05-15 16:41:14 - [TEST_STEP][PASSED] - waitForJQueryLoad(5): jQuery is ready.

2019-05-15 16:41:14 - [MESSAGE][PASSED] - jQuery is ready.

2019-05-15 16:41:14 - [TEST_STEP][PASSED] - selectOptionByLabel(findTestObject("TC04-AccountMatching-MGA/SelectAccount"), "New Insurer Comission Account -- Allocated -- New Insurer-COM-ACC -- USD", false): All options with label 'New Insurer Comission Account -- Allocated -- New Insurer-COM-ACC -- USD' are selected in object 'Object Repository/TC04-AccountMatching-MGA/SelectAccount' 

2019-05-15 16:41:14 - [MESSAGE][PASSED] - All options with label 'New Insurer Comission Account -- Allocated -- New Insurer-COM-ACC -- USD' are selected in object 'Object Repository/TC04-AccountMatching-MGA/SelectAccount' 

2019-05-15 16:41:14 - [TEST_STEP][PASSED] - delay(5): Delayed 5 second(s)

2019-05-15 16:41:19 - [MESSAGE][PASSED] - Delayed 5 second(s)

2019-05-15 16:41:19 - [TEST_STEP][PASSED] - setText(findTestObject("TC04-AccountMatching-MGA/Acc_Matching_PolicyNo_TextBox"), MTA_Policy_No): Text 'DASD/POLICY/003153' is set on object 'Object Repository/TC04-AccountMatching-MGA/Acc_Matching_PolicyNo_TextBox'

2019-05-15 16:41:20 - [MESSAGE][PASSED] - Text 'DASD/POLICY/003153' is set on object 'Object Repository/TC04-AccountMatching-MGA/Acc_Matching_PolicyNo_TextBox'

2019-05-15 16:41:20 - [TEST_STEP][PASSED] - sendKeys(findTestObject("TC04-AccountMatching-MGA/Acc_Matching_PolicyNo_TextBox"), Keys.chord(ENTER)): Keys 'ENTER + ' sent to object: 'Object Repository/TC04-AccountMatching-MGA/Acc_Matching_PolicyNo_TextBox'

2019-05-15 16:41:20 - [MESSAGE][PASSED] - Keys 'ENTER + ' sent to object: 'Object Repository/TC04-AccountMatching-MGA/Acc_Matching_PolicyNo_TextBox'

2019-05-15 16:41:20 - [TEST_STEP][PASSED] - delay(5): Delayed 5 second(s)

2019-05-15 16:41:25 - [MESSAGE][PASSED] - Delayed 5 second(s)

2019-05-15 16:41:25 - [TEST_STEP][PASSED] - waitForElementClickable(findTestObject("TC04-AccountMatching-MGA/CheckBox"), 5): Web element with id: 'Object Repository/TC04-AccountMatching-MGA/CheckBox' located by 'By.xpath: //table//input[@class='TrChkClass']' not found

2019-05-15 16:41:30 - [MESSAGE][INFO] - Unable to find the element located by 'By.xpath: //table//input[@class='TrChkClass']'. Please recheck the objects properties to make sure the desired element is located. 

2019-05-15 16:41:30 - [MESSAGE][WARNING] - Web element with id: 'Object Repository/TC04-AccountMatching-MGA/CheckBox' located by 'By.xpath: //table//input[@class='TrChkClass']' not found

2019-05-15 16:41:30 - [TEST_STEP][FAILED] - click(findTestObject("TC04-AccountMatching-MGA/CheckBox")): Unable to click on object 'Object Repository/TC04-AccountMatching-MGA/CheckBox'

2019-05-15 16:42:01 - [MESSAGE][INFO] - Unable to find the element located by 'By.xpath: //table//input[@class='TrChkClass']'. Please recheck the objects properties to make sure the desired element is located. 

2019-05-15 16:42:01 - [MESSAGE][FAILED] - Unable to click on object 'Object Repository/TC04-AccountMatching-MGA/CheckBox'
[[ATTACHMENT|E:\\MarkitCore\\MarkitCore-Final\\MarkitCoreSystem\\MarkitCore\\Reports\\AllAccountMatching\\20190515_163317\\1557918721375.png]]

2019-05-15 16:42:01 - [TEST_STEP][PASSED] - delay(4): Delayed 4 second(s)

2019-05-15 16:42:05 - [MESSAGE][PASSED] - Delayed 4 second(s)

2019-05-15 16:42:05 - [TEST_STEP][FAILED] - Insurer_Comission_Amount = getText(findTestObject("TC04-AccountMatching-MGA/MGA_Amount")): Unable to get text of object 'Object Repository/TC04-AccountMatching-MGA/MGA_Amount'

2019-05-15 16:42:36 - [MESSAGE][INFO] - Unable to find the element located by 'By.xpath: //td[contains(text(),'Payable Amount')]//parent::tr//following-sibling::tr/td[3]'. Please recheck the objects properties to make sure the desired element is located. 

2019-05-15 16:42:37 - [MESSAGE][FAILED] - Unable to get text of object 'Object Repository/TC04-AccountMatching-MGA/MGA_Amount'
[[ATTACHMENT|E:\\MarkitCore\\MarkitCore-Final\\MarkitCoreSystem\\MarkitCore\\Reports\\AllAccountMatching\\20190515_163317\\1557918756697.png]]

2019-05-15 16:42:37 - [TEST_STEP][FAILED] - Insur_Comm_Amt = subString.FatchSubstringValue.SubString(Insurer_Comission_Amount): Insur_Comm_Amt = subString.FatchSubstringValue.SubString(Insurer_Comission_Amount) FAILED.
Reason:
com.kms.katalon.core.exception.StepFailedException: Unable to click on object 'Object Repository/TC04-AccountMatching-MGA/CheckBox'
	at com.kms.katalon.core.keyword.internal.KeywordMain.stepFailed(KeywordMain.groovy:37)
	at com.kms.katalon.core.webui.keyword.internal.WebUIKeywordMain.stepFailed(WebUIKeywordMain.groovy:65)
	at com.kms.katalon.core.webui.keyword.internal.WebUIKeywordMain.runKeyword(WebUIKeywordMain.groovy:27)
	at com.kms.katalon.core.webui.keyword.builtin.ClickKeyword.click(ClickKeyword.groovy:86)
	at com.kms.katalon.core.webui.keyword.builtin.ClickKeyword.execute(ClickKeyword.groovy:67)
	at com.kms.katalon.core.keyword.internal.KeywordExecutor.executeKeywordForPlatform(KeywordExecutor.groovy:56)
	at com.kms.katalon.core.webui.keyword.WebUiBuiltInKeywords.click(WebUiBuiltInKeywords.groovy:616)
	at com.kms.katalon.core.webui.keyword.WebUiBuiltInKeywords$click$3.call(Unknown Source)
	at TC08-AccountMatching-Insurer.run(TC08-AccountMatching-Insurer:59)
	at com.kms.katalon.core.main.ScriptEngine.run(ScriptEngine.java:194)
	at com.kms.katalon.core.main.ScriptEngine.runScriptAsRawText(ScriptEngine.java:119)
	at com.kms.katalon.core.main.TestCaseExecutor.runScript(TestCaseExecutor.java:331)
	at com.kms.katalon.core.main.TestCaseExecutor.doExecute(TestCaseExecutor.java:322)
	at com.kms.katalon.core.main.TestCaseExecutor.processExecutionPhase(TestCaseExecutor.java:301)
	at com.kms.katalon.core.main.TestCaseExecutor.accessMainPhase(TestCaseExecutor.java:293)
	at com.kms.katalon.core.main.TestCaseExecutor.execute(TestCaseExecutor.java:227)
	at com.kms.katalon.core.main.TestSuiteExecutor.accessTestCaseMainPhase(TestSuiteExecutor.java:129)
	at com.kms.katalon.core.main.TestSuiteExecutor.accessTestSuiteMainPhase(TestSuiteExecutor.java:112)
	at com.kms.katalon.core.main.TestSuiteExecutor.execute(TestSuiteExecutor.java:81)
	at com.kms.katalon.core.main.TestCaseMain.startTestSuite(TestCaseMain.java:157)
	at com.kms.katalon.core.main.TestCaseMain$startTestSuite$0.call(Unknown Source)
	at TempTestSuite1557918197360.run(TempTestSuite1557918197360.groovy:35)


2019-05-15 16:42:37 - [MESSAGE][ERROR] - Cannot invoke method length() on null object

2019-05-15 16:42:37 - [MESSAGE][FAILED] - Insur_Comm_Amt = subString.FatchSubstringValue.SubString(Insurer_Comission_Amount) FAILED.
Reason:
com.kms.katalon.core.exception.StepFailedException: Unable to click on object 'Object Repository/TC04-AccountMatching-MGA/CheckBox'
	at com.kms.katalon.core.keyword.internal.KeywordMain.stepFailed(KeywordMain.groovy:37)
	at com.kms.katalon.core.webui.keyword.internal.WebUIKeywordMain.stepFailed(WebUIKeywordMain.groovy:65)
	at com.kms.katalon.core.webui.keyword.internal.WebUIKeywordMain.runKeyword(WebUIKeywordMain.groovy:27)
	at com.kms.katalon.core.webui.keyword.builtin.ClickKeyword.click(ClickKeyword.groovy:86)
	at com.kms.katalon.core.webui.keyword.builtin.ClickKeyword.execute(ClickKeyword.groovy:67)
	at com.kms.katalon.core.keyword.internal.KeywordExecutor.executeKeywordForPlatform(KeywordExecutor.groovy:56)
	at com.kms.katalon.core.webui.keyword.WebUiBuiltInKeywords.click(WebUiBuiltInKeywords.groovy:616)
	at com.kms.katalon.core.webui.keyword.WebUiBuiltInKeywords$click$3.call(Unknown Source)
	at TC08-AccountMatching-Insurer.run(TC08-AccountMatching-Insurer:59)
	at com.kms.katalon.core.main.ScriptEngine.run(ScriptEngine.java:194)
	at com.kms.katalon.core.main.ScriptEngine.runScriptAsRawText(ScriptEngine.java:119)
	at com.kms.katalon.core.main.TestCaseExecutor.runScript(TestCaseExecutor.java:331)
	at com.kms.katalon.core.main.TestCaseExecutor.doExecute(TestCaseExecutor.java:322)
	at com.kms.katalon.core.main.TestCaseExecutor.processExecutionPhase(TestCaseExecutor.java:301)
	at com.kms.katalon.core.main.TestCaseExecutor.accessMainPhase(TestCaseExecutor.java:293)
	at com.kms.katalon.core.main.TestCaseExecutor.execute(TestCaseExecutor.java:227)
	at com.kms.katalon.core.main.TestSuiteExecutor.accessTestCaseMainPhase(TestSuiteExecutor.java:129)
	at com.kms.katalon.core.main.TestSuiteExecutor.accessTestSuiteMainPhase(TestSuiteExecutor.java:112)
	at com.kms.katalon.core.main.TestSuiteExecutor.execute(TestSuiteExecutor.java:81)
	at com.kms.katalon.core.main.TestCaseMain.startTestSuite(TestCaseMain.java:157)
	at com.kms.katalon.core.main.TestCaseMain$startTestSuite$0.call(Unknown Source)
	at TempTestSuite1557918197360.run(TempTestSuite1557918197360.groovy:35)]]></system-out>
         <system-err><![CDATA[2019-05-15 16:40:56 - [TEST_CASE][FAILED] - Test Cases/TC08-AccountMatching-Insurer: Test Cases/TC08-AccountMatching-Insurer FAILED.
Reason:
com.kms.katalon.core.exception.StepFailedException: Unable to click on object 'Object Repository/TC04-AccountMatching-MGA/CheckBox'
	at com.kms.katalon.core.keyword.internal.KeywordMain.stepFailed(KeywordMain.groovy:37)
	at com.kms.katalon.core.webui.keyword.internal.WebUIKeywordMain.stepFailed(WebUIKeywordMain.groovy:65)
	at com.kms.katalon.core.webui.keyword.internal.WebUIKeywordMain.runKeyword(WebUIKeywordMain.groovy:27)
	at com.kms.katalon.core.webui.keyword.builtin.ClickKeyword.click(ClickKeyword.groovy:86)
	at com.kms.katalon.core.webui.keyword.builtin.ClickKeyword.execute(ClickKeyword.groovy:67)
	at com.kms.katalon.core.keyword.internal.KeywordExecutor.executeKeywordForPlatform(KeywordExecutor.groovy:56)
	at com.kms.katalon.core.webui.keyword.WebUiBuiltInKeywords.click(WebUiBuiltInKeywords.groovy:616)
	at com.kms.katalon.core.webui.keyword.WebUiBuiltInKeywords$click$3.call(Unknown Source)
	at TC08-AccountMatching-Insurer.run(TC08-AccountMatching-Insurer:59)
	at com.kms.katalon.core.main.ScriptEngine.run(ScriptEngine.java:194)
	at com.kms.katalon.core.main.ScriptEngine.runScriptAsRawText(ScriptEngine.java:119)
	at com.kms.katalon.core.main.TestCaseExecutor.runScript(TestCaseExecutor.java:331)
	at com.kms.katalon.core.main.TestCaseExecutor.doExecute(TestCaseExecutor.java:322)
	at com.kms.katalon.core.main.TestCaseExecutor.processExecutionPhase(TestCaseExecutor.java:301)
	at com.kms.katalon.core.main.TestCaseExecutor.accessMainPhase(TestCaseExecutor.java:293)
	at com.kms.katalon.core.main.TestCaseExecutor.execute(TestCaseExecutor.java:227)
	at com.kms.katalon.core.main.TestSuiteExecutor.accessTestCaseMainPhase(TestSuiteExecutor.java:129)
	at com.kms.katalon.core.main.TestSuiteExecutor.accessTestSuiteMainPhase(TestSuiteExecutor.java:112)
	at com.kms.katalon.core.main.TestSuiteExecutor.execute(TestSuiteExecutor.java:81)
	at com.kms.katalon.core.main.TestCaseMain.startTestSuite(TestCaseMain.java:157)
	at com.kms.katalon.core.main.TestCaseMain$startTestSuite$0.call(Unknown Source)
	at TempTestSuite1557918197360.run(TempTestSuite1557918197360.groovy:35)]]></system-err>
      </testcase>
      <system-out><![CDATA[2019-05-15 16:33:19 - [TEST_SUITE][FAILED] - AllAccountMatching: Test Cases/TC07-AccountMatching-Broker FAILED.
Reason:
com.kms.katalon.core.exception.StepFailedException: Unable to click on object 'Object Repository/TC04-AccountMatching-MGA/CheckBox'
	at com.kms.katalon.core.keyword.internal.KeywordMain.stepFailed(KeywordMain.groovy:37)
	at com.kms.katalon.core.webui.keyword.internal.WebUIKeywordMain.stepFailed(WebUIKeywordMain.groovy:65)
	at com.kms.katalon.core.webui.keyword.internal.WebUIKeywordMain.runKeyword(WebUIKeywordMain.groovy:27)
	at com.kms.katalon.core.webui.keyword.builtin.ClickKeyword.click(ClickKeyword.groovy:86)
	at com.kms.katalon.core.webui.keyword.builtin.ClickKeyword.execute(ClickKeyword.groovy:67)
	at com.kms.katalon.core.keyword.internal.KeywordExecutor.executeKeywordForPlatform(KeywordExecutor.groovy:56)
	at com.kms.katalon.core.webui.keyword.WebUiBuiltInKeywords.click(WebUiBuiltInKeywords.groovy:616)
	at com.kms.katalon.core.webui.keyword.WebUiBuiltInKeywords$click$3.call(Unknown Source)
	at TC07-AccountMatching-Broker.run(TC07-AccountMatching-Broker:63)
	at com.kms.katalon.core.main.ScriptEngine.run(ScriptEngine.java:194)
	at com.kms.katalon.core.main.ScriptEngine.runScriptAsRawText(ScriptEngine.java:119)
	at com.kms.katalon.core.main.TestCaseExecutor.runScript(TestCaseExecutor.java:331)
	at com.kms.katalon.core.main.TestCaseExecutor.doExecute(TestCaseExecutor.java:322)
	at com.kms.katalon.core.main.TestCaseExecutor.processExecutionPhase(TestCaseExecutor.java:301)
	at com.kms.katalon.core.main.TestCaseExecutor.accessMainPhase(TestCaseExecutor.java:293)
	at com.kms.katalon.core.main.TestCaseExecutor.execute(TestCaseExecutor.java:227)
	at com.kms.katalon.core.main.TestSuiteExecutor.accessTestCaseMainPhase(TestSuiteExecutor.java:129)
	at com.kms.katalon.core.main.TestSuiteExecutor.accessTestSuiteMainPhase(TestSuiteExecutor.java:112)
	at com.kms.katalon.core.main.TestSuiteExecutor.execute(TestSuiteExecutor.java:81)
	at com.kms.katalon.core.main.TestCaseMain.startTestSuite(TestCaseMain.java:157)
	at com.kms.katalon.core.main.TestCaseMain$startTestSuite$0.call(Unknown Source)
	at TempTestSuite1557918197360.run(TempTestSuite1557918197360.groovy:35)]]></system-out>
      <system-err><![CDATA[2019-05-15 16:33:19 - [TEST_SUITE][FAILED] - AllAccountMatching: Test Cases/TC07-AccountMatching-Broker FAILED.
Reason:
com.kms.katalon.core.exception.StepFailedException: Unable to click on object 'Object Repository/TC04-AccountMatching-MGA/CheckBox'
	at com.kms.katalon.core.keyword.internal.KeywordMain.stepFailed(KeywordMain.groovy:37)
	at com.kms.katalon.core.webui.keyword.internal.WebUIKeywordMain.stepFailed(WebUIKeywordMain.groovy:65)
	at com.kms.katalon.core.webui.keyword.internal.WebUIKeywordMain.runKeyword(WebUIKeywordMain.groovy:27)
	at com.kms.katalon.core.webui.keyword.builtin.ClickKeyword.click(ClickKeyword.groovy:86)
	at com.kms.katalon.core.webui.keyword.builtin.ClickKeyword.execute(ClickKeyword.groovy:67)
	at com.kms.katalon.core.keyword.internal.KeywordExecutor.executeKeywordForPlatform(KeywordExecutor.groovy:56)
	at com.kms.katalon.core.webui.keyword.WebUiBuiltInKeywords.click(WebUiBuiltInKeywords.groovy:616)
	at com.kms.katalon.core.webui.keyword.WebUiBuiltInKeywords$click$3.call(Unknown Source)
	at TC07-AccountMatching-Broker.run(TC07-AccountMatching-Broker:63)
	at com.kms.katalon.core.main.ScriptEngine.run(ScriptEngine.java:194)
	at com.kms.katalon.core.main.ScriptEngine.runScriptAsRawText(ScriptEngine.java:119)
	at com.kms.katalon.core.main.TestCaseExecutor.runScript(TestCaseExecutor.java:331)
	at com.kms.katalon.core.main.TestCaseExecutor.doExecute(TestCaseExecutor.java:322)
	at com.kms.katalon.core.main.TestCaseExecutor.processExecutionPhase(TestCaseExecutor.java:301)
	at com.kms.katalon.core.main.TestCaseExecutor.accessMainPhase(TestCaseExecutor.java:293)
	at com.kms.katalon.core.main.TestCaseExecutor.execute(TestCaseExecutor.java:227)
	at com.kms.katalon.core.main.TestSuiteExecutor.accessTestCaseMainPhase(TestSuiteExecutor.java:129)
	at com.kms.katalon.core.main.TestSuiteExecutor.accessTestSuiteMainPhase(TestSuiteExecutor.java:112)
	at com.kms.katalon.core.main.TestSuiteExecutor.execute(TestSuiteExecutor.java:81)
	at com.kms.katalon.core.main.TestCaseMain.startTestSuite(TestCaseMain.java:157)
	at com.kms.katalon.core.main.TestCaseMain$startTestSuite$0.call(Unknown Source)
	at TempTestSuite1557918197360.run(TempTestSuite1557918197360.groovy:35)]]></system-err>
   </testsuite>
</testsuites>
