<?xml version="1.0" encoding="UTF-8"?>
<testsuites name="TrialBalance" time="92" tests="1" failures="0" errors="1">
   <testsuite name="TrialBalance" tests="1" failures="0" errors="1" time="92" timestamp="2019-05-02 15:47:40" hostname="dipak - DIPAKDAS-PC.indusnettechnologies.com" id="Test Suites/TrialBalance">
      <properties>
         <property name="deviceName" value=""/>
         <property name="devicePlatform" value=""/>
         <property name="logFolder" value="E:\\MarkitCore\\CoreApplication\\Reports\\TrialBalance\\20190502_154716"/>
         <property name="logFiles" value="E:\\MarkitCore\\CoreApplication\\Reports\\TrialBalance\\20190502_154716\\execution0.log"/>
         <property name="attachments" value=""/>
         <property name="hostName" value="dipak - DIPAKDAS-PC.indusnettechnologies.com"/>
         <property name="os" value="Windows 7 32bit"/>
         <property name="katalonVersion" value="6.0.5.4"/>
         <property name="browser" value="Chrome 74.0.3729.131"/>
         <property name="hostAddress" value="10.0.12.237"/>
         <property name="sessionId" value="abda750eb9abd6cf9b5e452522cf0cfe"/>
         <property name="seleniumVersion" value="3.7.1"/>
         <property name="proxyInformation" value="ProxyInformation{proxyOption=NO_PROXY, proxyServerType=HTTP, password=, proxyServerAddress=, proxyServerPort=0}"/>
         <property name="platform" value="Windows 7"/>
      </properties>
      <testcase name="Test Cases/TC01-LoginApplication" classname="Test Cases/TC01-LoginApplication" status="PASSED">
         <system-out><![CDATA[2019-05-02 15:48:23 - [TEST_CASE][PASSED] - Test Cases/TC01-LoginApplication: Test Cases/TC01-LoginApplication

2019-05-02 15:48:23 - [TEST_STEP][NOT_RUN] - openBrowser(""): NOT_RUN: openBrowser("")

2019-05-02 15:48:23 - [MESSAGE][NOT_RUN] - NOT_RUN: openBrowser("")

2019-05-02 15:48:23 - [TEST_STEP][NOT_RUN] - navigateToUrl("https://dev.offshoresoftwaresolutions.net/markit_coreV2/Sites/CoreTest/login/admin_display"): NOT_RUN: navigateToUrl("https://dev.offshoresoftwaresolutions.net/markit_coreV2/Sites/CoreTest/login/admin_display")

2019-05-02 15:48:23 - [MESSAGE][NOT_RUN] - NOT_RUN: navigateToUrl("https://dev.offshoresoftwaresolutions.net/markit_coreV2/Sites/CoreTest/login/admin_display")

2019-05-02 15:48:23 - [TEST_STEP][PASSED] - setText(findTestObject("Object Repository/TC-LoginApplication/Page_Markit core new  Login/input_Login to your account_username"), "dDasTester"): Text 'dDasTester' is set on object 'Object Repository/TC-LoginApplication/Page_Markit core new  Login/input_Login to your account_username'

2019-05-02 15:48:24 - [MESSAGE][PASSED] - Text 'dDasTester' is set on object 'Object Repository/TC-LoginApplication/Page_Markit core new  Login/input_Login to your account_username'

2019-05-02 15:48:24 - [TEST_STEP][PASSED] - setText(findTestObject("Object Repository/TC-LoginApplication/Page_Markit core new  Login/input_Login to your account_password"), "Czybm6R*"): Text 'Czybm6R*' is set on object 'Object Repository/TC-LoginApplication/Page_Markit core new  Login/input_Login to your account_password'

2019-05-02 15:48:24 - [MESSAGE][PASSED] - Text 'Czybm6R*' is set on object 'Object Repository/TC-LoginApplication/Page_Markit core new  Login/input_Login to your account_password'

2019-05-02 15:48:24 - [TEST_STEP][PASSED] - delay(4, STOP_ON_FAILURE): Delayed 4 second(s)

2019-05-02 15:48:28 - [MESSAGE][PASSED] - Delayed 4 second(s)

2019-05-02 15:48:28 - [TEST_STEP][NOT_RUN] - maximizeWindow(): NOT_RUN: maximizeWindow()

2019-05-02 15:48:28 - [MESSAGE][NOT_RUN] - NOT_RUN: maximizeWindow()

2019-05-02 15:48:28 - [TEST_STEP][PASSED] - click(findTestObject("Object Repository/TC-LoginApplication/Page_Markit core new  Login/button_Login")): Object: 'Object Repository/TC-LoginApplication/Page_Markit core new  Login/button_Login' is clicked on

2019-05-02 15:48:35 - [MESSAGE][PASSED] - Object: 'Object Repository/TC-LoginApplication/Page_Markit core new  Login/button_Login' is clicked on

2019-05-02 15:48:35 - [TEST_STEP][NOT_RUN] - log = new com.kms.katalon.core.logging.KeywordLogger(): NOT_RUN: log = new com.kms.katalon.core.logging.KeywordLogger()

2019-05-02 15:48:35 - [MESSAGE][NOT_RUN] - NOT_RUN: log = new com.kms.katalon.core.logging.KeywordLogger()

2019-05-02 15:48:35 - [TEST_STEP][NOT_RUN] - log.logInfo(“Dipak”): NOT_RUN: log.logInfo(“Dipak”)

2019-05-02 15:48:35 - [MESSAGE][NOT_RUN] - NOT_RUN: log.logInfo(“Dipak”)]]></system-out>
         <system-err><![CDATA[]]></system-err>
      </testcase>
      <testcase name="Test Cases/TC11-TrialBalanceReport" classname="Test Cases/TC11-TrialBalanceReport" status="ERROR">
         <error type="ERROR" message="Test Cases/TC11-TrialBalanceReport FAILED.
Reason:
org.codehaus.groovy.runtime.InvokerInvocationException: java.io.FileNotFoundException: E:\MarkitCore\CoreApplication\Data Files\TestData\Comission.xlsx (The process cannot access the file because it is being used by another process)
	at com.excel.helper.ExcelHelper.invokeMethod(Excelhelper.groovy)
	at com.kms.katalon.core.main.CustomKeywordDelegatingMetaClass.invokeStaticMethod(CustomKeywordDelegatingMetaClass.java:49)
	at TC11-TrialBalanceReport.run(TC11-TrialBalanceReport:58)
	at com.kms.katalon.core.main.ScriptEngine.run(ScriptEngine.java:194)
	at com.kms.katalon.core.main.ScriptEngine.runScriptAsRawText(ScriptEngine.java:119)
	at com.kms.katalon.core.main.TestCaseExecutor.runScript(TestCaseExecutor.java:331)
	at com.kms.katalon.core.main.TestCaseExecutor.doExecute(TestCaseExecutor.java:322)
	at com.kms.katalon.core.main.TestCaseExecutor.processExecutionPhase(TestCaseExecutor.java:301)
	at com.kms.katalon.core.main.TestCaseExecutor.accessMainPhase(TestCaseExecutor.java:293)
	at com.kms.katalon.core.main.TestCaseExecutor.execute(TestCaseExecutor.java:227)
	at com.kms.katalon.core.main.TestSuiteExecutor.accessTestCaseMainPhase(TestSuiteExecutor.java:129)
	at com.kms.katalon.core.main.TestSuiteExecutor.accessTestSuiteMainPhase(TestSuiteExecutor.java:112)
	at com.kms.katalon.core.main.TestSuiteExecutor.execute(TestSuiteExecutor.java:81)
	at com.kms.katalon.core.main.TestCaseMain.startTestSuite(TestCaseMain.java:157)
	at com.kms.katalon.core.main.TestCaseMain$startTestSuite$0.call(Unknown Source)
	at TempTestSuite1556792236249.run(TempTestSuite1556792236249.groovy:35)
Caused by: java.io.FileNotFoundException: E:\MarkitCore\CoreApplication\Data Files\TestData\Comission.xlsx (The process cannot access the file because it is being used by another process)
	at com.excel.helper.ExcelHelper.writeToExcel(Excelhelper.groovy:78)
	at com.excel.helper.ExcelHelper.updateTheExcel(Excelhelper.groovy:62)
	at com.excel.helper.ExcelHelper.invokeMethod(Excelhelper.groovy)
	at com.kms.katalon.core.main.CustomKeywordDelegatingMetaClass.invokeStaticMethod(CustomKeywordDelegatingMetaClass.java:49)
	at Script1556616770970.run(Script1556616770970.groovy:58)
	... 13 more
"/>
         <system-out><![CDATA[2019-05-02 15:48:35 - [TEST_CASE][ERROR] - Test Cases/TC11-TrialBalanceReport: Test Cases/TC11-TrialBalanceReport FAILED.
Reason:
org.codehaus.groovy.runtime.InvokerInvocationException: java.io.FileNotFoundException: E:\MarkitCore\CoreApplication\Data Files\TestData\Comission.xlsx (The process cannot access the file because it is being used by another process)
	at com.excel.helper.ExcelHelper.invokeMethod(Excelhelper.groovy)
	at com.kms.katalon.core.main.CustomKeywordDelegatingMetaClass.invokeStaticMethod(CustomKeywordDelegatingMetaClass.java:49)
	at TC11-TrialBalanceReport.run(TC11-TrialBalanceReport:58)
	at com.kms.katalon.core.main.ScriptEngine.run(ScriptEngine.java:194)
	at com.kms.katalon.core.main.ScriptEngine.runScriptAsRawText(ScriptEngine.java:119)
	at com.kms.katalon.core.main.TestCaseExecutor.runScript(TestCaseExecutor.java:331)
	at com.kms.katalon.core.main.TestCaseExecutor.doExecute(TestCaseExecutor.java:322)
	at com.kms.katalon.core.main.TestCaseExecutor.processExecutionPhase(TestCaseExecutor.java:301)
	at com.kms.katalon.core.main.TestCaseExecutor.accessMainPhase(TestCaseExecutor.java:293)
	at com.kms.katalon.core.main.TestCaseExecutor.execute(TestCaseExecutor.java:227)
	at com.kms.katalon.core.main.TestSuiteExecutor.accessTestCaseMainPhase(TestSuiteExecutor.java:129)
	at com.kms.katalon.core.main.TestSuiteExecutor.accessTestSuiteMainPhase(TestSuiteExecutor.java:112)
	at com.kms.katalon.core.main.TestSuiteExecutor.execute(TestSuiteExecutor.java:81)
	at com.kms.katalon.core.main.TestCaseMain.startTestSuite(TestCaseMain.java:157)
	at com.kms.katalon.core.main.TestCaseMain$startTestSuite$0.call(Unknown Source)
	at TempTestSuite1556792236249.run(TempTestSuite1556792236249.groovy:35)
Caused by: java.io.FileNotFoundException: E:\MarkitCore\CoreApplication\Data Files\TestData\Comission.xlsx (The process cannot access the file because it is being used by another process)
	at com.excel.helper.ExcelHelper.writeToExcel(Excelhelper.groovy:78)
	at com.excel.helper.ExcelHelper.updateTheExcel(Excelhelper.groovy:62)
	at com.excel.helper.ExcelHelper.invokeMethod(Excelhelper.groovy)
	at com.kms.katalon.core.main.CustomKeywordDelegatingMetaClass.invokeStaticMethod(CustomKeywordDelegatingMetaClass.java:49)
	at Script1556616770970.run(Script1556616770970.groovy:58)
	... 13 more


2019-05-02 15:48:35 - [TEST_STEP][PASSED] - waitForJQueryLoad(5): jQuery is ready.

2019-05-02 15:48:35 - [MESSAGE][PASSED] - jQuery is ready.

2019-05-02 15:48:35 - [TEST_STEP][PASSED] - scrollToElement(findTestObject("TC11-TrialBalance/Report"), 4): Scroll to object 'Object Repository/TC11-TrialBalance/Report' successfully

2019-05-02 15:48:35 - [MESSAGE][PASSED] - Scroll to object 'Object Repository/TC11-TrialBalance/Report' successfully

2019-05-02 15:48:35 - [TEST_STEP][PASSED] - click(findTestObject("TC11-TrialBalance/Report")): Object: 'Object Repository/TC11-TrialBalance/Report' is clicked on

2019-05-02 15:48:35 - [MESSAGE][PASSED] - Object: 'Object Repository/TC11-TrialBalance/Report' is clicked on

2019-05-02 15:48:35 - [TEST_STEP][PASSED] - delay(4): Delayed 4 second(s)

2019-05-02 15:48:39 - [MESSAGE][PASSED] - Delayed 4 second(s)

2019-05-02 15:48:39 - [TEST_STEP][PASSED] - scrollToElement(findTestObject("TC11-TrialBalance/TrialBalance"), 4): Scroll to object 'Object Repository/TC11-TrialBalance/TrialBalance' successfully

2019-05-02 15:48:39 - [MESSAGE][PASSED] - Scroll to object 'Object Repository/TC11-TrialBalance/TrialBalance' successfully

2019-05-02 15:48:39 - [TEST_STEP][PASSED] - click(findTestObject("TC11-TrialBalance/TrialBalance")): Object: 'Object Repository/TC11-TrialBalance/TrialBalance' is clicked on

2019-05-02 15:48:43 - [MESSAGE][PASSED] - Object: 'Object Repository/TC11-TrialBalance/TrialBalance' is clicked on

2019-05-02 15:48:43 - [TEST_STEP][PASSED] - waitForJQueryLoad(4): jQuery is ready.

2019-05-02 15:48:44 - [MESSAGE][PASSED] - jQuery is ready.

2019-05-02 15:48:44 - [TEST_STEP][PASSED] - selectOptionByLabel(findTestObject("TC11-TrialBalance/SelectCurrency"), "USD", false): All options with label 'USD' are selected in object 'Object Repository/TC11-TrialBalance/SelectCurrency' 

2019-05-02 15:48:45 - [MESSAGE][PASSED] - All options with label 'USD' are selected in object 'Object Repository/TC11-TrialBalance/SelectCurrency' 

2019-05-02 15:48:45 - [TEST_STEP][PASSED] - delay(4): Delayed 4 second(s)

2019-05-02 15:48:49 - [MESSAGE][PASSED] - Delayed 4 second(s)

2019-05-02 15:48:49 - [TEST_STEP][PASSED] - click(findTestObject("TC11-TrialBalance/SelectEntity")): Object: 'Object Repository/TC11-TrialBalance/SelectEntity' is clicked on

2019-05-02 15:48:49 - [MESSAGE][PASSED] - Object: 'Object Repository/TC11-TrialBalance/SelectEntity' is clicked on

2019-05-02 15:48:49 - [TEST_STEP][PASSED] - delay(4): Delayed 4 second(s)

2019-05-02 15:48:53 - [MESSAGE][PASSED] - Delayed 4 second(s)

2019-05-02 15:48:53 - [TEST_STEP][PASSED] - setText(findTestObject("TC11-TrialBalance/TypeEntityName"), "NEW MGA"): Text 'NEW MGA' is set on object 'Object Repository/TC11-TrialBalance/TypeEntityName'

2019-05-02 15:48:53 - [MESSAGE][PASSED] - Text 'NEW MGA' is set on object 'Object Repository/TC11-TrialBalance/TypeEntityName'

2019-05-02 15:48:53 - [TEST_STEP][PASSED] - sendKeys(findTestObject("TC11-TrialBalance/TypeEntityName"), Keys.chord(ENTER)): Keys 'ENTER + ' sent to object: 'Object Repository/TC11-TrialBalance/TypeEntityName'

2019-05-02 15:48:53 - [MESSAGE][PASSED] - Keys 'ENTER + ' sent to object: 'Object Repository/TC11-TrialBalance/TypeEntityName'

2019-05-02 15:48:53 - [TEST_STEP][PASSED] - delay(5): Delayed 5 second(s)

2019-05-02 15:48:58 - [MESSAGE][PASSED] - Delayed 5 second(s)

2019-05-02 15:48:58 - [TEST_STEP][PASSED] - click(findTestObject("TC11-TrialBalance/MGACreditor")): Object: 'Object Repository/TC11-TrialBalance/MGACreditor' is clicked on

2019-05-02 15:49:00 - [MESSAGE][PASSED] - Object: 'Object Repository/TC11-TrialBalance/MGACreditor' is clicked on

2019-05-02 15:49:00 - [TEST_STEP][PASSED] - delay(4): Delayed 4 second(s)

2019-05-02 15:49:04 - [MESSAGE][PASSED] - Delayed 4 second(s)

2019-05-02 15:49:04 - [TEST_STEP][PASSED] - setText(findTestObject("TC11-TrialBalance/SearchPolicy"), findTestData("TestData/MTA_PolicyNO").getValue(1, 1)): Text 'DASD/POLICY/003003' is set on object 'Object Repository/TC11-TrialBalance/SearchPolicy'

2019-05-02 15:49:07 - [MESSAGE][PASSED] - Text 'DASD/POLICY/003003' is set on object 'Object Repository/TC11-TrialBalance/SearchPolicy'

2019-05-02 15:49:07 - [TEST_STEP][PASSED] - sendKeys(findTestObject("TC11-TrialBalance/SearchPolicy"), Keys.chord(ENTER)): Keys 'ENTER + ' sent to object: 'Object Repository/TC11-TrialBalance/SearchPolicy'

2019-05-02 15:49:07 - [MESSAGE][PASSED] - Keys 'ENTER + ' sent to object: 'Object Repository/TC11-TrialBalance/SearchPolicy'

2019-05-02 15:49:07 - [TEST_STEP][PASSED] - delay(4): Delayed 4 second(s)

2019-05-02 15:49:11 - [MESSAGE][PASSED] - Delayed 4 second(s)

2019-05-02 15:49:11 - [TEST_STEP][PASSED] - MGA_Comm_Value = getText(findTestObject("TC11-TrialBalance/MGAValueCapture")): Text of object 'Object Repository/TC11-TrialBalance/MGAValueCapture' is: '145.50'

2019-05-02 15:49:11 - [MESSAGE][PASSED] - Text of object 'Object Repository/TC11-TrialBalance/MGAValueCapture' is: '145.50'

2019-05-02 15:49:11 - [TEST_STEP][ERROR] - com.excel.helper.ExcelHelper.updateTheExcel("E:\MarkitCore\CoreApplication\Data Files\TestData\Comission.xlsx", "MGATrialBalance", MGA_Comm_Value): com.excel.helper.ExcelHelper.updateTheExcel("E:\MarkitCore\CoreApplication\Data Files\TestData\Comission.xlsx", "MGATrialBalance", MGA_Comm_Value) FAILED.
Reason:
org.codehaus.groovy.runtime.InvokerInvocationException: java.io.FileNotFoundException: E:\MarkitCore\CoreApplication\Data Files\TestData\Comission.xlsx (The process cannot access the file because it is being used by another process)
	at com.excel.helper.ExcelHelper.invokeMethod(Excelhelper.groovy)
	at com.kms.katalon.core.main.CustomKeywordDelegatingMetaClass.invokeStaticMethod(CustomKeywordDelegatingMetaClass.java:49)
	at TC11-TrialBalanceReport.run(TC11-TrialBalanceReport:58)
	at com.kms.katalon.core.main.ScriptEngine.run(ScriptEngine.java:194)
	at com.kms.katalon.core.main.ScriptEngine.runScriptAsRawText(ScriptEngine.java:119)
	at com.kms.katalon.core.main.TestCaseExecutor.runScript(TestCaseExecutor.java:331)
	at com.kms.katalon.core.main.TestCaseExecutor.doExecute(TestCaseExecutor.java:322)
	at com.kms.katalon.core.main.TestCaseExecutor.processExecutionPhase(TestCaseExecutor.java:301)
	at com.kms.katalon.core.main.TestCaseExecutor.accessMainPhase(TestCaseExecutor.java:293)
	at com.kms.katalon.core.main.TestCaseExecutor.execute(TestCaseExecutor.java:227)
	at com.kms.katalon.core.main.TestSuiteExecutor.accessTestCaseMainPhase(TestSuiteExecutor.java:129)
	at com.kms.katalon.core.main.TestSuiteExecutor.accessTestSuiteMainPhase(TestSuiteExecutor.java:112)
	at com.kms.katalon.core.main.TestSuiteExecutor.execute(TestSuiteExecutor.java:81)
	at com.kms.katalon.core.main.TestCaseMain.startTestSuite(TestCaseMain.java:157)
	at com.kms.katalon.core.main.TestCaseMain$startTestSuite$0.call(Unknown Source)
	at TempTestSuite1556792236249.run(TempTestSuite1556792236249.groovy:35)
Caused by: java.io.FileNotFoundException: E:\MarkitCore\CoreApplication\Data Files\TestData\Comission.xlsx (The process cannot access the file because it is being used by another process)
	at com.excel.helper.ExcelHelper.writeToExcel(Excelhelper.groovy:78)
	at com.excel.helper.ExcelHelper.updateTheExcel(Excelhelper.groovy:62)
	at com.excel.helper.ExcelHelper.invokeMethod(Excelhelper.groovy)
	at com.kms.katalon.core.main.CustomKeywordDelegatingMetaClass.invokeStaticMethod(CustomKeywordDelegatingMetaClass.java:49)
	at Script1556616770970.run(Script1556616770970.groovy:58)
	... 13 more


2019-05-02 15:49:11 - [MESSAGE][ERROR] - java.io.FileNotFoundException: E:\MarkitCore\CoreApplication\Data Files\TestData\Comission.xlsx (The process cannot access the file because it is being used by another process)

2019-05-02 15:49:12 - [MESSAGE][ERROR] - com.excel.helper.ExcelHelper.updateTheExcel("E:\MarkitCore\CoreApplication\Data Files\TestData\Comission.xlsx", "MGATrialBalance", MGA_Comm_Value) FAILED.
Reason:
org.codehaus.groovy.runtime.InvokerInvocationException: java.io.FileNotFoundException: E:\MarkitCore\CoreApplication\Data Files\TestData\Comission.xlsx (The process cannot access the file because it is being used by another process)
	at com.excel.helper.ExcelHelper.invokeMethod(Excelhelper.groovy)
	at com.kms.katalon.core.main.CustomKeywordDelegatingMetaClass.invokeStaticMethod(CustomKeywordDelegatingMetaClass.java:49)
	at TC11-TrialBalanceReport.run(TC11-TrialBalanceReport:58)
	at com.kms.katalon.core.main.ScriptEngine.run(ScriptEngine.java:194)
	at com.kms.katalon.core.main.ScriptEngine.runScriptAsRawText(ScriptEngine.java:119)
	at com.kms.katalon.core.main.TestCaseExecutor.runScript(TestCaseExecutor.java:331)
	at com.kms.katalon.core.main.TestCaseExecutor.doExecute(TestCaseExecutor.java:322)
	at com.kms.katalon.core.main.TestCaseExecutor.processExecutionPhase(TestCaseExecutor.java:301)
	at com.kms.katalon.core.main.TestCaseExecutor.accessMainPhase(TestCaseExecutor.java:293)
	at com.kms.katalon.core.main.TestCaseExecutor.execute(TestCaseExecutor.java:227)
	at com.kms.katalon.core.main.TestSuiteExecutor.accessTestCaseMainPhase(TestSuiteExecutor.java:129)
	at com.kms.katalon.core.main.TestSuiteExecutor.accessTestSuiteMainPhase(TestSuiteExecutor.java:112)
	at com.kms.katalon.core.main.TestSuiteExecutor.execute(TestSuiteExecutor.java:81)
	at com.kms.katalon.core.main.TestCaseMain.startTestSuite(TestCaseMain.java:157)
	at com.kms.katalon.core.main.TestCaseMain$startTestSuite$0.call(Unknown Source)
	at TempTestSuite1556792236249.run(TempTestSuite1556792236249.groovy:35)
Caused by: java.io.FileNotFoundException: E:\MarkitCore\CoreApplication\Data Files\TestData\Comission.xlsx (The process cannot access the file because it is being used by another process)
	at com.excel.helper.ExcelHelper.writeToExcel(Excelhelper.groovy:78)
	at com.excel.helper.ExcelHelper.updateTheExcel(Excelhelper.groovy:62)
	at com.excel.helper.ExcelHelper.invokeMethod(Excelhelper.groovy)
	at com.kms.katalon.core.main.CustomKeywordDelegatingMetaClass.invokeStaticMethod(CustomKeywordDelegatingMetaClass.java:49)
	at Script1556616770970.run(Script1556616770970.groovy:58)
	... 13 more]]></system-out>
         <system-err><![CDATA[2019-05-02 15:48:35 - [TEST_CASE][ERROR] - Test Cases/TC11-TrialBalanceReport: Test Cases/TC11-TrialBalanceReport FAILED.
Reason:
org.codehaus.groovy.runtime.InvokerInvocationException: java.io.FileNotFoundException: E:\MarkitCore\CoreApplication\Data Files\TestData\Comission.xlsx (The process cannot access the file because it is being used by another process)
	at com.excel.helper.ExcelHelper.invokeMethod(Excelhelper.groovy)
	at com.kms.katalon.core.main.CustomKeywordDelegatingMetaClass.invokeStaticMethod(CustomKeywordDelegatingMetaClass.java:49)
	at TC11-TrialBalanceReport.run(TC11-TrialBalanceReport:58)
	at com.kms.katalon.core.main.ScriptEngine.run(ScriptEngine.java:194)
	at com.kms.katalon.core.main.ScriptEngine.runScriptAsRawText(ScriptEngine.java:119)
	at com.kms.katalon.core.main.TestCaseExecutor.runScript(TestCaseExecutor.java:331)
	at com.kms.katalon.core.main.TestCaseExecutor.doExecute(TestCaseExecutor.java:322)
	at com.kms.katalon.core.main.TestCaseExecutor.processExecutionPhase(TestCaseExecutor.java:301)
	at com.kms.katalon.core.main.TestCaseExecutor.accessMainPhase(TestCaseExecutor.java:293)
	at com.kms.katalon.core.main.TestCaseExecutor.execute(TestCaseExecutor.java:227)
	at com.kms.katalon.core.main.TestSuiteExecutor.accessTestCaseMainPhase(TestSuiteExecutor.java:129)
	at com.kms.katalon.core.main.TestSuiteExecutor.accessTestSuiteMainPhase(TestSuiteExecutor.java:112)
	at com.kms.katalon.core.main.TestSuiteExecutor.execute(TestSuiteExecutor.java:81)
	at com.kms.katalon.core.main.TestCaseMain.startTestSuite(TestCaseMain.java:157)
	at com.kms.katalon.core.main.TestCaseMain$startTestSuite$0.call(Unknown Source)
	at TempTestSuite1556792236249.run(TempTestSuite1556792236249.groovy:35)
Caused by: java.io.FileNotFoundException: E:\MarkitCore\CoreApplication\Data Files\TestData\Comission.xlsx (The process cannot access the file because it is being used by another process)
	at com.excel.helper.ExcelHelper.writeToExcel(Excelhelper.groovy:78)
	at com.excel.helper.ExcelHelper.updateTheExcel(Excelhelper.groovy:62)
	at com.excel.helper.ExcelHelper.invokeMethod(Excelhelper.groovy)
	at com.kms.katalon.core.main.CustomKeywordDelegatingMetaClass.invokeStaticMethod(CustomKeywordDelegatingMetaClass.java:49)
	at Script1556616770970.run(Script1556616770970.groovy:58)
	... 13 more]]></system-err>
      </testcase>
      <system-out><![CDATA[2019-05-02 15:47:40 - [TEST_SUITE][ERROR] - TrialBalance: Test Cases/TC11-TrialBalanceReport FAILED.
Reason:
org.codehaus.groovy.runtime.InvokerInvocationException: java.io.FileNotFoundException: E:\MarkitCore\CoreApplication\Data Files\TestData\Comission.xlsx (The process cannot access the file because it is being used by another process)
	at com.excel.helper.ExcelHelper.invokeMethod(Excelhelper.groovy)
	at com.kms.katalon.core.main.CustomKeywordDelegatingMetaClass.invokeStaticMethod(CustomKeywordDelegatingMetaClass.java:49)
	at TC11-TrialBalanceReport.run(TC11-TrialBalanceReport:58)
	at com.kms.katalon.core.main.ScriptEngine.run(ScriptEngine.java:194)
	at com.kms.katalon.core.main.ScriptEngine.runScriptAsRawText(ScriptEngine.java:119)
	at com.kms.katalon.core.main.TestCaseExecutor.runScript(TestCaseExecutor.java:331)
	at com.kms.katalon.core.main.TestCaseExecutor.doExecute(TestCaseExecutor.java:322)
	at com.kms.katalon.core.main.TestCaseExecutor.processExecutionPhase(TestCaseExecutor.java:301)
	at com.kms.katalon.core.main.TestCaseExecutor.accessMainPhase(TestCaseExecutor.java:293)
	at com.kms.katalon.core.main.TestCaseExecutor.execute(TestCaseExecutor.java:227)
	at com.kms.katalon.core.main.TestSuiteExecutor.accessTestCaseMainPhase(TestSuiteExecutor.java:129)
	at com.kms.katalon.core.main.TestSuiteExecutor.accessTestSuiteMainPhase(TestSuiteExecutor.java:112)
	at com.kms.katalon.core.main.TestSuiteExecutor.execute(TestSuiteExecutor.java:81)
	at com.kms.katalon.core.main.TestCaseMain.startTestSuite(TestCaseMain.java:157)
	at com.kms.katalon.core.main.TestCaseMain$startTestSuite$0.call(Unknown Source)
	at TempTestSuite1556792236249.run(TempTestSuite1556792236249.groovy:35)
Caused by: java.io.FileNotFoundException: E:\MarkitCore\CoreApplication\Data Files\TestData\Comission.xlsx (The process cannot access the file because it is being used by another process)
	at com.excel.helper.ExcelHelper.writeToExcel(Excelhelper.groovy:78)
	at com.excel.helper.ExcelHelper.updateTheExcel(Excelhelper.groovy:62)
	at com.excel.helper.ExcelHelper.invokeMethod(Excelhelper.groovy)
	at com.kms.katalon.core.main.CustomKeywordDelegatingMetaClass.invokeStaticMethod(CustomKeywordDelegatingMetaClass.java:49)
	at Script1556616770970.run(Script1556616770970.groovy:58)
	... 13 more]]></system-out>
      <system-err><![CDATA[2019-05-02 15:47:40 - [TEST_SUITE][ERROR] - TrialBalance: Test Cases/TC11-TrialBalanceReport FAILED.
Reason:
org.codehaus.groovy.runtime.InvokerInvocationException: java.io.FileNotFoundException: E:\MarkitCore\CoreApplication\Data Files\TestData\Comission.xlsx (The process cannot access the file because it is being used by another process)
	at com.excel.helper.ExcelHelper.invokeMethod(Excelhelper.groovy)
	at com.kms.katalon.core.main.CustomKeywordDelegatingMetaClass.invokeStaticMethod(CustomKeywordDelegatingMetaClass.java:49)
	at TC11-TrialBalanceReport.run(TC11-TrialBalanceReport:58)
	at com.kms.katalon.core.main.ScriptEngine.run(ScriptEngine.java:194)
	at com.kms.katalon.core.main.ScriptEngine.runScriptAsRawText(ScriptEngine.java:119)
	at com.kms.katalon.core.main.TestCaseExecutor.runScript(TestCaseExecutor.java:331)
	at com.kms.katalon.core.main.TestCaseExecutor.doExecute(TestCaseExecutor.java:322)
	at com.kms.katalon.core.main.TestCaseExecutor.processExecutionPhase(TestCaseExecutor.java:301)
	at com.kms.katalon.core.main.TestCaseExecutor.accessMainPhase(TestCaseExecutor.java:293)
	at com.kms.katalon.core.main.TestCaseExecutor.execute(TestCaseExecutor.java:227)
	at com.kms.katalon.core.main.TestSuiteExecutor.accessTestCaseMainPhase(TestSuiteExecutor.java:129)
	at com.kms.katalon.core.main.TestSuiteExecutor.accessTestSuiteMainPhase(TestSuiteExecutor.java:112)
	at com.kms.katalon.core.main.TestSuiteExecutor.execute(TestSuiteExecutor.java:81)
	at com.kms.katalon.core.main.TestCaseMain.startTestSuite(TestCaseMain.java:157)
	at com.kms.katalon.core.main.TestCaseMain$startTestSuite$0.call(Unknown Source)
	at TempTestSuite1556792236249.run(TempTestSuite1556792236249.groovy:35)
Caused by: java.io.FileNotFoundException: E:\MarkitCore\CoreApplication\Data Files\TestData\Comission.xlsx (The process cannot access the file because it is being used by another process)
	at com.excel.helper.ExcelHelper.writeToExcel(Excelhelper.groovy:78)
	at com.excel.helper.ExcelHelper.updateTheExcel(Excelhelper.groovy:62)
	at com.excel.helper.ExcelHelper.invokeMethod(Excelhelper.groovy)
	at com.kms.katalon.core.main.CustomKeywordDelegatingMetaClass.invokeStaticMethod(CustomKeywordDelegatingMetaClass.java:49)
	at Script1556616770970.run(Script1556616770970.groovy:58)
	... 13 more]]></system-err>
   </testsuite>
</testsuites>
