<?xml version="1.0" encoding="UTF-8"?>
<testsuites name="AllAccountMatching" time="385" tests="0" failures="3" errors="0">
   <testsuite name="AllAccountMatching" tests="0" failures="3" errors="0" time="385" timestamp="2019-05-07 12:28:25" hostname="dipak - DIPAKDAS-PC.indusnettechnologies.com" id="Test Suites/AllAccountMatching">
      <properties>
         <property name="deviceName" value=""/>
         <property name="devicePlatform" value=""/>
         <property name="logFolder" value="E:\\MarkitCore\\CoreApplication\\Reports\\AllAccountMatching\\20190507_122812"/>
         <property name="logFiles" value="E:\\MarkitCore\\CoreApplication\\Reports\\AllAccountMatching\\20190507_122812\\execution0.log"/>
         <property name="attachments" value=""/>
         <property name="hostName" value="dipak - DIPAKDAS-PC.indusnettechnologies.com"/>
         <property name="os" value="Windows 7 32bit"/>
         <property name="katalonVersion" value="6.0.5.4"/>
         <property name="browser" value=""/>
         <property name="hostAddress" value="10.0.12.237"/>
         <property name="sessionId" value="f6cf1fabc3244c19aec5e59a67949e88"/>
         <property name="seleniumVersion" value="3.7.1"/>
         <property name="proxyInformation" value="ProxyInformation{proxyOption=NO_PROXY, proxyServerType=HTTP, password=, proxyServerAddress=, proxyServerPort=0}"/>
         <property name="platform" value="Windows 7"/>
      </properties>
      <testcase name="Test Cases/TC04-AccountMatching-MGA" classname="Test Cases/TC04-AccountMatching-MGA" status="FAILED">
         <failure type="FAILED" message="Test Cases/TC04-AccountMatching-MGA FAILED.
Reason:
com.kms.katalon.core.exception.StepFailedException: Unable to scroll to object 'Object Repository/TC04-AccountMatching-MGA/AccountManagement'
	at com.kms.katalon.core.keyword.internal.KeywordMain.stepFailed(KeywordMain.groovy:37)
	at com.kms.katalon.core.webui.keyword.internal.WebUIKeywordMain.stepFailed(WebUIKeywordMain.groovy:65)
	at com.kms.katalon.core.webui.keyword.internal.WebUIKeywordMain.runKeyword(WebUIKeywordMain.groovy:27)
	at com.kms.katalon.core.webui.keyword.builtin.ScrollToElementKeyword.scrollToElement(ScrollToElementKeyword.groovy:88)
	at com.kms.katalon.core.webui.keyword.builtin.ScrollToElementKeyword.execute(ScrollToElementKeyword.groovy:68)
	at com.kms.katalon.core.keyword.internal.KeywordExecutor.executeKeywordForPlatform(KeywordExecutor.groovy:56)
	at com.kms.katalon.core.webui.keyword.WebUiBuiltInKeywords.scrollToElement(WebUiBuiltInKeywords.groovy:2975)
	at com.kms.katalon.core.webui.keyword.WebUiBuiltInKeywords$scrollToElement$2.call(Unknown Source)
	at TC04-AccountMatching-MGA.run(TC04-AccountMatching-MGA:22)
	at com.kms.katalon.core.main.ScriptEngine.run(ScriptEngine.java:194)
	at com.kms.katalon.core.main.ScriptEngine.runScriptAsRawText(ScriptEngine.java:119)
	at com.kms.katalon.core.main.TestCaseExecutor.runScript(TestCaseExecutor.java:331)
	at com.kms.katalon.core.main.TestCaseExecutor.doExecute(TestCaseExecutor.java:322)
	at com.kms.katalon.core.main.TestCaseExecutor.processExecutionPhase(TestCaseExecutor.java:301)
	at com.kms.katalon.core.main.TestCaseExecutor.accessMainPhase(TestCaseExecutor.java:293)
	at com.kms.katalon.core.main.TestCaseExecutor.execute(TestCaseExecutor.java:227)
	at com.kms.katalon.core.main.TestSuiteExecutor.accessTestCaseMainPhase(TestSuiteExecutor.java:129)
	at com.kms.katalon.core.main.TestSuiteExecutor.accessTestSuiteMainPhase(TestSuiteExecutor.java:112)
	at com.kms.katalon.core.main.TestSuiteExecutor.execute(TestSuiteExecutor.java:81)
	at com.kms.katalon.core.main.TestCaseMain.startTestSuite(TestCaseMain.java:157)
	at com.kms.katalon.core.main.TestCaseMain$startTestSuite$0.call(Unknown Source)
	at TempTestSuite1557212292550.run(TempTestSuite1557212292550.groovy:35)
"/>
         <system-out><![CDATA[2019-05-07 12:28:47 - [TEST_CASE][FAILED] - Test Cases/TC04-AccountMatching-MGA: Test Cases/TC04-AccountMatching-MGA FAILED.
Reason:
com.kms.katalon.core.exception.StepFailedException: Unable to scroll to object 'Object Repository/TC04-AccountMatching-MGA/AccountManagement'
	at com.kms.katalon.core.keyword.internal.KeywordMain.stepFailed(KeywordMain.groovy:37)
	at com.kms.katalon.core.webui.keyword.internal.WebUIKeywordMain.stepFailed(WebUIKeywordMain.groovy:65)
	at com.kms.katalon.core.webui.keyword.internal.WebUIKeywordMain.runKeyword(WebUIKeywordMain.groovy:27)
	at com.kms.katalon.core.webui.keyword.builtin.ScrollToElementKeyword.scrollToElement(ScrollToElementKeyword.groovy:88)
	at com.kms.katalon.core.webui.keyword.builtin.ScrollToElementKeyword.execute(ScrollToElementKeyword.groovy:68)
	at com.kms.katalon.core.keyword.internal.KeywordExecutor.executeKeywordForPlatform(KeywordExecutor.groovy:56)
	at com.kms.katalon.core.webui.keyword.WebUiBuiltInKeywords.scrollToElement(WebUiBuiltInKeywords.groovy:2975)
	at com.kms.katalon.core.webui.keyword.WebUiBuiltInKeywords$scrollToElement$2.call(Unknown Source)
	at TC04-AccountMatching-MGA.run(TC04-AccountMatching-MGA:22)
	at com.kms.katalon.core.main.ScriptEngine.run(ScriptEngine.java:194)
	at com.kms.katalon.core.main.ScriptEngine.runScriptAsRawText(ScriptEngine.java:119)
	at com.kms.katalon.core.main.TestCaseExecutor.runScript(TestCaseExecutor.java:331)
	at com.kms.katalon.core.main.TestCaseExecutor.doExecute(TestCaseExecutor.java:322)
	at com.kms.katalon.core.main.TestCaseExecutor.processExecutionPhase(TestCaseExecutor.java:301)
	at com.kms.katalon.core.main.TestCaseExecutor.accessMainPhase(TestCaseExecutor.java:293)
	at com.kms.katalon.core.main.TestCaseExecutor.execute(TestCaseExecutor.java:227)
	at com.kms.katalon.core.main.TestSuiteExecutor.accessTestCaseMainPhase(TestSuiteExecutor.java:129)
	at com.kms.katalon.core.main.TestSuiteExecutor.accessTestSuiteMainPhase(TestSuiteExecutor.java:112)
	at com.kms.katalon.core.main.TestSuiteExecutor.execute(TestSuiteExecutor.java:81)
	at com.kms.katalon.core.main.TestCaseMain.startTestSuite(TestCaseMain.java:157)
	at com.kms.katalon.core.main.TestCaseMain$startTestSuite$0.call(Unknown Source)
	at TempTestSuite1557212292550.run(TempTestSuite1557212292550.groovy:35)


2019-05-07 12:28:47 - [TEST_STEP][PASSED] - log = new com.kms.katalon.core.logging.KeywordLogger(): null

2019-05-07 12:28:47 - [TEST_STEP][PASSED] - delay(3): Delayed 3 second(s)

2019-05-07 12:28:51 - [MESSAGE][PASSED] - Delayed 3 second(s)

2019-05-07 12:28:51 - [TEST_STEP][FAILED] - scrollToElement(findTestObject("TC04-AccountMatching-MGA/AccountManagement"), 5): Unable to scroll to object 'Object Repository/TC04-AccountMatching-MGA/AccountManagement'

2019-05-07 12:28:57 - [MESSAGE][WARNING] - Cannot take screenshot

2019-05-07 12:28:57 - [MESSAGE][FAILED] - Unable to scroll to object 'Object Repository/TC04-AccountMatching-MGA/AccountManagement'

2019-05-07 12:28:57 - [TEST_STEP][FAILED] - click(findTestObject("TC04-AccountMatching-MGA/AccountManagement")): Unable to click on object 'Object Repository/TC04-AccountMatching-MGA/AccountManagement'

2019-05-07 12:29:03 - [MESSAGE][WARNING] - Cannot take screenshot

2019-05-07 12:29:03 - [MESSAGE][FAILED] - Unable to click on object 'Object Repository/TC04-AccountMatching-MGA/AccountManagement'

2019-05-07 12:29:03 - [TEST_STEP][NOT_RUN] - delay(5): NOT_RUN: delay(5)

2019-05-07 12:29:03 - [MESSAGE][NOT_RUN] - NOT_RUN: delay(5)

2019-05-07 12:29:03 - [TEST_STEP][FAILED] - waitForElementVisible(findTestObject("TC04-AccountMatching-MGA/AccountMatchingLink"), 4): Unable to wait for object 'Object Repository/TC04-AccountMatching-MGA/AccountMatchingLink' to be visible

2019-05-07 12:29:09 - [MESSAGE][WARNING] - Cannot take screenshot

2019-05-07 12:29:09 - [MESSAGE][FAILED] - Unable to wait for object 'Object Repository/TC04-AccountMatching-MGA/AccountMatchingLink' to be visible

2019-05-07 12:29:09 - [TEST_STEP][FAILED] - click(findTestObject("TC04-AccountMatching-MGA/AccountMatchingLink")): Unable to click on object 'Object Repository/TC04-AccountMatching-MGA/AccountMatchingLink'

2019-05-07 12:29:15 - [MESSAGE][WARNING] - Cannot take screenshot

2019-05-07 12:29:15 - [MESSAGE][FAILED] - Unable to click on object 'Object Repository/TC04-AccountMatching-MGA/AccountMatchingLink'

2019-05-07 12:29:15 - [TEST_STEP][PASSED] - delay(5): Delayed 5 second(s)

2019-05-07 12:29:20 - [MESSAGE][PASSED] - Delayed 5 second(s)

2019-05-07 12:29:20 - [TEST_STEP][FAILED] - selectOptionByLabel(findTestObject("TC04-AccountMatching-MGA/EntityType"), "MGA", false): Unable to select option by label 'MGA' of object 'Object Repository/TC04-AccountMatching-MGA/EntityType' 

2019-05-07 12:29:26 - [MESSAGE][WARNING] - Cannot take screenshot

2019-05-07 12:29:26 - [MESSAGE][FAILED] - Unable to select option by label 'MGA' of object 'Object Repository/TC04-AccountMatching-MGA/EntityType' 

2019-05-07 12:29:26 - [TEST_STEP][PASSED] - delay(5): Delayed 5 second(s)

2019-05-07 12:29:31 - [MESSAGE][PASSED] - Delayed 5 second(s)

2019-05-07 12:29:31 - [TEST_STEP][FAILED] - selectOptionByLabel(findTestObject("TC04-AccountMatching-MGA/Entity"), "NEW MGA", false): Unable to select option by label 'NEW MGA' of object 'Object Repository/TC04-AccountMatching-MGA/Entity' 

2019-05-07 12:29:37 - [MESSAGE][WARNING] - Cannot take screenshot

2019-05-07 12:29:37 - [MESSAGE][FAILED] - Unable to select option by label 'NEW MGA' of object 'Object Repository/TC04-AccountMatching-MGA/Entity' 

2019-05-07 12:29:37 - [TEST_STEP][FAILED] - waitForElementClickable(findTestObject("TC04-AccountMatching-MGA/ClickGoButton"), 5): Unable to wait for object 'Object Repository/TC04-AccountMatching-MGA/ClickGoButton' to be clickable

2019-05-07 12:29:43 - [MESSAGE][WARNING] - Cannot take screenshot

2019-05-07 12:29:43 - [MESSAGE][FAILED] - Unable to wait for object 'Object Repository/TC04-AccountMatching-MGA/ClickGoButton' to be clickable

2019-05-07 12:29:43 - [TEST_STEP][FAILED] - click(findTestObject("TC04-AccountMatching-MGA/ClickGoButton")): Unable to click on object 'Object Repository/TC04-AccountMatching-MGA/ClickGoButton'

2019-05-07 12:29:49 - [MESSAGE][WARNING] - Cannot take screenshot

2019-05-07 12:29:49 - [MESSAGE][FAILED] - Unable to click on object 'Object Repository/TC04-AccountMatching-MGA/ClickGoButton'

2019-05-07 12:29:49 - [TEST_STEP][FAILED] - waitForJQueryLoad(5): Unable to wait for jQuery to load.

2019-05-07 12:29:55 - [MESSAGE][WARNING] - Cannot take screenshot

2019-05-07 12:29:55 - [MESSAGE][FAILED] - Unable to wait for jQuery to load.

2019-05-07 12:29:55 - [TEST_STEP][FAILED] - selectOptionByLabel(findTestObject("TC04-AccountMatching-MGA/SelectAccount"), "ComissionOnly -- Allocated -- NEW MGA CommAccount -- USD", false): Unable to select option by label 'ComissionOnly -- Allocated -- NEW MGA CommAccount -- USD' of object 'Object Repository/TC04-AccountMatching-MGA/SelectAccount' 

2019-05-07 12:30:01 - [MESSAGE][WARNING] - Cannot take screenshot

2019-05-07 12:30:01 - [MESSAGE][FAILED] - Unable to select option by label 'ComissionOnly -- Allocated -- NEW MGA CommAccount -- USD' of object 'Object Repository/TC04-AccountMatching-MGA/SelectAccount' 

2019-05-07 12:30:01 - [TEST_STEP][PASSED] - delay(5): Delayed 5 second(s)

2019-05-07 12:30:06 - [MESSAGE][PASSED] - Delayed 5 second(s)

2019-05-07 12:30:06 - [TEST_STEP][FAILED] - setText(findTestObject("TC04-AccountMatching-MGA/Acc_Matching_PolicyNo_TextBox"), MTA_Policy_No): Unable to set text 'DASD/POLICY/003055' of object 'Object Repository/TC04-AccountMatching-MGA/Acc_Matching_PolicyNo_TextBox'

2019-05-07 12:30:13 - [MESSAGE][WARNING] - Cannot take screenshot

2019-05-07 12:30:13 - [MESSAGE][FAILED] - Unable to set text 'DASD/POLICY/003055' of object 'Object Repository/TC04-AccountMatching-MGA/Acc_Matching_PolicyNo_TextBox'

2019-05-07 12:30:13 - [TEST_STEP][FAILED] - sendKeys(findTestObject("TC04-AccountMatching-MGA/Acc_Matching_PolicyNo_TextBox"), Keys.chord(ENTER)): Unable to send keys '' to object 'Object Repository/TC04-AccountMatching-MGA/Acc_Matching_PolicyNo_TextBox'

2019-05-07 12:30:19 - [MESSAGE][WARNING] - Cannot take screenshot

2019-05-07 12:30:19 - [MESSAGE][FAILED] - Unable to send keys '' to object 'Object Repository/TC04-AccountMatching-MGA/Acc_Matching_PolicyNo_TextBox'

2019-05-07 12:30:19 - [TEST_STEP][PASSED] - delay(5): Delayed 5 second(s)

2019-05-07 12:30:24 - [MESSAGE][PASSED] - Delayed 5 second(s)

2019-05-07 12:30:24 - [TEST_STEP][FAILED] - waitForElementClickable(findTestObject("TC04-AccountMatching-MGA/CheckBox"), 5): Unable to wait for object 'Object Repository/TC04-AccountMatching-MGA/CheckBox' to be clickable

2019-05-07 12:30:30 - [MESSAGE][WARNING] - Cannot take screenshot

2019-05-07 12:30:30 - [MESSAGE][FAILED] - Unable to wait for object 'Object Repository/TC04-AccountMatching-MGA/CheckBox' to be clickable

2019-05-07 12:30:30 - [TEST_STEP][FAILED] - click(findTestObject("TC04-AccountMatching-MGA/CheckBox")): Unable to click on object 'Object Repository/TC04-AccountMatching-MGA/CheckBox'

2019-05-07 12:30:36 - [MESSAGE][WARNING] - Cannot take screenshot

2019-05-07 12:30:36 - [MESSAGE][FAILED] - Unable to click on object 'Object Repository/TC04-AccountMatching-MGA/CheckBox'

2019-05-07 12:30:36 - [TEST_STEP][PASSED] - delay(4): Delayed 4 second(s)

2019-05-07 12:30:40 - [MESSAGE][PASSED] - Delayed 4 second(s)

2019-05-07 12:30:40 - [TEST_STEP][FAILED] - MGA_Comission_Amount = getText(findTestObject("TC04-AccountMatching-MGA/MGA_Amount")): Unable to get text of object 'Object Repository/TC04-AccountMatching-MGA/MGA_Amount'

2019-05-07 12:30:46 - [MESSAGE][WARNING] - Cannot take screenshot

2019-05-07 12:30:46 - [MESSAGE][FAILED] - Unable to get text of object 'Object Repository/TC04-AccountMatching-MGA/MGA_Amount'

2019-05-07 12:30:46 - [TEST_STEP][FAILED] - MGA_Comm_Amt = subString.FatchSubstringValue.SubString(MGA_Comission_Amount): MGA_Comm_Amt = subString.FatchSubstringValue.SubString(MGA_Comission_Amount) FAILED.
Reason:
com.kms.katalon.core.exception.StepFailedException: Unable to scroll to object 'Object Repository/TC04-AccountMatching-MGA/AccountManagement'
	at com.kms.katalon.core.keyword.internal.KeywordMain.stepFailed(KeywordMain.groovy:37)
	at com.kms.katalon.core.webui.keyword.internal.WebUIKeywordMain.stepFailed(WebUIKeywordMain.groovy:65)
	at com.kms.katalon.core.webui.keyword.internal.WebUIKeywordMain.runKeyword(WebUIKeywordMain.groovy:27)
	at com.kms.katalon.core.webui.keyword.builtin.ScrollToElementKeyword.scrollToElement(ScrollToElementKeyword.groovy:88)
	at com.kms.katalon.core.webui.keyword.builtin.ScrollToElementKeyword.execute(ScrollToElementKeyword.groovy:68)
	at com.kms.katalon.core.keyword.internal.KeywordExecutor.executeKeywordForPlatform(KeywordExecutor.groovy:56)
	at com.kms.katalon.core.webui.keyword.WebUiBuiltInKeywords.scrollToElement(WebUiBuiltInKeywords.groovy:2975)
	at com.kms.katalon.core.webui.keyword.WebUiBuiltInKeywords$scrollToElement$2.call(Unknown Source)
	at TC04-AccountMatching-MGA.run(TC04-AccountMatching-MGA:22)
	at com.kms.katalon.core.main.ScriptEngine.run(ScriptEngine.java:194)
	at com.kms.katalon.core.main.ScriptEngine.runScriptAsRawText(ScriptEngine.java:119)
	at com.kms.katalon.core.main.TestCaseExecutor.runScript(TestCaseExecutor.java:331)
	at com.kms.katalon.core.main.TestCaseExecutor.doExecute(TestCaseExecutor.java:322)
	at com.kms.katalon.core.main.TestCaseExecutor.processExecutionPhase(TestCaseExecutor.java:301)
	at com.kms.katalon.core.main.TestCaseExecutor.accessMainPhase(TestCaseExecutor.java:293)
	at com.kms.katalon.core.main.TestCaseExecutor.execute(TestCaseExecutor.java:227)
	at com.kms.katalon.core.main.TestSuiteExecutor.accessTestCaseMainPhase(TestSuiteExecutor.java:129)
	at com.kms.katalon.core.main.TestSuiteExecutor.accessTestSuiteMainPhase(TestSuiteExecutor.java:112)
	at com.kms.katalon.core.main.TestSuiteExecutor.execute(TestSuiteExecutor.java:81)
	at com.kms.katalon.core.main.TestCaseMain.startTestSuite(TestCaseMain.java:157)
	at com.kms.katalon.core.main.TestCaseMain$startTestSuite$0.call(Unknown Source)
	at TempTestSuite1557212292550.run(TempTestSuite1557212292550.groovy:35)


2019-05-07 12:30:46 - [MESSAGE][ERROR] - Cannot invoke method length() on null object

2019-05-07 12:30:46 - [MESSAGE][FAILED] - MGA_Comm_Amt = subString.FatchSubstringValue.SubString(MGA_Comission_Amount) FAILED.
Reason:
com.kms.katalon.core.exception.StepFailedException: Unable to scroll to object 'Object Repository/TC04-AccountMatching-MGA/AccountManagement'
	at com.kms.katalon.core.keyword.internal.KeywordMain.stepFailed(KeywordMain.groovy:37)
	at com.kms.katalon.core.webui.keyword.internal.WebUIKeywordMain.stepFailed(WebUIKeywordMain.groovy:65)
	at com.kms.katalon.core.webui.keyword.internal.WebUIKeywordMain.runKeyword(WebUIKeywordMain.groovy:27)
	at com.kms.katalon.core.webui.keyword.builtin.ScrollToElementKeyword.scrollToElement(ScrollToElementKeyword.groovy:88)
	at com.kms.katalon.core.webui.keyword.builtin.ScrollToElementKeyword.execute(ScrollToElementKeyword.groovy:68)
	at com.kms.katalon.core.keyword.internal.KeywordExecutor.executeKeywordForPlatform(KeywordExecutor.groovy:56)
	at com.kms.katalon.core.webui.keyword.WebUiBuiltInKeywords.scrollToElement(WebUiBuiltInKeywords.groovy:2975)
	at com.kms.katalon.core.webui.keyword.WebUiBuiltInKeywords$scrollToElement$2.call(Unknown Source)
	at TC04-AccountMatching-MGA.run(TC04-AccountMatching-MGA:22)
	at com.kms.katalon.core.main.ScriptEngine.run(ScriptEngine.java:194)
	at com.kms.katalon.core.main.ScriptEngine.runScriptAsRawText(ScriptEngine.java:119)
	at com.kms.katalon.core.main.TestCaseExecutor.runScript(TestCaseExecutor.java:331)
	at com.kms.katalon.core.main.TestCaseExecutor.doExecute(TestCaseExecutor.java:322)
	at com.kms.katalon.core.main.TestCaseExecutor.processExecutionPhase(TestCaseExecutor.java:301)
	at com.kms.katalon.core.main.TestCaseExecutor.accessMainPhase(TestCaseExecutor.java:293)
	at com.kms.katalon.core.main.TestCaseExecutor.execute(TestCaseExecutor.java:227)
	at com.kms.katalon.core.main.TestSuiteExecutor.accessTestCaseMainPhase(TestSuiteExecutor.java:129)
	at com.kms.katalon.core.main.TestSuiteExecutor.accessTestSuiteMainPhase(TestSuiteExecutor.java:112)
	at com.kms.katalon.core.main.TestSuiteExecutor.execute(TestSuiteExecutor.java:81)
	at com.kms.katalon.core.main.TestCaseMain.startTestSuite(TestCaseMain.java:157)
	at com.kms.katalon.core.main.TestCaseMain$startTestSuite$0.call(Unknown Source)
	at TempTestSuite1557212292550.run(TempTestSuite1557212292550.groovy:35)]]></system-out>
         <system-err><![CDATA[2019-05-07 12:28:47 - [TEST_CASE][FAILED] - Test Cases/TC04-AccountMatching-MGA: Test Cases/TC04-AccountMatching-MGA FAILED.
Reason:
com.kms.katalon.core.exception.StepFailedException: Unable to scroll to object 'Object Repository/TC04-AccountMatching-MGA/AccountManagement'
	at com.kms.katalon.core.keyword.internal.KeywordMain.stepFailed(KeywordMain.groovy:37)
	at com.kms.katalon.core.webui.keyword.internal.WebUIKeywordMain.stepFailed(WebUIKeywordMain.groovy:65)
	at com.kms.katalon.core.webui.keyword.internal.WebUIKeywordMain.runKeyword(WebUIKeywordMain.groovy:27)
	at com.kms.katalon.core.webui.keyword.builtin.ScrollToElementKeyword.scrollToElement(ScrollToElementKeyword.groovy:88)
	at com.kms.katalon.core.webui.keyword.builtin.ScrollToElementKeyword.execute(ScrollToElementKeyword.groovy:68)
	at com.kms.katalon.core.keyword.internal.KeywordExecutor.executeKeywordForPlatform(KeywordExecutor.groovy:56)
	at com.kms.katalon.core.webui.keyword.WebUiBuiltInKeywords.scrollToElement(WebUiBuiltInKeywords.groovy:2975)
	at com.kms.katalon.core.webui.keyword.WebUiBuiltInKeywords$scrollToElement$2.call(Unknown Source)
	at TC04-AccountMatching-MGA.run(TC04-AccountMatching-MGA:22)
	at com.kms.katalon.core.main.ScriptEngine.run(ScriptEngine.java:194)
	at com.kms.katalon.core.main.ScriptEngine.runScriptAsRawText(ScriptEngine.java:119)
	at com.kms.katalon.core.main.TestCaseExecutor.runScript(TestCaseExecutor.java:331)
	at com.kms.katalon.core.main.TestCaseExecutor.doExecute(TestCaseExecutor.java:322)
	at com.kms.katalon.core.main.TestCaseExecutor.processExecutionPhase(TestCaseExecutor.java:301)
	at com.kms.katalon.core.main.TestCaseExecutor.accessMainPhase(TestCaseExecutor.java:293)
	at com.kms.katalon.core.main.TestCaseExecutor.execute(TestCaseExecutor.java:227)
	at com.kms.katalon.core.main.TestSuiteExecutor.accessTestCaseMainPhase(TestSuiteExecutor.java:129)
	at com.kms.katalon.core.main.TestSuiteExecutor.accessTestSuiteMainPhase(TestSuiteExecutor.java:112)
	at com.kms.katalon.core.main.TestSuiteExecutor.execute(TestSuiteExecutor.java:81)
	at com.kms.katalon.core.main.TestCaseMain.startTestSuite(TestCaseMain.java:157)
	at com.kms.katalon.core.main.TestCaseMain$startTestSuite$0.call(Unknown Source)
	at TempTestSuite1557212292550.run(TempTestSuite1557212292550.groovy:35)]]></system-err>
      </testcase>
      <testcase name="Test Cases/TC07-AccountMatching-Broker" classname="Test Cases/TC07-AccountMatching-Broker" status="FAILED">
         <failure type="FAILED" message="Test Cases/TC07-AccountMatching-Broker FAILED.
Reason:
com.kms.katalon.core.exception.StepFailedException: Unable to scroll to object 'Object Repository/TC04-AccountMatching-MGA/AccountManagement'
	at com.kms.katalon.core.keyword.internal.KeywordMain.stepFailed(KeywordMain.groovy:37)
	at com.kms.katalon.core.webui.keyword.internal.WebUIKeywordMain.stepFailed(WebUIKeywordMain.groovy:65)
	at com.kms.katalon.core.webui.keyword.internal.WebUIKeywordMain.runKeyword(WebUIKeywordMain.groovy:27)
	at com.kms.katalon.core.webui.keyword.builtin.ScrollToElementKeyword.scrollToElement(ScrollToElementKeyword.groovy:88)
	at com.kms.katalon.core.webui.keyword.builtin.ScrollToElementKeyword.execute(ScrollToElementKeyword.groovy:68)
	at com.kms.katalon.core.keyword.internal.KeywordExecutor.executeKeywordForPlatform(KeywordExecutor.groovy:56)
	at com.kms.katalon.core.webui.keyword.WebUiBuiltInKeywords.scrollToElement(WebUiBuiltInKeywords.groovy:2975)
	at com.kms.katalon.core.webui.keyword.WebUiBuiltInKeywords$scrollToElement$2.call(Unknown Source)
	at TC07-AccountMatching-Broker.run(TC07-AccountMatching-Broker:22)
	at com.kms.katalon.core.main.ScriptEngine.run(ScriptEngine.java:194)
	at com.kms.katalon.core.main.ScriptEngine.runScriptAsRawText(ScriptEngine.java:119)
	at com.kms.katalon.core.main.TestCaseExecutor.runScript(TestCaseExecutor.java:331)
	at com.kms.katalon.core.main.TestCaseExecutor.doExecute(TestCaseExecutor.java:322)
	at com.kms.katalon.core.main.TestCaseExecutor.processExecutionPhase(TestCaseExecutor.java:301)
	at com.kms.katalon.core.main.TestCaseExecutor.accessMainPhase(TestCaseExecutor.java:293)
	at com.kms.katalon.core.main.TestCaseExecutor.execute(TestCaseExecutor.java:227)
	at com.kms.katalon.core.main.TestSuiteExecutor.accessTestCaseMainPhase(TestSuiteExecutor.java:129)
	at com.kms.katalon.core.main.TestSuiteExecutor.accessTestSuiteMainPhase(TestSuiteExecutor.java:112)
	at com.kms.katalon.core.main.TestSuiteExecutor.execute(TestSuiteExecutor.java:81)
	at com.kms.katalon.core.main.TestCaseMain.startTestSuite(TestCaseMain.java:157)
	at com.kms.katalon.core.main.TestCaseMain$startTestSuite$0.call(Unknown Source)
	at TempTestSuite1557212292550.run(TempTestSuite1557212292550.groovy:35)
"/>
         <system-out><![CDATA[2019-05-07 12:30:46 - [TEST_CASE][FAILED] - Test Cases/TC07-AccountMatching-Broker: Test Cases/TC07-AccountMatching-Broker FAILED.
Reason:
com.kms.katalon.core.exception.StepFailedException: Unable to scroll to object 'Object Repository/TC04-AccountMatching-MGA/AccountManagement'
	at com.kms.katalon.core.keyword.internal.KeywordMain.stepFailed(KeywordMain.groovy:37)
	at com.kms.katalon.core.webui.keyword.internal.WebUIKeywordMain.stepFailed(WebUIKeywordMain.groovy:65)
	at com.kms.katalon.core.webui.keyword.internal.WebUIKeywordMain.runKeyword(WebUIKeywordMain.groovy:27)
	at com.kms.katalon.core.webui.keyword.builtin.ScrollToElementKeyword.scrollToElement(ScrollToElementKeyword.groovy:88)
	at com.kms.katalon.core.webui.keyword.builtin.ScrollToElementKeyword.execute(ScrollToElementKeyword.groovy:68)
	at com.kms.katalon.core.keyword.internal.KeywordExecutor.executeKeywordForPlatform(KeywordExecutor.groovy:56)
	at com.kms.katalon.core.webui.keyword.WebUiBuiltInKeywords.scrollToElement(WebUiBuiltInKeywords.groovy:2975)
	at com.kms.katalon.core.webui.keyword.WebUiBuiltInKeywords$scrollToElement$2.call(Unknown Source)
	at TC07-AccountMatching-Broker.run(TC07-AccountMatching-Broker:22)
	at com.kms.katalon.core.main.ScriptEngine.run(ScriptEngine.java:194)
	at com.kms.katalon.core.main.ScriptEngine.runScriptAsRawText(ScriptEngine.java:119)
	at com.kms.katalon.core.main.TestCaseExecutor.runScript(TestCaseExecutor.java:331)
	at com.kms.katalon.core.main.TestCaseExecutor.doExecute(TestCaseExecutor.java:322)
	at com.kms.katalon.core.main.TestCaseExecutor.processExecutionPhase(TestCaseExecutor.java:301)
	at com.kms.katalon.core.main.TestCaseExecutor.accessMainPhase(TestCaseExecutor.java:293)
	at com.kms.katalon.core.main.TestCaseExecutor.execute(TestCaseExecutor.java:227)
	at com.kms.katalon.core.main.TestSuiteExecutor.accessTestCaseMainPhase(TestSuiteExecutor.java:129)
	at com.kms.katalon.core.main.TestSuiteExecutor.accessTestSuiteMainPhase(TestSuiteExecutor.java:112)
	at com.kms.katalon.core.main.TestSuiteExecutor.execute(TestSuiteExecutor.java:81)
	at com.kms.katalon.core.main.TestCaseMain.startTestSuite(TestCaseMain.java:157)
	at com.kms.katalon.core.main.TestCaseMain$startTestSuite$0.call(Unknown Source)
	at TempTestSuite1557212292550.run(TempTestSuite1557212292550.groovy:35)


2019-05-07 12:30:46 - [TEST_STEP][PASSED] - log = new com.kms.katalon.core.logging.KeywordLogger(): null

2019-05-07 12:30:46 - [TEST_STEP][PASSED] - delay(3): Delayed 3 second(s)

2019-05-07 12:30:49 - [MESSAGE][PASSED] - Delayed 3 second(s)

2019-05-07 12:30:49 - [TEST_STEP][FAILED] - scrollToElement(findTestObject("TC04-AccountMatching-MGA/AccountManagement"), 5): Unable to scroll to object 'Object Repository/TC04-AccountMatching-MGA/AccountManagement'

2019-05-07 12:30:55 - [MESSAGE][WARNING] - Cannot take screenshot

2019-05-07 12:30:55 - [MESSAGE][FAILED] - Unable to scroll to object 'Object Repository/TC04-AccountMatching-MGA/AccountManagement'

2019-05-07 12:30:55 - [TEST_STEP][FAILED] - click(findTestObject("TC04-AccountMatching-MGA/AccountManagement")): Unable to click on object 'Object Repository/TC04-AccountMatching-MGA/AccountManagement'

2019-05-07 12:31:01 - [MESSAGE][WARNING] - Cannot take screenshot

2019-05-07 12:31:01 - [MESSAGE][FAILED] - Unable to click on object 'Object Repository/TC04-AccountMatching-MGA/AccountManagement'

2019-05-07 12:31:01 - [TEST_STEP][NOT_RUN] - delay(5): NOT_RUN: delay(5)

2019-05-07 12:31:01 - [MESSAGE][NOT_RUN] - NOT_RUN: delay(5)

2019-05-07 12:31:01 - [TEST_STEP][FAILED] - waitForElementVisible(findTestObject("TC04-AccountMatching-MGA/AccountMatchingLink"), 4): Unable to wait for object 'Object Repository/TC04-AccountMatching-MGA/AccountMatchingLink' to be visible

2019-05-07 12:31:07 - [MESSAGE][WARNING] - Cannot take screenshot

2019-05-07 12:31:07 - [MESSAGE][FAILED] - Unable to wait for object 'Object Repository/TC04-AccountMatching-MGA/AccountMatchingLink' to be visible

2019-05-07 12:31:07 - [TEST_STEP][FAILED] - click(findTestObject("TC04-AccountMatching-MGA/AccountMatchingLink")): Unable to click on object 'Object Repository/TC04-AccountMatching-MGA/AccountMatchingLink'

2019-05-07 12:31:13 - [MESSAGE][WARNING] - Cannot take screenshot

2019-05-07 12:31:13 - [MESSAGE][FAILED] - Unable to click on object 'Object Repository/TC04-AccountMatching-MGA/AccountMatchingLink'

2019-05-07 12:31:13 - [TEST_STEP][PASSED] - delay(5): Delayed 5 second(s)

2019-05-07 12:31:18 - [MESSAGE][PASSED] - Delayed 5 second(s)

2019-05-07 12:31:18 - [TEST_STEP][PASSED] - delay(5): Delayed 5 second(s)

2019-05-07 12:31:23 - [MESSAGE][PASSED] - Delayed 5 second(s)

2019-05-07 12:31:23 - [TEST_STEP][FAILED] - selectOptionByLabel(findTestObject("TC04-AccountMatching-MGA/EntityType"), "Broker", false): Unable to select option by label 'Broker' of object 'Object Repository/TC04-AccountMatching-MGA/EntityType' 

2019-05-07 12:31:29 - [MESSAGE][WARNING] - Cannot take screenshot

2019-05-07 12:31:29 - [MESSAGE][FAILED] - Unable to select option by label 'Broker' of object 'Object Repository/TC04-AccountMatching-MGA/EntityType' 

2019-05-07 12:31:29 - [TEST_STEP][PASSED] - delay(5): Delayed 5 second(s)

2019-05-07 12:31:34 - [MESSAGE][PASSED] - Delayed 5 second(s)

2019-05-07 12:31:34 - [TEST_STEP][FAILED] - selectOptionByLabel(findTestObject("TC04-AccountMatching-MGA/Entity"), "New Broker", false): Unable to select option by label 'New Broker' of object 'Object Repository/TC04-AccountMatching-MGA/Entity' 

2019-05-07 12:31:40 - [MESSAGE][WARNING] - Cannot take screenshot

2019-05-07 12:31:40 - [MESSAGE][FAILED] - Unable to select option by label 'New Broker' of object 'Object Repository/TC04-AccountMatching-MGA/Entity' 

2019-05-07 12:31:40 - [TEST_STEP][FAILED] - waitForElementClickable(findTestObject("TC04-AccountMatching-MGA/ClickGoButton"), 5): Unable to wait for object 'Object Repository/TC04-AccountMatching-MGA/ClickGoButton' to be clickable

2019-05-07 12:31:46 - [MESSAGE][WARNING] - Cannot take screenshot

2019-05-07 12:31:46 - [MESSAGE][FAILED] - Unable to wait for object 'Object Repository/TC04-AccountMatching-MGA/ClickGoButton' to be clickable

2019-05-07 12:31:46 - [TEST_STEP][FAILED] - click(findTestObject("TC04-AccountMatching-MGA/ClickGoButton")): Unable to click on object 'Object Repository/TC04-AccountMatching-MGA/ClickGoButton'

2019-05-07 12:31:52 - [MESSAGE][WARNING] - Cannot take screenshot

2019-05-07 12:31:52 - [MESSAGE][FAILED] - Unable to click on object 'Object Repository/TC04-AccountMatching-MGA/ClickGoButton'

2019-05-07 12:31:52 - [TEST_STEP][FAILED] - waitForJQueryLoad(5): Unable to wait for jQuery to load.

2019-05-07 12:31:58 - [MESSAGE][WARNING] - Cannot take screenshot

2019-05-07 12:31:58 - [MESSAGE][FAILED] - Unable to wait for jQuery to load.

2019-05-07 12:31:58 - [TEST_STEP][FAILED] - selectOptionByLabel(findTestObject("TC04-AccountMatching-MGA/SelectAccount"), "COMMSION ACCOUNT -- Allocated -- DEFAULT-300013-USD -- USD", false): Unable to select option by label 'COMMSION ACCOUNT -- Allocated -- DEFAULT-300013-USD -- USD' of object 'Object Repository/TC04-AccountMatching-MGA/SelectAccount' 

2019-05-07 12:32:04 - [MESSAGE][WARNING] - Cannot take screenshot

2019-05-07 12:32:04 - [MESSAGE][FAILED] - Unable to select option by label 'COMMSION ACCOUNT -- Allocated -- DEFAULT-300013-USD -- USD' of object 'Object Repository/TC04-AccountMatching-MGA/SelectAccount' 

2019-05-07 12:32:04 - [TEST_STEP][PASSED] - delay(5): Delayed 5 second(s)

2019-05-07 12:32:09 - [MESSAGE][PASSED] - Delayed 5 second(s)

2019-05-07 12:32:09 - [TEST_STEP][FAILED] - setText(findTestObject("TC04-AccountMatching-MGA/Acc_Matching_PolicyNo_TextBox"), MTA_Policy_No): Unable to set text 'DASD/POLICY/003055' of object 'Object Repository/TC04-AccountMatching-MGA/Acc_Matching_PolicyNo_TextBox'

2019-05-07 12:32:15 - [MESSAGE][WARNING] - Cannot take screenshot

2019-05-07 12:32:15 - [MESSAGE][FAILED] - Unable to set text 'DASD/POLICY/003055' of object 'Object Repository/TC04-AccountMatching-MGA/Acc_Matching_PolicyNo_TextBox'

2019-05-07 12:32:15 - [TEST_STEP][PASSED] - delay(4): Delayed 4 second(s)

2019-05-07 12:32:19 - [MESSAGE][PASSED] - Delayed 4 second(s)

2019-05-07 12:32:19 - [TEST_STEP][FAILED] - sendKeys(findTestObject("TC04-AccountMatching-MGA/Acc_Matching_PolicyNo_TextBox"), Keys.chord(ENTER)): Unable to send keys '' to object 'Object Repository/TC04-AccountMatching-MGA/Acc_Matching_PolicyNo_TextBox'

2019-05-07 12:32:25 - [MESSAGE][WARNING] - Cannot take screenshot

2019-05-07 12:32:25 - [MESSAGE][FAILED] - Unable to send keys '' to object 'Object Repository/TC04-AccountMatching-MGA/Acc_Matching_PolicyNo_TextBox'

2019-05-07 12:32:25 - [TEST_STEP][PASSED] - delay(4): Delayed 4 second(s)

2019-05-07 12:32:29 - [MESSAGE][PASSED] - Delayed 4 second(s)

2019-05-07 12:32:29 - [TEST_STEP][FAILED] - waitForElementClickable(findTestObject("TC04-AccountMatching-MGA/CheckBox"), 5): Unable to wait for object 'Object Repository/TC04-AccountMatching-MGA/CheckBox' to be clickable

2019-05-07 12:32:35 - [MESSAGE][WARNING] - Cannot take screenshot

2019-05-07 12:32:35 - [MESSAGE][FAILED] - Unable to wait for object 'Object Repository/TC04-AccountMatching-MGA/CheckBox' to be clickable

2019-05-07 12:32:35 - [TEST_STEP][FAILED] - click(findTestObject("TC04-AccountMatching-MGA/CheckBox")): Unable to click on object 'Object Repository/TC04-AccountMatching-MGA/CheckBox'

2019-05-07 12:32:42 - [MESSAGE][WARNING] - Cannot take screenshot

2019-05-07 12:32:42 - [MESSAGE][FAILED] - Unable to click on object 'Object Repository/TC04-AccountMatching-MGA/CheckBox'

2019-05-07 12:32:42 - [TEST_STEP][PASSED] - delay(4): Delayed 4 second(s)

2019-05-07 12:32:46 - [MESSAGE][PASSED] - Delayed 4 second(s)

2019-05-07 12:32:46 - [TEST_STEP][FAILED] - BROKER_Comission_Amount = getText(findTestObject("TC04-AccountMatching-MGA/MGA_Amount")): Unable to get text of object 'Object Repository/TC04-AccountMatching-MGA/MGA_Amount'

2019-05-07 12:32:52 - [MESSAGE][WARNING] - Cannot take screenshot

2019-05-07 12:32:52 - [MESSAGE][FAILED] - Unable to get text of object 'Object Repository/TC04-AccountMatching-MGA/MGA_Amount'

2019-05-07 12:32:52 - [TEST_STEP][FAILED] - Broker_Comm_Amt = subString.FatchSubstringValue.SubString(BROKER_Comission_Amount): Broker_Comm_Amt = subString.FatchSubstringValue.SubString(BROKER_Comission_Amount) FAILED.
Reason:
com.kms.katalon.core.exception.StepFailedException: Unable to scroll to object 'Object Repository/TC04-AccountMatching-MGA/AccountManagement'
	at com.kms.katalon.core.keyword.internal.KeywordMain.stepFailed(KeywordMain.groovy:37)
	at com.kms.katalon.core.webui.keyword.internal.WebUIKeywordMain.stepFailed(WebUIKeywordMain.groovy:65)
	at com.kms.katalon.core.webui.keyword.internal.WebUIKeywordMain.runKeyword(WebUIKeywordMain.groovy:27)
	at com.kms.katalon.core.webui.keyword.builtin.ScrollToElementKeyword.scrollToElement(ScrollToElementKeyword.groovy:88)
	at com.kms.katalon.core.webui.keyword.builtin.ScrollToElementKeyword.execute(ScrollToElementKeyword.groovy:68)
	at com.kms.katalon.core.keyword.internal.KeywordExecutor.executeKeywordForPlatform(KeywordExecutor.groovy:56)
	at com.kms.katalon.core.webui.keyword.WebUiBuiltInKeywords.scrollToElement(WebUiBuiltInKeywords.groovy:2975)
	at com.kms.katalon.core.webui.keyword.WebUiBuiltInKeywords$scrollToElement$2.call(Unknown Source)
	at TC07-AccountMatching-Broker.run(TC07-AccountMatching-Broker:22)
	at com.kms.katalon.core.main.ScriptEngine.run(ScriptEngine.java:194)
	at com.kms.katalon.core.main.ScriptEngine.runScriptAsRawText(ScriptEngine.java:119)
	at com.kms.katalon.core.main.TestCaseExecutor.runScript(TestCaseExecutor.java:331)
	at com.kms.katalon.core.main.TestCaseExecutor.doExecute(TestCaseExecutor.java:322)
	at com.kms.katalon.core.main.TestCaseExecutor.processExecutionPhase(TestCaseExecutor.java:301)
	at com.kms.katalon.core.main.TestCaseExecutor.accessMainPhase(TestCaseExecutor.java:293)
	at com.kms.katalon.core.main.TestCaseExecutor.execute(TestCaseExecutor.java:227)
	at com.kms.katalon.core.main.TestSuiteExecutor.accessTestCaseMainPhase(TestSuiteExecutor.java:129)
	at com.kms.katalon.core.main.TestSuiteExecutor.accessTestSuiteMainPhase(TestSuiteExecutor.java:112)
	at com.kms.katalon.core.main.TestSuiteExecutor.execute(TestSuiteExecutor.java:81)
	at com.kms.katalon.core.main.TestCaseMain.startTestSuite(TestCaseMain.java:157)
	at com.kms.katalon.core.main.TestCaseMain$startTestSuite$0.call(Unknown Source)
	at TempTestSuite1557212292550.run(TempTestSuite1557212292550.groovy:35)


2019-05-07 12:32:52 - [MESSAGE][ERROR] - Cannot invoke method length() on null object

2019-05-07 12:32:52 - [MESSAGE][FAILED] - Broker_Comm_Amt = subString.FatchSubstringValue.SubString(BROKER_Comission_Amount) FAILED.
Reason:
com.kms.katalon.core.exception.StepFailedException: Unable to scroll to object 'Object Repository/TC04-AccountMatching-MGA/AccountManagement'
	at com.kms.katalon.core.keyword.internal.KeywordMain.stepFailed(KeywordMain.groovy:37)
	at com.kms.katalon.core.webui.keyword.internal.WebUIKeywordMain.stepFailed(WebUIKeywordMain.groovy:65)
	at com.kms.katalon.core.webui.keyword.internal.WebUIKeywordMain.runKeyword(WebUIKeywordMain.groovy:27)
	at com.kms.katalon.core.webui.keyword.builtin.ScrollToElementKeyword.scrollToElement(ScrollToElementKeyword.groovy:88)
	at com.kms.katalon.core.webui.keyword.builtin.ScrollToElementKeyword.execute(ScrollToElementKeyword.groovy:68)
	at com.kms.katalon.core.keyword.internal.KeywordExecutor.executeKeywordForPlatform(KeywordExecutor.groovy:56)
	at com.kms.katalon.core.webui.keyword.WebUiBuiltInKeywords.scrollToElement(WebUiBuiltInKeywords.groovy:2975)
	at com.kms.katalon.core.webui.keyword.WebUiBuiltInKeywords$scrollToElement$2.call(Unknown Source)
	at TC07-AccountMatching-Broker.run(TC07-AccountMatching-Broker:22)
	at com.kms.katalon.core.main.ScriptEngine.run(ScriptEngine.java:194)
	at com.kms.katalon.core.main.ScriptEngine.runScriptAsRawText(ScriptEngine.java:119)
	at com.kms.katalon.core.main.TestCaseExecutor.runScript(TestCaseExecutor.java:331)
	at com.kms.katalon.core.main.TestCaseExecutor.doExecute(TestCaseExecutor.java:322)
	at com.kms.katalon.core.main.TestCaseExecutor.processExecutionPhase(TestCaseExecutor.java:301)
	at com.kms.katalon.core.main.TestCaseExecutor.accessMainPhase(TestCaseExecutor.java:293)
	at com.kms.katalon.core.main.TestCaseExecutor.execute(TestCaseExecutor.java:227)
	at com.kms.katalon.core.main.TestSuiteExecutor.accessTestCaseMainPhase(TestSuiteExecutor.java:129)
	at com.kms.katalon.core.main.TestSuiteExecutor.accessTestSuiteMainPhase(TestSuiteExecutor.java:112)
	at com.kms.katalon.core.main.TestSuiteExecutor.execute(TestSuiteExecutor.java:81)
	at com.kms.katalon.core.main.TestCaseMain.startTestSuite(TestCaseMain.java:157)
	at com.kms.katalon.core.main.TestCaseMain$startTestSuite$0.call(Unknown Source)
	at TempTestSuite1557212292550.run(TempTestSuite1557212292550.groovy:35)]]></system-out>
         <system-err><![CDATA[2019-05-07 12:30:46 - [TEST_CASE][FAILED] - Test Cases/TC07-AccountMatching-Broker: Test Cases/TC07-AccountMatching-Broker FAILED.
Reason:
com.kms.katalon.core.exception.StepFailedException: Unable to scroll to object 'Object Repository/TC04-AccountMatching-MGA/AccountManagement'
	at com.kms.katalon.core.keyword.internal.KeywordMain.stepFailed(KeywordMain.groovy:37)
	at com.kms.katalon.core.webui.keyword.internal.WebUIKeywordMain.stepFailed(WebUIKeywordMain.groovy:65)
	at com.kms.katalon.core.webui.keyword.internal.WebUIKeywordMain.runKeyword(WebUIKeywordMain.groovy:27)
	at com.kms.katalon.core.webui.keyword.builtin.ScrollToElementKeyword.scrollToElement(ScrollToElementKeyword.groovy:88)
	at com.kms.katalon.core.webui.keyword.builtin.ScrollToElementKeyword.execute(ScrollToElementKeyword.groovy:68)
	at com.kms.katalon.core.keyword.internal.KeywordExecutor.executeKeywordForPlatform(KeywordExecutor.groovy:56)
	at com.kms.katalon.core.webui.keyword.WebUiBuiltInKeywords.scrollToElement(WebUiBuiltInKeywords.groovy:2975)
	at com.kms.katalon.core.webui.keyword.WebUiBuiltInKeywords$scrollToElement$2.call(Unknown Source)
	at TC07-AccountMatching-Broker.run(TC07-AccountMatching-Broker:22)
	at com.kms.katalon.core.main.ScriptEngine.run(ScriptEngine.java:194)
	at com.kms.katalon.core.main.ScriptEngine.runScriptAsRawText(ScriptEngine.java:119)
	at com.kms.katalon.core.main.TestCaseExecutor.runScript(TestCaseExecutor.java:331)
	at com.kms.katalon.core.main.TestCaseExecutor.doExecute(TestCaseExecutor.java:322)
	at com.kms.katalon.core.main.TestCaseExecutor.processExecutionPhase(TestCaseExecutor.java:301)
	at com.kms.katalon.core.main.TestCaseExecutor.accessMainPhase(TestCaseExecutor.java:293)
	at com.kms.katalon.core.main.TestCaseExecutor.execute(TestCaseExecutor.java:227)
	at com.kms.katalon.core.main.TestSuiteExecutor.accessTestCaseMainPhase(TestSuiteExecutor.java:129)
	at com.kms.katalon.core.main.TestSuiteExecutor.accessTestSuiteMainPhase(TestSuiteExecutor.java:112)
	at com.kms.katalon.core.main.TestSuiteExecutor.execute(TestSuiteExecutor.java:81)
	at com.kms.katalon.core.main.TestCaseMain.startTestSuite(TestCaseMain.java:157)
	at com.kms.katalon.core.main.TestCaseMain$startTestSuite$0.call(Unknown Source)
	at TempTestSuite1557212292550.run(TempTestSuite1557212292550.groovy:35)]]></system-err>
      </testcase>
      <testcase name="Test Cases/TC08-AccountMatching-Insurer" classname="Test Cases/TC08-AccountMatching-Insurer" status="FAILED">
         <failure type="FAILED" message="Test Cases/TC08-AccountMatching-Insurer FAILED.
Reason:
com.kms.katalon.core.exception.StepFailedException: Unable to scroll to object 'Object Repository/TC04-AccountMatching-MGA/AccountManagement'
	at com.kms.katalon.core.keyword.internal.KeywordMain.stepFailed(KeywordMain.groovy:37)
	at com.kms.katalon.core.webui.keyword.internal.WebUIKeywordMain.stepFailed(WebUIKeywordMain.groovy:65)
	at com.kms.katalon.core.webui.keyword.internal.WebUIKeywordMain.runKeyword(WebUIKeywordMain.groovy:27)
	at com.kms.katalon.core.webui.keyword.builtin.ScrollToElementKeyword.scrollToElement(ScrollToElementKeyword.groovy:88)
	at com.kms.katalon.core.webui.keyword.builtin.ScrollToElementKeyword.execute(ScrollToElementKeyword.groovy:68)
	at com.kms.katalon.core.keyword.internal.KeywordExecutor.executeKeywordForPlatform(KeywordExecutor.groovy:56)
	at com.kms.katalon.core.webui.keyword.WebUiBuiltInKeywords.scrollToElement(WebUiBuiltInKeywords.groovy:2975)
	at com.kms.katalon.core.webui.keyword.WebUiBuiltInKeywords$scrollToElement$2.call(Unknown Source)
	at TC08-AccountMatching-Insurer.run(TC08-AccountMatching-Insurer:22)
	at com.kms.katalon.core.main.ScriptEngine.run(ScriptEngine.java:194)
	at com.kms.katalon.core.main.ScriptEngine.runScriptAsRawText(ScriptEngine.java:119)
	at com.kms.katalon.core.main.TestCaseExecutor.runScript(TestCaseExecutor.java:331)
	at com.kms.katalon.core.main.TestCaseExecutor.doExecute(TestCaseExecutor.java:322)
	at com.kms.katalon.core.main.TestCaseExecutor.processExecutionPhase(TestCaseExecutor.java:301)
	at com.kms.katalon.core.main.TestCaseExecutor.accessMainPhase(TestCaseExecutor.java:293)
	at com.kms.katalon.core.main.TestCaseExecutor.execute(TestCaseExecutor.java:227)
	at com.kms.katalon.core.main.TestSuiteExecutor.accessTestCaseMainPhase(TestSuiteExecutor.java:129)
	at com.kms.katalon.core.main.TestSuiteExecutor.accessTestSuiteMainPhase(TestSuiteExecutor.java:112)
	at com.kms.katalon.core.main.TestSuiteExecutor.execute(TestSuiteExecutor.java:81)
	at com.kms.katalon.core.main.TestCaseMain.startTestSuite(TestCaseMain.java:157)
	at com.kms.katalon.core.main.TestCaseMain$startTestSuite$0.call(Unknown Source)
	at TempTestSuite1557212292550.run(TempTestSuite1557212292550.groovy:35)
"/>
         <system-out><![CDATA[2019-05-07 12:32:52 - [TEST_CASE][FAILED] - Test Cases/TC08-AccountMatching-Insurer: Test Cases/TC08-AccountMatching-Insurer FAILED.
Reason:
com.kms.katalon.core.exception.StepFailedException: Unable to scroll to object 'Object Repository/TC04-AccountMatching-MGA/AccountManagement'
	at com.kms.katalon.core.keyword.internal.KeywordMain.stepFailed(KeywordMain.groovy:37)
	at com.kms.katalon.core.webui.keyword.internal.WebUIKeywordMain.stepFailed(WebUIKeywordMain.groovy:65)
	at com.kms.katalon.core.webui.keyword.internal.WebUIKeywordMain.runKeyword(WebUIKeywordMain.groovy:27)
	at com.kms.katalon.core.webui.keyword.builtin.ScrollToElementKeyword.scrollToElement(ScrollToElementKeyword.groovy:88)
	at com.kms.katalon.core.webui.keyword.builtin.ScrollToElementKeyword.execute(ScrollToElementKeyword.groovy:68)
	at com.kms.katalon.core.keyword.internal.KeywordExecutor.executeKeywordForPlatform(KeywordExecutor.groovy:56)
	at com.kms.katalon.core.webui.keyword.WebUiBuiltInKeywords.scrollToElement(WebUiBuiltInKeywords.groovy:2975)
	at com.kms.katalon.core.webui.keyword.WebUiBuiltInKeywords$scrollToElement$2.call(Unknown Source)
	at TC08-AccountMatching-Insurer.run(TC08-AccountMatching-Insurer:22)
	at com.kms.katalon.core.main.ScriptEngine.run(ScriptEngine.java:194)
	at com.kms.katalon.core.main.ScriptEngine.runScriptAsRawText(ScriptEngine.java:119)
	at com.kms.katalon.core.main.TestCaseExecutor.runScript(TestCaseExecutor.java:331)
	at com.kms.katalon.core.main.TestCaseExecutor.doExecute(TestCaseExecutor.java:322)
	at com.kms.katalon.core.main.TestCaseExecutor.processExecutionPhase(TestCaseExecutor.java:301)
	at com.kms.katalon.core.main.TestCaseExecutor.accessMainPhase(TestCaseExecutor.java:293)
	at com.kms.katalon.core.main.TestCaseExecutor.execute(TestCaseExecutor.java:227)
	at com.kms.katalon.core.main.TestSuiteExecutor.accessTestCaseMainPhase(TestSuiteExecutor.java:129)
	at com.kms.katalon.core.main.TestSuiteExecutor.accessTestSuiteMainPhase(TestSuiteExecutor.java:112)
	at com.kms.katalon.core.main.TestSuiteExecutor.execute(TestSuiteExecutor.java:81)
	at com.kms.katalon.core.main.TestCaseMain.startTestSuite(TestCaseMain.java:157)
	at com.kms.katalon.core.main.TestCaseMain$startTestSuite$0.call(Unknown Source)
	at TempTestSuite1557212292550.run(TempTestSuite1557212292550.groovy:35)


2019-05-07 12:32:52 - [TEST_STEP][PASSED] - log = new com.kms.katalon.core.logging.KeywordLogger(): null

2019-05-07 12:32:52 - [TEST_STEP][PASSED] - delay(3): Delayed 3 second(s)

2019-05-07 12:32:55 - [MESSAGE][PASSED] - Delayed 3 second(s)

2019-05-07 12:32:55 - [TEST_STEP][FAILED] - scrollToElement(findTestObject("TC04-AccountMatching-MGA/AccountManagement"), 5): Unable to scroll to object 'Object Repository/TC04-AccountMatching-MGA/AccountManagement'

2019-05-07 12:33:01 - [MESSAGE][WARNING] - Cannot take screenshot

2019-05-07 12:33:01 - [MESSAGE][FAILED] - Unable to scroll to object 'Object Repository/TC04-AccountMatching-MGA/AccountManagement'

2019-05-07 12:33:01 - [TEST_STEP][FAILED] - click(findTestObject("TC04-AccountMatching-MGA/AccountManagement")): Unable to click on object 'Object Repository/TC04-AccountMatching-MGA/AccountManagement'

2019-05-07 12:33:07 - [MESSAGE][WARNING] - Cannot take screenshot

2019-05-07 12:33:07 - [MESSAGE][FAILED] - Unable to click on object 'Object Repository/TC04-AccountMatching-MGA/AccountManagement'

2019-05-07 12:33:07 - [TEST_STEP][NOT_RUN] - delay(5): NOT_RUN: delay(5)

2019-05-07 12:33:07 - [MESSAGE][NOT_RUN] - NOT_RUN: delay(5)

2019-05-07 12:33:07 - [TEST_STEP][FAILED] - waitForElementVisible(findTestObject("TC04-AccountMatching-MGA/AccountMatchingLink"), 4): Unable to wait for object 'Object Repository/TC04-AccountMatching-MGA/AccountMatchingLink' to be visible

2019-05-07 12:33:13 - [MESSAGE][WARNING] - Cannot take screenshot

2019-05-07 12:33:13 - [MESSAGE][FAILED] - Unable to wait for object 'Object Repository/TC04-AccountMatching-MGA/AccountMatchingLink' to be visible

2019-05-07 12:33:13 - [TEST_STEP][FAILED] - click(findTestObject("TC04-AccountMatching-MGA/AccountMatchingLink")): Unable to click on object 'Object Repository/TC04-AccountMatching-MGA/AccountMatchingLink'

2019-05-07 12:33:19 - [MESSAGE][WARNING] - Cannot take screenshot

2019-05-07 12:33:19 - [MESSAGE][FAILED] - Unable to click on object 'Object Repository/TC04-AccountMatching-MGA/AccountMatchingLink'

2019-05-07 12:33:19 - [TEST_STEP][PASSED] - delay(5): Delayed 5 second(s)

2019-05-07 12:33:24 - [MESSAGE][PASSED] - Delayed 5 second(s)

2019-05-07 12:33:24 - [TEST_STEP][FAILED] - selectOptionByLabel(findTestObject("TC04-AccountMatching-MGA/EntityType"), "Insurer", false): Unable to select option by label 'Insurer' of object 'Object Repository/TC04-AccountMatching-MGA/EntityType' 

2019-05-07 12:33:30 - [MESSAGE][WARNING] - Cannot take screenshot

2019-05-07 12:33:30 - [MESSAGE][FAILED] - Unable to select option by label 'Insurer' of object 'Object Repository/TC04-AccountMatching-MGA/EntityType' 

2019-05-07 12:33:30 - [TEST_STEP][PASSED] - delay(5): Delayed 5 second(s)

2019-05-07 12:33:35 - [MESSAGE][PASSED] - Delayed 5 second(s)

2019-05-07 12:33:35 - [TEST_STEP][FAILED] - selectOptionByLabel(findTestObject("TC04-AccountMatching-MGA/Entity"), "New Insurer", false): Unable to select option by label 'New Insurer' of object 'Object Repository/TC04-AccountMatching-MGA/Entity' 

2019-05-07 12:33:41 - [MESSAGE][WARNING] - Cannot take screenshot

2019-05-07 12:33:41 - [MESSAGE][FAILED] - Unable to select option by label 'New Insurer' of object 'Object Repository/TC04-AccountMatching-MGA/Entity' 

2019-05-07 12:33:41 - [TEST_STEP][FAILED] - waitForElementClickable(findTestObject("TC04-AccountMatching-MGA/ClickGoButton"), 5): Unable to wait for object 'Object Repository/TC04-AccountMatching-MGA/ClickGoButton' to be clickable

2019-05-07 12:33:47 - [MESSAGE][WARNING] - Cannot take screenshot

2019-05-07 12:33:47 - [MESSAGE][FAILED] - Unable to wait for object 'Object Repository/TC04-AccountMatching-MGA/ClickGoButton' to be clickable

2019-05-07 12:33:47 - [TEST_STEP][FAILED] - click(findTestObject("TC04-AccountMatching-MGA/ClickGoButton")): Unable to click on object 'Object Repository/TC04-AccountMatching-MGA/ClickGoButton'

2019-05-07 12:33:54 - [MESSAGE][WARNING] - Cannot take screenshot

2019-05-07 12:33:54 - [MESSAGE][FAILED] - Unable to click on object 'Object Repository/TC04-AccountMatching-MGA/ClickGoButton'

2019-05-07 12:33:54 - [TEST_STEP][FAILED] - waitForJQueryLoad(5): Unable to wait for jQuery to load.

2019-05-07 12:34:00 - [MESSAGE][WARNING] - Cannot take screenshot

2019-05-07 12:34:00 - [MESSAGE][FAILED] - Unable to wait for jQuery to load.

2019-05-07 12:34:00 - [TEST_STEP][FAILED] - selectOptionByLabel(findTestObject("TC04-AccountMatching-MGA/SelectAccount"), "New Insurer Comission Account -- Allocated -- New Insurer-COM-ACC -- USD", false): Unable to select option by label 'New Insurer Comission Account -- Allocated -- New Insurer-COM-ACC -- USD' of object 'Object Repository/TC04-AccountMatching-MGA/SelectAccount' 

2019-05-07 12:34:06 - [MESSAGE][WARNING] - Cannot take screenshot

2019-05-07 12:34:06 - [MESSAGE][FAILED] - Unable to select option by label 'New Insurer Comission Account -- Allocated -- New Insurer-COM-ACC -- USD' of object 'Object Repository/TC04-AccountMatching-MGA/SelectAccount' 

2019-05-07 12:34:06 - [TEST_STEP][PASSED] - delay(5): Delayed 5 second(s)

2019-05-07 12:34:11 - [MESSAGE][PASSED] - Delayed 5 second(s)

2019-05-07 12:34:11 - [TEST_STEP][FAILED] - setText(findTestObject("TC04-AccountMatching-MGA/Acc_Matching_PolicyNo_TextBox"), MTA_Policy_No): Unable to set text 'DASD/POLICY/003055' of object 'Object Repository/TC04-AccountMatching-MGA/Acc_Matching_PolicyNo_TextBox'

2019-05-07 12:34:17 - [MESSAGE][WARNING] - Cannot take screenshot

2019-05-07 12:34:17 - [MESSAGE][FAILED] - Unable to set text 'DASD/POLICY/003055' of object 'Object Repository/TC04-AccountMatching-MGA/Acc_Matching_PolicyNo_TextBox'

2019-05-07 12:34:17 - [TEST_STEP][FAILED] - sendKeys(findTestObject("TC04-AccountMatching-MGA/Acc_Matching_PolicyNo_TextBox"), Keys.chord(ENTER)): Unable to send keys '' to object 'Object Repository/TC04-AccountMatching-MGA/Acc_Matching_PolicyNo_TextBox'

2019-05-07 12:34:23 - [MESSAGE][WARNING] - Cannot take screenshot

2019-05-07 12:34:23 - [MESSAGE][FAILED] - Unable to send keys '' to object 'Object Repository/TC04-AccountMatching-MGA/Acc_Matching_PolicyNo_TextBox'

2019-05-07 12:34:23 - [TEST_STEP][PASSED] - delay(5): Delayed 5 second(s)

2019-05-07 12:34:28 - [MESSAGE][PASSED] - Delayed 5 second(s)

2019-05-07 12:34:28 - [TEST_STEP][FAILED] - waitForElementClickable(findTestObject("TC04-AccountMatching-MGA/CheckBox"), 5): Unable to wait for object 'Object Repository/TC04-AccountMatching-MGA/CheckBox' to be clickable

2019-05-07 12:34:34 - [MESSAGE][WARNING] - Cannot take screenshot

2019-05-07 12:34:34 - [MESSAGE][FAILED] - Unable to wait for object 'Object Repository/TC04-AccountMatching-MGA/CheckBox' to be clickable

2019-05-07 12:34:34 - [TEST_STEP][FAILED] - click(findTestObject("TC04-AccountMatching-MGA/CheckBox")): Unable to click on object 'Object Repository/TC04-AccountMatching-MGA/CheckBox'

2019-05-07 12:34:40 - [MESSAGE][WARNING] - Cannot take screenshot

2019-05-07 12:34:40 - [MESSAGE][FAILED] - Unable to click on object 'Object Repository/TC04-AccountMatching-MGA/CheckBox'

2019-05-07 12:34:40 - [TEST_STEP][PASSED] - delay(4): Delayed 4 second(s)

2019-05-07 12:34:44 - [MESSAGE][PASSED] - Delayed 4 second(s)

2019-05-07 12:34:44 - [TEST_STEP][FAILED] - Insurer_Comission_Amount = getText(findTestObject("TC04-AccountMatching-MGA/MGA_Amount")): Unable to get text of object 'Object Repository/TC04-AccountMatching-MGA/MGA_Amount'

2019-05-07 12:34:50 - [MESSAGE][WARNING] - Cannot take screenshot

2019-05-07 12:34:50 - [MESSAGE][FAILED] - Unable to get text of object 'Object Repository/TC04-AccountMatching-MGA/MGA_Amount'

2019-05-07 12:34:50 - [TEST_STEP][FAILED] - Insur_Comm_Amt = subString.FatchSubstringValue.SubString(Insurer_Comission_Amount): Insur_Comm_Amt = subString.FatchSubstringValue.SubString(Insurer_Comission_Amount) FAILED.
Reason:
com.kms.katalon.core.exception.StepFailedException: Unable to scroll to object 'Object Repository/TC04-AccountMatching-MGA/AccountManagement'
	at com.kms.katalon.core.keyword.internal.KeywordMain.stepFailed(KeywordMain.groovy:37)
	at com.kms.katalon.core.webui.keyword.internal.WebUIKeywordMain.stepFailed(WebUIKeywordMain.groovy:65)
	at com.kms.katalon.core.webui.keyword.internal.WebUIKeywordMain.runKeyword(WebUIKeywordMain.groovy:27)
	at com.kms.katalon.core.webui.keyword.builtin.ScrollToElementKeyword.scrollToElement(ScrollToElementKeyword.groovy:88)
	at com.kms.katalon.core.webui.keyword.builtin.ScrollToElementKeyword.execute(ScrollToElementKeyword.groovy:68)
	at com.kms.katalon.core.keyword.internal.KeywordExecutor.executeKeywordForPlatform(KeywordExecutor.groovy:56)
	at com.kms.katalon.core.webui.keyword.WebUiBuiltInKeywords.scrollToElement(WebUiBuiltInKeywords.groovy:2975)
	at com.kms.katalon.core.webui.keyword.WebUiBuiltInKeywords$scrollToElement$2.call(Unknown Source)
	at TC08-AccountMatching-Insurer.run(TC08-AccountMatching-Insurer:22)
	at com.kms.katalon.core.main.ScriptEngine.run(ScriptEngine.java:194)
	at com.kms.katalon.core.main.ScriptEngine.runScriptAsRawText(ScriptEngine.java:119)
	at com.kms.katalon.core.main.TestCaseExecutor.runScript(TestCaseExecutor.java:331)
	at com.kms.katalon.core.main.TestCaseExecutor.doExecute(TestCaseExecutor.java:322)
	at com.kms.katalon.core.main.TestCaseExecutor.processExecutionPhase(TestCaseExecutor.java:301)
	at com.kms.katalon.core.main.TestCaseExecutor.accessMainPhase(TestCaseExecutor.java:293)
	at com.kms.katalon.core.main.TestCaseExecutor.execute(TestCaseExecutor.java:227)
	at com.kms.katalon.core.main.TestSuiteExecutor.accessTestCaseMainPhase(TestSuiteExecutor.java:129)
	at com.kms.katalon.core.main.TestSuiteExecutor.accessTestSuiteMainPhase(TestSuiteExecutor.java:112)
	at com.kms.katalon.core.main.TestSuiteExecutor.execute(TestSuiteExecutor.java:81)
	at com.kms.katalon.core.main.TestCaseMain.startTestSuite(TestCaseMain.java:157)
	at com.kms.katalon.core.main.TestCaseMain$startTestSuite$0.call(Unknown Source)
	at TempTestSuite1557212292550.run(TempTestSuite1557212292550.groovy:35)


2019-05-07 12:34:50 - [MESSAGE][ERROR] - Cannot invoke method length() on null object

2019-05-07 12:34:50 - [MESSAGE][FAILED] - Insur_Comm_Amt = subString.FatchSubstringValue.SubString(Insurer_Comission_Amount) FAILED.
Reason:
com.kms.katalon.core.exception.StepFailedException: Unable to scroll to object 'Object Repository/TC04-AccountMatching-MGA/AccountManagement'
	at com.kms.katalon.core.keyword.internal.KeywordMain.stepFailed(KeywordMain.groovy:37)
	at com.kms.katalon.core.webui.keyword.internal.WebUIKeywordMain.stepFailed(WebUIKeywordMain.groovy:65)
	at com.kms.katalon.core.webui.keyword.internal.WebUIKeywordMain.runKeyword(WebUIKeywordMain.groovy:27)
	at com.kms.katalon.core.webui.keyword.builtin.ScrollToElementKeyword.scrollToElement(ScrollToElementKeyword.groovy:88)
	at com.kms.katalon.core.webui.keyword.builtin.ScrollToElementKeyword.execute(ScrollToElementKeyword.groovy:68)
	at com.kms.katalon.core.keyword.internal.KeywordExecutor.executeKeywordForPlatform(KeywordExecutor.groovy:56)
	at com.kms.katalon.core.webui.keyword.WebUiBuiltInKeywords.scrollToElement(WebUiBuiltInKeywords.groovy:2975)
	at com.kms.katalon.core.webui.keyword.WebUiBuiltInKeywords$scrollToElement$2.call(Unknown Source)
	at TC08-AccountMatching-Insurer.run(TC08-AccountMatching-Insurer:22)
	at com.kms.katalon.core.main.ScriptEngine.run(ScriptEngine.java:194)
	at com.kms.katalon.core.main.ScriptEngine.runScriptAsRawText(ScriptEngine.java:119)
	at com.kms.katalon.core.main.TestCaseExecutor.runScript(TestCaseExecutor.java:331)
	at com.kms.katalon.core.main.TestCaseExecutor.doExecute(TestCaseExecutor.java:322)
	at com.kms.katalon.core.main.TestCaseExecutor.processExecutionPhase(TestCaseExecutor.java:301)
	at com.kms.katalon.core.main.TestCaseExecutor.accessMainPhase(TestCaseExecutor.java:293)
	at com.kms.katalon.core.main.TestCaseExecutor.execute(TestCaseExecutor.java:227)
	at com.kms.katalon.core.main.TestSuiteExecutor.accessTestCaseMainPhase(TestSuiteExecutor.java:129)
	at com.kms.katalon.core.main.TestSuiteExecutor.accessTestSuiteMainPhase(TestSuiteExecutor.java:112)
	at com.kms.katalon.core.main.TestSuiteExecutor.execute(TestSuiteExecutor.java:81)
	at com.kms.katalon.core.main.TestCaseMain.startTestSuite(TestCaseMain.java:157)
	at com.kms.katalon.core.main.TestCaseMain$startTestSuite$0.call(Unknown Source)
	at TempTestSuite1557212292550.run(TempTestSuite1557212292550.groovy:35)]]></system-out>
         <system-err><![CDATA[2019-05-07 12:32:52 - [TEST_CASE][FAILED] - Test Cases/TC08-AccountMatching-Insurer: Test Cases/TC08-AccountMatching-Insurer FAILED.
Reason:
com.kms.katalon.core.exception.StepFailedException: Unable to scroll to object 'Object Repository/TC04-AccountMatching-MGA/AccountManagement'
	at com.kms.katalon.core.keyword.internal.KeywordMain.stepFailed(KeywordMain.groovy:37)
	at com.kms.katalon.core.webui.keyword.internal.WebUIKeywordMain.stepFailed(WebUIKeywordMain.groovy:65)
	at com.kms.katalon.core.webui.keyword.internal.WebUIKeywordMain.runKeyword(WebUIKeywordMain.groovy:27)
	at com.kms.katalon.core.webui.keyword.builtin.ScrollToElementKeyword.scrollToElement(ScrollToElementKeyword.groovy:88)
	at com.kms.katalon.core.webui.keyword.builtin.ScrollToElementKeyword.execute(ScrollToElementKeyword.groovy:68)
	at com.kms.katalon.core.keyword.internal.KeywordExecutor.executeKeywordForPlatform(KeywordExecutor.groovy:56)
	at com.kms.katalon.core.webui.keyword.WebUiBuiltInKeywords.scrollToElement(WebUiBuiltInKeywords.groovy:2975)
	at com.kms.katalon.core.webui.keyword.WebUiBuiltInKeywords$scrollToElement$2.call(Unknown Source)
	at TC08-AccountMatching-Insurer.run(TC08-AccountMatching-Insurer:22)
	at com.kms.katalon.core.main.ScriptEngine.run(ScriptEngine.java:194)
	at com.kms.katalon.core.main.ScriptEngine.runScriptAsRawText(ScriptEngine.java:119)
	at com.kms.katalon.core.main.TestCaseExecutor.runScript(TestCaseExecutor.java:331)
	at com.kms.katalon.core.main.TestCaseExecutor.doExecute(TestCaseExecutor.java:322)
	at com.kms.katalon.core.main.TestCaseExecutor.processExecutionPhase(TestCaseExecutor.java:301)
	at com.kms.katalon.core.main.TestCaseExecutor.accessMainPhase(TestCaseExecutor.java:293)
	at com.kms.katalon.core.main.TestCaseExecutor.execute(TestCaseExecutor.java:227)
	at com.kms.katalon.core.main.TestSuiteExecutor.accessTestCaseMainPhase(TestSuiteExecutor.java:129)
	at com.kms.katalon.core.main.TestSuiteExecutor.accessTestSuiteMainPhase(TestSuiteExecutor.java:112)
	at com.kms.katalon.core.main.TestSuiteExecutor.execute(TestSuiteExecutor.java:81)
	at com.kms.katalon.core.main.TestCaseMain.startTestSuite(TestCaseMain.java:157)
	at com.kms.katalon.core.main.TestCaseMain$startTestSuite$0.call(Unknown Source)
	at TempTestSuite1557212292550.run(TempTestSuite1557212292550.groovy:35)]]></system-err>
      </testcase>
      <system-out><![CDATA[2019-05-07 12:28:25 - [TEST_SUITE][FAILED] - AllAccountMatching: Test Cases/TC04-AccountMatching-MGA FAILED.
Reason:
com.kms.katalon.core.exception.StepFailedException: Unable to scroll to object 'Object Repository/TC04-AccountMatching-MGA/AccountManagement'
	at com.kms.katalon.core.keyword.internal.KeywordMain.stepFailed(KeywordMain.groovy:37)
	at com.kms.katalon.core.webui.keyword.internal.WebUIKeywordMain.stepFailed(WebUIKeywordMain.groovy:65)
	at com.kms.katalon.core.webui.keyword.internal.WebUIKeywordMain.runKeyword(WebUIKeywordMain.groovy:27)
	at com.kms.katalon.core.webui.keyword.builtin.ScrollToElementKeyword.scrollToElement(ScrollToElementKeyword.groovy:88)
	at com.kms.katalon.core.webui.keyword.builtin.ScrollToElementKeyword.execute(ScrollToElementKeyword.groovy:68)
	at com.kms.katalon.core.keyword.internal.KeywordExecutor.executeKeywordForPlatform(KeywordExecutor.groovy:56)
	at com.kms.katalon.core.webui.keyword.WebUiBuiltInKeywords.scrollToElement(WebUiBuiltInKeywords.groovy:2975)
	at com.kms.katalon.core.webui.keyword.WebUiBuiltInKeywords$scrollToElement$2.call(Unknown Source)
	at TC04-AccountMatching-MGA.run(TC04-AccountMatching-MGA:22)
	at com.kms.katalon.core.main.ScriptEngine.run(ScriptEngine.java:194)
	at com.kms.katalon.core.main.ScriptEngine.runScriptAsRawText(ScriptEngine.java:119)
	at com.kms.katalon.core.main.TestCaseExecutor.runScript(TestCaseExecutor.java:331)
	at com.kms.katalon.core.main.TestCaseExecutor.doExecute(TestCaseExecutor.java:322)
	at com.kms.katalon.core.main.TestCaseExecutor.processExecutionPhase(TestCaseExecutor.java:301)
	at com.kms.katalon.core.main.TestCaseExecutor.accessMainPhase(TestCaseExecutor.java:293)
	at com.kms.katalon.core.main.TestCaseExecutor.execute(TestCaseExecutor.java:227)
	at com.kms.katalon.core.main.TestSuiteExecutor.accessTestCaseMainPhase(TestSuiteExecutor.java:129)
	at com.kms.katalon.core.main.TestSuiteExecutor.accessTestSuiteMainPhase(TestSuiteExecutor.java:112)
	at com.kms.katalon.core.main.TestSuiteExecutor.execute(TestSuiteExecutor.java:81)
	at com.kms.katalon.core.main.TestCaseMain.startTestSuite(TestCaseMain.java:157)
	at com.kms.katalon.core.main.TestCaseMain$startTestSuite$0.call(Unknown Source)
	at TempTestSuite1557212292550.run(TempTestSuite1557212292550.groovy:35)]]></system-out>
      <system-err><![CDATA[2019-05-07 12:28:25 - [TEST_SUITE][FAILED] - AllAccountMatching: Test Cases/TC04-AccountMatching-MGA FAILED.
Reason:
com.kms.katalon.core.exception.StepFailedException: Unable to scroll to object 'Object Repository/TC04-AccountMatching-MGA/AccountManagement'
	at com.kms.katalon.core.keyword.internal.KeywordMain.stepFailed(KeywordMain.groovy:37)
	at com.kms.katalon.core.webui.keyword.internal.WebUIKeywordMain.stepFailed(WebUIKeywordMain.groovy:65)
	at com.kms.katalon.core.webui.keyword.internal.WebUIKeywordMain.runKeyword(WebUIKeywordMain.groovy:27)
	at com.kms.katalon.core.webui.keyword.builtin.ScrollToElementKeyword.scrollToElement(ScrollToElementKeyword.groovy:88)
	at com.kms.katalon.core.webui.keyword.builtin.ScrollToElementKeyword.execute(ScrollToElementKeyword.groovy:68)
	at com.kms.katalon.core.keyword.internal.KeywordExecutor.executeKeywordForPlatform(KeywordExecutor.groovy:56)
	at com.kms.katalon.core.webui.keyword.WebUiBuiltInKeywords.scrollToElement(WebUiBuiltInKeywords.groovy:2975)
	at com.kms.katalon.core.webui.keyword.WebUiBuiltInKeywords$scrollToElement$2.call(Unknown Source)
	at TC04-AccountMatching-MGA.run(TC04-AccountMatching-MGA:22)
	at com.kms.katalon.core.main.ScriptEngine.run(ScriptEngine.java:194)
	at com.kms.katalon.core.main.ScriptEngine.runScriptAsRawText(ScriptEngine.java:119)
	at com.kms.katalon.core.main.TestCaseExecutor.runScript(TestCaseExecutor.java:331)
	at com.kms.katalon.core.main.TestCaseExecutor.doExecute(TestCaseExecutor.java:322)
	at com.kms.katalon.core.main.TestCaseExecutor.processExecutionPhase(TestCaseExecutor.java:301)
	at com.kms.katalon.core.main.TestCaseExecutor.accessMainPhase(TestCaseExecutor.java:293)
	at com.kms.katalon.core.main.TestCaseExecutor.execute(TestCaseExecutor.java:227)
	at com.kms.katalon.core.main.TestSuiteExecutor.accessTestCaseMainPhase(TestSuiteExecutor.java:129)
	at com.kms.katalon.core.main.TestSuiteExecutor.accessTestSuiteMainPhase(TestSuiteExecutor.java:112)
	at com.kms.katalon.core.main.TestSuiteExecutor.execute(TestSuiteExecutor.java:81)
	at com.kms.katalon.core.main.TestCaseMain.startTestSuite(TestCaseMain.java:157)
	at com.kms.katalon.core.main.TestCaseMain$startTestSuite$0.call(Unknown Source)
	at TempTestSuite1557212292550.run(TempTestSuite1557212292550.groovy:35)]]></system-err>
   </testsuite>
</testsuites>
