<?xml version="1.0" encoding="UTF-8"?>
<testsuites name="TrialBalance" time="143" tests="1" failures="1" errors="1">
   <testsuite name="TrialBalance" tests="1" failures="1" errors="1" time="143" timestamp="2019-05-14 19:18:08" hostname="dipak - DIPAKDAS-PC.indusnettechnologies.com" id="Test Suites/TrialBalance">
      <properties>
         <property name="deviceName" value=""/>
         <property name="devicePlatform" value=""/>
         <property name="logFolder" value="E:\\MarkitCore\\MarkitCore-Final\\MarkitCoreSystem\\MarkitCore\\Reports\\TrialBalance\\20190514_191806"/>
         <property name="logFiles" value="E:\\MarkitCore\\MarkitCore-Final\\MarkitCoreSystem\\MarkitCore\\Reports\\TrialBalance\\20190514_191806\\execution0.log"/>
         <property name="attachments" value="E:\\MarkitCore\\MarkitCore-Final\\MarkitCoreSystem\\MarkitCore\\Reports\\TrialBalance\\20190514_191806\\1557841740633.png, E:\\MarkitCore\\MarkitCore-Final\\MarkitCoreSystem\\MarkitCore\\Reports\\TrialBalance\\20190514_191806\\1557841745069.png, E:\\MarkitCore\\MarkitCore-Final\\MarkitCoreSystem\\MarkitCore\\Reports\\TrialBalance\\20190514_191806\\1557841749531.png, E:\\MarkitCore\\MarkitCore-Final\\MarkitCoreSystem\\MarkitCore\\Reports\\TrialBalance\\20190514_191806\\1557841784836.png, E:\\MarkitCore\\MarkitCore-Final\\MarkitCoreSystem\\MarkitCore\\Reports\\TrialBalance\\20190514_191806\\1557841816106.png"/>
         <property name="hostName" value="dipak - DIPAKDAS-PC.indusnettechnologies.com"/>
         <property name="os" value="Windows 7 32bit"/>
         <property name="katalonVersion" value="6.0.5.4"/>
         <property name="browser" value="Chrome 74.0.3729.131"/>
         <property name="hostAddress" value="10.0.12.237"/>
         <property name="sessionId" value="1429eb91a33e9cb7521db1438d1dc19e"/>
         <property name="seleniumVersion" value="3.7.1"/>
         <property name="proxyInformation" value="ProxyInformation{proxyOption=NO_PROXY, proxyServerType=HTTP, password=, proxyServerAddress=, proxyServerPort=0}"/>
         <property name="platform" value="Windows 7"/>
      </properties>
      <testcase name="Test Cases/TC01-LoginApplication" classname="Test Cases/TC01-LoginApplication" status="PASSED">
         <system-out><![CDATA[2019-05-14 19:18:16 - [TEST_CASE][PASSED] - Test Cases/TC01-LoginApplication: Test Cases/TC01-LoginApplication

2019-05-14 19:18:16 - [TEST_STEP][NOT_RUN] - openBrowser(""): NOT_RUN: openBrowser("")

2019-05-14 19:18:16 - [MESSAGE][NOT_RUN] - NOT_RUN: openBrowser("")

2019-05-14 19:18:16 - [TEST_STEP][NOT_RUN] - navigateToUrl("https://dev.offshoresoftwaresolutions.net/markit_coreV2/Sites/CoreTest/login/admin_display"): NOT_RUN: navigateToUrl("https://dev.offshoresoftwaresolutions.net/markit_coreV2/Sites/CoreTest/login/admin_display")

2019-05-14 19:18:16 - [MESSAGE][NOT_RUN] - NOT_RUN: navigateToUrl("https://dev.offshoresoftwaresolutions.net/markit_coreV2/Sites/CoreTest/login/admin_display")

2019-05-14 19:18:16 - [TEST_STEP][PASSED] - setText(findTestObject("Object Repository/TC-LoginApplication/Page_Markit core new  Login/input_Login to your account_username"), username): Text 'dDasTester' is set on object 'Object Repository/TC-LoginApplication/Page_Markit core new  Login/input_Login to your account_username'

2019-05-14 19:18:17 - [MESSAGE][PASSED] - Text 'dDasTester' is set on object 'Object Repository/TC-LoginApplication/Page_Markit core new  Login/input_Login to your account_username'

2019-05-14 19:18:17 - [TEST_STEP][PASSED] - setText(findTestObject("Object Repository/TC-LoginApplication/Page_Markit core new  Login/input_Login to your account_password"), password): Text 'Czybm6R*' is set on object 'Object Repository/TC-LoginApplication/Page_Markit core new  Login/input_Login to your account_password'

2019-05-14 19:18:17 - [MESSAGE][PASSED] - Text 'Czybm6R*' is set on object 'Object Repository/TC-LoginApplication/Page_Markit core new  Login/input_Login to your account_password'

2019-05-14 19:18:17 - [TEST_STEP][PASSED] - delay(4, STOP_ON_FAILURE): Delayed 4 second(s)

2019-05-14 19:18:21 - [MESSAGE][PASSED] - Delayed 4 second(s)

2019-05-14 19:18:21 - [TEST_STEP][NOT_RUN] - maximizeWindow(): NOT_RUN: maximizeWindow()

2019-05-14 19:18:21 - [MESSAGE][NOT_RUN] - NOT_RUN: maximizeWindow()

2019-05-14 19:18:21 - [TEST_STEP][PASSED] - click(findTestObject("Object Repository/TC-LoginApplication/Page_Markit core new  Login/button_Login")): Object: 'Object Repository/TC-LoginApplication/Page_Markit core new  Login/button_Login' is clicked on

2019-05-14 19:18:27 - [MESSAGE][PASSED] - Object: 'Object Repository/TC-LoginApplication/Page_Markit core new  Login/button_Login' is clicked on

2019-05-14 19:18:27 - [TEST_STEP][NOT_RUN] - log = new com.kms.katalon.core.logging.KeywordLogger(): NOT_RUN: log = new com.kms.katalon.core.logging.KeywordLogger()

2019-05-14 19:18:27 - [MESSAGE][NOT_RUN] - NOT_RUN: log = new com.kms.katalon.core.logging.KeywordLogger()

2019-05-14 19:18:27 - [TEST_STEP][NOT_RUN] - log.logInfo(“Dipak”): NOT_RUN: log.logInfo(“Dipak”)

2019-05-14 19:18:27 - [MESSAGE][NOT_RUN] - NOT_RUN: log.logInfo(“Dipak”)]]></system-out>
         <system-err><![CDATA[]]></system-err>
      </testcase>
      <testcase name="Test Cases/TC11-TrialBalance-MGA" classname="Test Cases/TC11-TrialBalance-MGA" status="ERROR">
         <error type="ERROR" message="Test Cases/TC11-TrialBalance-MGA FAILED.
Reason:
org.codehaus.groovy.runtime.InvokerInvocationException: java.io.FileNotFoundException: Data Files\TestData\Comission.xlsx (The process cannot access the file because it is being used by another process)
	at com.excel.helper.ExcelHelper.invokeMethod(Excelhelper.groovy)
	at com.kms.katalon.core.main.CustomKeywordDelegatingMetaClass.invokeStaticMethod(CustomKeywordDelegatingMetaClass.java:49)
	at TC11-TrialBalance-MGA.run(TC11-TrialBalance-MGA:58)
	at com.kms.katalon.core.main.ScriptEngine.run(ScriptEngine.java:194)
	at com.kms.katalon.core.main.ScriptEngine.runScriptAsRawText(ScriptEngine.java:119)
	at com.kms.katalon.core.main.TestCaseExecutor.runScript(TestCaseExecutor.java:331)
	at com.kms.katalon.core.main.TestCaseExecutor.doExecute(TestCaseExecutor.java:322)
	at com.kms.katalon.core.main.TestCaseExecutor.processExecutionPhase(TestCaseExecutor.java:301)
	at com.kms.katalon.core.main.TestCaseExecutor.accessMainPhase(TestCaseExecutor.java:293)
	at com.kms.katalon.core.main.TestCaseExecutor.execute(TestCaseExecutor.java:227)
	at com.kms.katalon.core.main.TestSuiteExecutor.accessTestCaseMainPhase(TestSuiteExecutor.java:129)
	at com.kms.katalon.core.main.TestSuiteExecutor.accessTestSuiteMainPhase(TestSuiteExecutor.java:112)
	at com.kms.katalon.core.main.TestSuiteExecutor.execute(TestSuiteExecutor.java:81)
	at com.kms.katalon.core.main.TestCaseMain.startTestSuite(TestCaseMain.java:157)
	at com.kms.katalon.core.main.TestCaseMain$startTestSuite$0.call(Unknown Source)
	at TempTestSuite1557841686313.run(TempTestSuite1557841686313.groovy:35)
Caused by: java.io.FileNotFoundException: Data Files\TestData\Comission.xlsx (The process cannot access the file because it is being used by another process)
	at com.excel.helper.ExcelHelper.writeToExcel(Excelhelper.groovy:78)
	at com.excel.helper.ExcelHelper.updateTheExcel(Excelhelper.groovy:62)
	at com.excel.helper.ExcelHelper.invokeMethod(Excelhelper.groovy)
	at com.kms.katalon.core.main.CustomKeywordDelegatingMetaClass.invokeStaticMethod(CustomKeywordDelegatingMetaClass.java:49)
	at Script1556792840784.run(Script1556792840784.groovy:58)
	... 13 more
"/>
         <system-out><![CDATA[2019-05-14 19:18:27 - [TEST_CASE][ERROR] - Test Cases/TC11-TrialBalance-MGA: Test Cases/TC11-TrialBalance-MGA FAILED.
Reason:
org.codehaus.groovy.runtime.InvokerInvocationException: java.io.FileNotFoundException: Data Files\TestData\Comission.xlsx (The process cannot access the file because it is being used by another process)
	at com.excel.helper.ExcelHelper.invokeMethod(Excelhelper.groovy)
	at com.kms.katalon.core.main.CustomKeywordDelegatingMetaClass.invokeStaticMethod(CustomKeywordDelegatingMetaClass.java:49)
	at TC11-TrialBalance-MGA.run(TC11-TrialBalance-MGA:58)
	at com.kms.katalon.core.main.ScriptEngine.run(ScriptEngine.java:194)
	at com.kms.katalon.core.main.ScriptEngine.runScriptAsRawText(ScriptEngine.java:119)
	at com.kms.katalon.core.main.TestCaseExecutor.runScript(TestCaseExecutor.java:331)
	at com.kms.katalon.core.main.TestCaseExecutor.doExecute(TestCaseExecutor.java:322)
	at com.kms.katalon.core.main.TestCaseExecutor.processExecutionPhase(TestCaseExecutor.java:301)
	at com.kms.katalon.core.main.TestCaseExecutor.accessMainPhase(TestCaseExecutor.java:293)
	at com.kms.katalon.core.main.TestCaseExecutor.execute(TestCaseExecutor.java:227)
	at com.kms.katalon.core.main.TestSuiteExecutor.accessTestCaseMainPhase(TestSuiteExecutor.java:129)
	at com.kms.katalon.core.main.TestSuiteExecutor.accessTestSuiteMainPhase(TestSuiteExecutor.java:112)
	at com.kms.katalon.core.main.TestSuiteExecutor.execute(TestSuiteExecutor.java:81)
	at com.kms.katalon.core.main.TestCaseMain.startTestSuite(TestCaseMain.java:157)
	at com.kms.katalon.core.main.TestCaseMain$startTestSuite$0.call(Unknown Source)
	at TempTestSuite1557841686313.run(TempTestSuite1557841686313.groovy:35)
Caused by: java.io.FileNotFoundException: Data Files\TestData\Comission.xlsx (The process cannot access the file because it is being used by another process)
	at com.excel.helper.ExcelHelper.writeToExcel(Excelhelper.groovy:78)
	at com.excel.helper.ExcelHelper.updateTheExcel(Excelhelper.groovy:62)
	at com.excel.helper.ExcelHelper.invokeMethod(Excelhelper.groovy)
	at com.kms.katalon.core.main.CustomKeywordDelegatingMetaClass.invokeStaticMethod(CustomKeywordDelegatingMetaClass.java:49)
	at Script1556792840784.run(Script1556792840784.groovy:58)
	... 13 more


2019-05-14 19:18:27 - [TEST_STEP][PASSED] - waitForJQueryLoad(5): jQuery is ready.

2019-05-14 19:18:27 - [MESSAGE][PASSED] - jQuery is ready.

2019-05-14 19:18:27 - [TEST_STEP][PASSED] - scrollToElement(findTestObject("TC11-TrialBalance/Report"), 4): Scroll to object 'Object Repository/TC11-TrialBalance/Report' successfully

2019-05-14 19:18:28 - [MESSAGE][PASSED] - Scroll to object 'Object Repository/TC11-TrialBalance/Report' successfully

2019-05-14 19:18:28 - [TEST_STEP][PASSED] - click(findTestObject("TC11-TrialBalance/Report")): Object: 'Object Repository/TC11-TrialBalance/Report' is clicked on

2019-05-14 19:18:28 - [MESSAGE][PASSED] - Object: 'Object Repository/TC11-TrialBalance/Report' is clicked on

2019-05-14 19:18:28 - [TEST_STEP][PASSED] - delay(4): Delayed 4 second(s)

2019-05-14 19:18:32 - [MESSAGE][PASSED] - Delayed 4 second(s)

2019-05-14 19:18:32 - [TEST_STEP][PASSED] - scrollToElement(findTestObject("TC11-TrialBalance/TrialBalance"), 4): Scroll to object 'Object Repository/TC11-TrialBalance/TrialBalance' successfully

2019-05-14 19:18:32 - [MESSAGE][PASSED] - Scroll to object 'Object Repository/TC11-TrialBalance/TrialBalance' successfully

2019-05-14 19:18:32 - [TEST_STEP][PASSED] - click(findTestObject("TC11-TrialBalance/TrialBalance")): Object: 'Object Repository/TC11-TrialBalance/TrialBalance' is clicked on

2019-05-14 19:18:34 - [MESSAGE][PASSED] - Object: 'Object Repository/TC11-TrialBalance/TrialBalance' is clicked on

2019-05-14 19:18:34 - [TEST_STEP][PASSED] - waitForJQueryLoad(4): jQuery is ready.

2019-05-14 19:18:35 - [MESSAGE][PASSED] - jQuery is ready.

2019-05-14 19:18:35 - [TEST_STEP][PASSED] - selectOptionByLabel(findTestObject("TC11-TrialBalance/SelectCurrency"), "USD", false): All options with label 'USD' are selected in object 'Object Repository/TC11-TrialBalance/SelectCurrency' 

2019-05-14 19:18:35 - [MESSAGE][PASSED] - All options with label 'USD' are selected in object 'Object Repository/TC11-TrialBalance/SelectCurrency' 

2019-05-14 19:18:35 - [TEST_STEP][PASSED] - delay(4): Delayed 4 second(s)

2019-05-14 19:18:39 - [MESSAGE][PASSED] - Delayed 4 second(s)

2019-05-14 19:18:39 - [TEST_STEP][PASSED] - click(findTestObject("TC11-TrialBalance/SelectEntity")): Object: 'Object Repository/TC11-TrialBalance/SelectEntity' is clicked on

2019-05-14 19:18:39 - [MESSAGE][PASSED] - Object: 'Object Repository/TC11-TrialBalance/SelectEntity' is clicked on

2019-05-14 19:18:39 - [TEST_STEP][PASSED] - delay(4): Delayed 4 second(s)

2019-05-14 19:18:43 - [MESSAGE][PASSED] - Delayed 4 second(s)

2019-05-14 19:18:43 - [TEST_STEP][PASSED] - setText(findTestObject("TC11-TrialBalance/TypeEntityName"), "NEW MGA"): Text 'NEW MGA' is set on object 'Object Repository/TC11-TrialBalance/TypeEntityName'

2019-05-14 19:18:44 - [MESSAGE][PASSED] - Text 'NEW MGA' is set on object 'Object Repository/TC11-TrialBalance/TypeEntityName'

2019-05-14 19:18:44 - [TEST_STEP][PASSED] - sendKeys(findTestObject("TC11-TrialBalance/TypeEntityName"), Keys.chord(ENTER)): Keys 'ENTER + ' sent to object: 'Object Repository/TC11-TrialBalance/TypeEntityName'

2019-05-14 19:18:44 - [MESSAGE][PASSED] - Keys 'ENTER + ' sent to object: 'Object Repository/TC11-TrialBalance/TypeEntityName'

2019-05-14 19:18:44 - [TEST_STEP][PASSED] - delay(5): Delayed 5 second(s)

2019-05-14 19:18:49 - [MESSAGE][PASSED] - Delayed 5 second(s)

2019-05-14 19:18:49 - [TEST_STEP][PASSED] - click(findTestObject("TC11-TrialBalance/MGACreditor")): Object: 'Object Repository/TC11-TrialBalance/MGACreditor' is clicked on

2019-05-14 19:18:50 - [MESSAGE][PASSED] - Object: 'Object Repository/TC11-TrialBalance/MGACreditor' is clicked on

2019-05-14 19:18:50 - [TEST_STEP][PASSED] - delay(4): Delayed 4 second(s)

2019-05-14 19:18:54 - [MESSAGE][PASSED] - Delayed 4 second(s)

2019-05-14 19:18:54 - [TEST_STEP][PASSED] - setText(findTestObject("TC11-TrialBalance/SearchPolicy"), PolicyNo_TrialBalance): Text 'DASD/POLICY/003081' is set on object 'Object Repository/TC11-TrialBalance/SearchPolicy'

2019-05-14 19:18:55 - [MESSAGE][PASSED] - Text 'DASD/POLICY/003081' is set on object 'Object Repository/TC11-TrialBalance/SearchPolicy'

2019-05-14 19:18:55 - [TEST_STEP][PASSED] - sendKeys(findTestObject("TC11-TrialBalance/SearchPolicy"), Keys.chord(ENTER)): Keys 'ENTER + ' sent to object: 'Object Repository/TC11-TrialBalance/SearchPolicy'

2019-05-14 19:18:55 - [MESSAGE][PASSED] - Keys 'ENTER + ' sent to object: 'Object Repository/TC11-TrialBalance/SearchPolicy'

2019-05-14 19:18:55 - [TEST_STEP][PASSED] - delay(4): Delayed 4 second(s)

2019-05-14 19:18:59 - [MESSAGE][PASSED] - Delayed 4 second(s)

2019-05-14 19:18:59 - [TEST_STEP][PASSED] - MGA_Comm_Value = getText(findTestObject("TC11-TrialBalance/MGAValueCapture")): Text of object 'Object Repository/TC11-TrialBalance/MGAValueCapture' is: '145.50'

2019-05-14 19:18:59 - [MESSAGE][PASSED] - Text of object 'Object Repository/TC11-TrialBalance/MGAValueCapture' is: '145.50'

2019-05-14 19:18:59 - [TEST_STEP][ERROR] - com.excel.helper.ExcelHelper.updateTheExcel("Data Files/TestData/Comission.xlsx", "MGATrialBalance", MGA_Comm_Value): com.excel.helper.ExcelHelper.updateTheExcel("Data Files/TestData/Comission.xlsx", "MGATrialBalance", MGA_Comm_Value) FAILED.
Reason:
org.codehaus.groovy.runtime.InvokerInvocationException: java.io.FileNotFoundException: Data Files\TestData\Comission.xlsx (The process cannot access the file because it is being used by another process)
	at com.excel.helper.ExcelHelper.invokeMethod(Excelhelper.groovy)
	at com.kms.katalon.core.main.CustomKeywordDelegatingMetaClass.invokeStaticMethod(CustomKeywordDelegatingMetaClass.java:49)
	at TC11-TrialBalance-MGA.run(TC11-TrialBalance-MGA:58)
	at com.kms.katalon.core.main.ScriptEngine.run(ScriptEngine.java:194)
	at com.kms.katalon.core.main.ScriptEngine.runScriptAsRawText(ScriptEngine.java:119)
	at com.kms.katalon.core.main.TestCaseExecutor.runScript(TestCaseExecutor.java:331)
	at com.kms.katalon.core.main.TestCaseExecutor.doExecute(TestCaseExecutor.java:322)
	at com.kms.katalon.core.main.TestCaseExecutor.processExecutionPhase(TestCaseExecutor.java:301)
	at com.kms.katalon.core.main.TestCaseExecutor.accessMainPhase(TestCaseExecutor.java:293)
	at com.kms.katalon.core.main.TestCaseExecutor.execute(TestCaseExecutor.java:227)
	at com.kms.katalon.core.main.TestSuiteExecutor.accessTestCaseMainPhase(TestSuiteExecutor.java:129)
	at com.kms.katalon.core.main.TestSuiteExecutor.accessTestSuiteMainPhase(TestSuiteExecutor.java:112)
	at com.kms.katalon.core.main.TestSuiteExecutor.execute(TestSuiteExecutor.java:81)
	at com.kms.katalon.core.main.TestCaseMain.startTestSuite(TestCaseMain.java:157)
	at com.kms.katalon.core.main.TestCaseMain$startTestSuite$0.call(Unknown Source)
	at TempTestSuite1557841686313.run(TempTestSuite1557841686313.groovy:35)
Caused by: java.io.FileNotFoundException: Data Files\TestData\Comission.xlsx (The process cannot access the file because it is being used by another process)
	at com.excel.helper.ExcelHelper.writeToExcel(Excelhelper.groovy:78)
	at com.excel.helper.ExcelHelper.updateTheExcel(Excelhelper.groovy:62)
	at com.excel.helper.ExcelHelper.invokeMethod(Excelhelper.groovy)
	at com.kms.katalon.core.main.CustomKeywordDelegatingMetaClass.invokeStaticMethod(CustomKeywordDelegatingMetaClass.java:49)
	at Script1556792840784.run(Script1556792840784.groovy:58)
	... 13 more


2019-05-14 19:19:00 - [MESSAGE][ERROR] - java.io.FileNotFoundException: Data Files\TestData\Comission.xlsx (The process cannot access the file because it is being used by another process)

2019-05-14 19:19:00 - [MESSAGE][ERROR] - com.excel.helper.ExcelHelper.updateTheExcel("Data Files/TestData/Comission.xlsx", "MGATrialBalance", MGA_Comm_Value) FAILED.
Reason:
org.codehaus.groovy.runtime.InvokerInvocationException: java.io.FileNotFoundException: Data Files\TestData\Comission.xlsx (The process cannot access the file because it is being used by another process)
	at com.excel.helper.ExcelHelper.invokeMethod(Excelhelper.groovy)
	at com.kms.katalon.core.main.CustomKeywordDelegatingMetaClass.invokeStaticMethod(CustomKeywordDelegatingMetaClass.java:49)
	at TC11-TrialBalance-MGA.run(TC11-TrialBalance-MGA:58)
	at com.kms.katalon.core.main.ScriptEngine.run(ScriptEngine.java:194)
	at com.kms.katalon.core.main.ScriptEngine.runScriptAsRawText(ScriptEngine.java:119)
	at com.kms.katalon.core.main.TestCaseExecutor.runScript(TestCaseExecutor.java:331)
	at com.kms.katalon.core.main.TestCaseExecutor.doExecute(TestCaseExecutor.java:322)
	at com.kms.katalon.core.main.TestCaseExecutor.processExecutionPhase(TestCaseExecutor.java:301)
	at com.kms.katalon.core.main.TestCaseExecutor.accessMainPhase(TestCaseExecutor.java:293)
	at com.kms.katalon.core.main.TestCaseExecutor.execute(TestCaseExecutor.java:227)
	at com.kms.katalon.core.main.TestSuiteExecutor.accessTestCaseMainPhase(TestSuiteExecutor.java:129)
	at com.kms.katalon.core.main.TestSuiteExecutor.accessTestSuiteMainPhase(TestSuiteExecutor.java:112)
	at com.kms.katalon.core.main.TestSuiteExecutor.execute(TestSuiteExecutor.java:81)
	at com.kms.katalon.core.main.TestCaseMain.startTestSuite(TestCaseMain.java:157)
	at com.kms.katalon.core.main.TestCaseMain$startTestSuite$0.call(Unknown Source)
	at TempTestSuite1557841686313.run(TempTestSuite1557841686313.groovy:35)
Caused by: java.io.FileNotFoundException: Data Files\TestData\Comission.xlsx (The process cannot access the file because it is being used by another process)
	at com.excel.helper.ExcelHelper.writeToExcel(Excelhelper.groovy:78)
	at com.excel.helper.ExcelHelper.updateTheExcel(Excelhelper.groovy:62)
	at com.excel.helper.ExcelHelper.invokeMethod(Excelhelper.groovy)
	at com.kms.katalon.core.main.CustomKeywordDelegatingMetaClass.invokeStaticMethod(CustomKeywordDelegatingMetaClass.java:49)
	at Script1556792840784.run(Script1556792840784.groovy:58)
	... 13 more]]></system-out>
         <system-err><![CDATA[2019-05-14 19:18:27 - [TEST_CASE][ERROR] - Test Cases/TC11-TrialBalance-MGA: Test Cases/TC11-TrialBalance-MGA FAILED.
Reason:
org.codehaus.groovy.runtime.InvokerInvocationException: java.io.FileNotFoundException: Data Files\TestData\Comission.xlsx (The process cannot access the file because it is being used by another process)
	at com.excel.helper.ExcelHelper.invokeMethod(Excelhelper.groovy)
	at com.kms.katalon.core.main.CustomKeywordDelegatingMetaClass.invokeStaticMethod(CustomKeywordDelegatingMetaClass.java:49)
	at TC11-TrialBalance-MGA.run(TC11-TrialBalance-MGA:58)
	at com.kms.katalon.core.main.ScriptEngine.run(ScriptEngine.java:194)
	at com.kms.katalon.core.main.ScriptEngine.runScriptAsRawText(ScriptEngine.java:119)
	at com.kms.katalon.core.main.TestCaseExecutor.runScript(TestCaseExecutor.java:331)
	at com.kms.katalon.core.main.TestCaseExecutor.doExecute(TestCaseExecutor.java:322)
	at com.kms.katalon.core.main.TestCaseExecutor.processExecutionPhase(TestCaseExecutor.java:301)
	at com.kms.katalon.core.main.TestCaseExecutor.accessMainPhase(TestCaseExecutor.java:293)
	at com.kms.katalon.core.main.TestCaseExecutor.execute(TestCaseExecutor.java:227)
	at com.kms.katalon.core.main.TestSuiteExecutor.accessTestCaseMainPhase(TestSuiteExecutor.java:129)
	at com.kms.katalon.core.main.TestSuiteExecutor.accessTestSuiteMainPhase(TestSuiteExecutor.java:112)
	at com.kms.katalon.core.main.TestSuiteExecutor.execute(TestSuiteExecutor.java:81)
	at com.kms.katalon.core.main.TestCaseMain.startTestSuite(TestCaseMain.java:157)
	at com.kms.katalon.core.main.TestCaseMain$startTestSuite$0.call(Unknown Source)
	at TempTestSuite1557841686313.run(TempTestSuite1557841686313.groovy:35)
Caused by: java.io.FileNotFoundException: Data Files\TestData\Comission.xlsx (The process cannot access the file because it is being used by another process)
	at com.excel.helper.ExcelHelper.writeToExcel(Excelhelper.groovy:78)
	at com.excel.helper.ExcelHelper.updateTheExcel(Excelhelper.groovy:62)
	at com.excel.helper.ExcelHelper.invokeMethod(Excelhelper.groovy)
	at com.kms.katalon.core.main.CustomKeywordDelegatingMetaClass.invokeStaticMethod(CustomKeywordDelegatingMetaClass.java:49)
	at Script1556792840784.run(Script1556792840784.groovy:58)
	... 13 more]]></system-err>
      </testcase>
      <testcase name="Test Cases/TC11-TrialBalance-MGA" classname="Test Cases/TC11-TrialBalance-MGA" status="FAILED">
         <failure type="FAILED" message="Test Cases/TC11-TrialBalance-MGA FAILED.
Reason:
com.kms.katalon.core.exception.StepFailedException: Unable to click on object 'Object Repository/TC11-TrialBalance/Report'
	at com.kms.katalon.core.keyword.internal.KeywordMain.stepFailed(KeywordMain.groovy:37)
	at com.kms.katalon.core.webui.keyword.internal.WebUIKeywordMain.stepFailed(WebUIKeywordMain.groovy:65)
	at com.kms.katalon.core.webui.keyword.internal.WebUIKeywordMain.runKeyword(WebUIKeywordMain.groovy:27)
	at com.kms.katalon.core.webui.keyword.builtin.ClickKeyword.click(ClickKeyword.groovy:86)
	at com.kms.katalon.core.webui.keyword.builtin.ClickKeyword.execute(ClickKeyword.groovy:67)
	at com.kms.katalon.core.keyword.internal.KeywordExecutor.executeKeywordForPlatform(KeywordExecutor.groovy:56)
	at com.kms.katalon.core.webui.keyword.WebUiBuiltInKeywords.click(WebUiBuiltInKeywords.groovy:616)
	at com.kms.katalon.core.webui.keyword.WebUiBuiltInKeywords$click$3.call(Unknown Source)
	at TC11-TrialBalance-MGA.run(TC11-TrialBalance-MGA:22)
	at com.kms.katalon.core.main.ScriptEngine.run(ScriptEngine.java:194)
	at com.kms.katalon.core.main.ScriptEngine.runScriptAsRawText(ScriptEngine.java:119)
	at com.kms.katalon.core.main.TestCaseExecutor.runScript(TestCaseExecutor.java:331)
	at com.kms.katalon.core.main.TestCaseExecutor.doExecute(TestCaseExecutor.java:322)
	at com.kms.katalon.core.main.TestCaseExecutor.processExecutionPhase(TestCaseExecutor.java:301)
	at com.kms.katalon.core.main.TestCaseExecutor.accessMainPhase(TestCaseExecutor.java:293)
	at com.kms.katalon.core.main.TestCaseExecutor.execute(TestCaseExecutor.java:227)
	at com.kms.katalon.core.main.TestSuiteExecutor.accessTestCaseMainPhase(TestSuiteExecutor.java:129)
	at com.kms.katalon.core.main.TestSuiteExecutor.accessTestSuiteMainPhase(TestSuiteExecutor.java:112)
	at com.kms.katalon.core.main.TestSuiteExecutor.execute(TestSuiteExecutor.java:81)
	at com.kms.katalon.core.main.TestCaseMain.startTestSuite(TestCaseMain.java:157)
	at com.kms.katalon.core.main.TestCaseMain$startTestSuite$0.call(Unknown Source)
	at TempTestSuite1557841686313.run(TempTestSuite1557841686313.groovy:35)
"/>
         <system-out><![CDATA[2019-05-14 19:19:00 - [TEST_CASE][FAILED] - Test Cases/TC11-TrialBalance-MGA: Test Cases/TC11-TrialBalance-MGA FAILED.
Reason:
com.kms.katalon.core.exception.StepFailedException: Unable to click on object 'Object Repository/TC11-TrialBalance/Report'
	at com.kms.katalon.core.keyword.internal.KeywordMain.stepFailed(KeywordMain.groovy:37)
	at com.kms.katalon.core.webui.keyword.internal.WebUIKeywordMain.stepFailed(WebUIKeywordMain.groovy:65)
	at com.kms.katalon.core.webui.keyword.internal.WebUIKeywordMain.runKeyword(WebUIKeywordMain.groovy:27)
	at com.kms.katalon.core.webui.keyword.builtin.ClickKeyword.click(ClickKeyword.groovy:86)
	at com.kms.katalon.core.webui.keyword.builtin.ClickKeyword.execute(ClickKeyword.groovy:67)
	at com.kms.katalon.core.keyword.internal.KeywordExecutor.executeKeywordForPlatform(KeywordExecutor.groovy:56)
	at com.kms.katalon.core.webui.keyword.WebUiBuiltInKeywords.click(WebUiBuiltInKeywords.groovy:616)
	at com.kms.katalon.core.webui.keyword.WebUiBuiltInKeywords$click$3.call(Unknown Source)
	at TC11-TrialBalance-MGA.run(TC11-TrialBalance-MGA:22)
	at com.kms.katalon.core.main.ScriptEngine.run(ScriptEngine.java:194)
	at com.kms.katalon.core.main.ScriptEngine.runScriptAsRawText(ScriptEngine.java:119)
	at com.kms.katalon.core.main.TestCaseExecutor.runScript(TestCaseExecutor.java:331)
	at com.kms.katalon.core.main.TestCaseExecutor.doExecute(TestCaseExecutor.java:322)
	at com.kms.katalon.core.main.TestCaseExecutor.processExecutionPhase(TestCaseExecutor.java:301)
	at com.kms.katalon.core.main.TestCaseExecutor.accessMainPhase(TestCaseExecutor.java:293)
	at com.kms.katalon.core.main.TestCaseExecutor.execute(TestCaseExecutor.java:227)
	at com.kms.katalon.core.main.TestSuiteExecutor.accessTestCaseMainPhase(TestSuiteExecutor.java:129)
	at com.kms.katalon.core.main.TestSuiteExecutor.accessTestSuiteMainPhase(TestSuiteExecutor.java:112)
	at com.kms.katalon.core.main.TestSuiteExecutor.execute(TestSuiteExecutor.java:81)
	at com.kms.katalon.core.main.TestCaseMain.startTestSuite(TestCaseMain.java:157)
	at com.kms.katalon.core.main.TestCaseMain$startTestSuite$0.call(Unknown Source)
	at TempTestSuite1557841686313.run(TempTestSuite1557841686313.groovy:35)


2019-05-14 19:19:00 - [TEST_STEP][PASSED] - waitForJQueryLoad(5): jQuery is ready.

2019-05-14 19:19:00 - [MESSAGE][PASSED] - jQuery is ready.

2019-05-14 19:19:00 - [TEST_STEP][PASSED] - scrollToElement(findTestObject("TC11-TrialBalance/Report"), 4): Scroll to object 'Object Repository/TC11-TrialBalance/Report' successfully

2019-05-14 19:19:00 - [MESSAGE][PASSED] - Scroll to object 'Object Repository/TC11-TrialBalance/Report' successfully

2019-05-14 19:19:00 - [TEST_STEP][FAILED] - click(findTestObject("TC11-TrialBalance/Report")): Unable to click on object 'Object Repository/TC11-TrialBalance/Report'

2019-05-14 19:19:00 - [MESSAGE][FAILED] - Unable to click on object 'Object Repository/TC11-TrialBalance/Report'
[[ATTACHMENT|E:\\MarkitCore\\MarkitCore-Final\\MarkitCoreSystem\\MarkitCore\\Reports\\TrialBalance\\20190514_191806\\1557841740633.png]]

2019-05-14 19:19:00 - [TEST_STEP][PASSED] - delay(4): Delayed 4 second(s)

2019-05-14 19:19:04 - [MESSAGE][PASSED] - Delayed 4 second(s)

2019-05-14 19:19:04 - [TEST_STEP][PASSED] - scrollToElement(findTestObject("TC11-TrialBalance/TrialBalance"), 4): Scroll to object 'Object Repository/TC11-TrialBalance/TrialBalance' successfully

2019-05-14 19:19:05 - [MESSAGE][PASSED] - Scroll to object 'Object Repository/TC11-TrialBalance/TrialBalance' successfully

2019-05-14 19:19:05 - [TEST_STEP][FAILED] - click(findTestObject("TC11-TrialBalance/TrialBalance")): Unable to click on object 'Object Repository/TC11-TrialBalance/TrialBalance'

2019-05-14 19:19:05 - [MESSAGE][FAILED] - Unable to click on object 'Object Repository/TC11-TrialBalance/TrialBalance'
[[ATTACHMENT|E:\\MarkitCore\\MarkitCore-Final\\MarkitCoreSystem\\MarkitCore\\Reports\\TrialBalance\\20190514_191806\\1557841745069.png]]

2019-05-14 19:19:05 - [TEST_STEP][PASSED] - waitForJQueryLoad(4): jQuery is ready.

2019-05-14 19:19:05 - [MESSAGE][PASSED] - jQuery is ready.

2019-05-14 19:19:05 - [TEST_STEP][PASSED] - selectOptionByLabel(findTestObject("TC11-TrialBalance/SelectCurrency"), "USD", false): All options with label 'USD' are selected in object 'Object Repository/TC11-TrialBalance/SelectCurrency' 

2019-05-14 19:19:05 - [MESSAGE][PASSED] - All options with label 'USD' are selected in object 'Object Repository/TC11-TrialBalance/SelectCurrency' 

2019-05-14 19:19:05 - [TEST_STEP][PASSED] - delay(4): Delayed 4 second(s)

2019-05-14 19:19:09 - [MESSAGE][PASSED] - Delayed 4 second(s)

2019-05-14 19:19:09 - [TEST_STEP][FAILED] - click(findTestObject("TC11-TrialBalance/SelectEntity")): Unable to click on object 'Object Repository/TC11-TrialBalance/SelectEntity'

2019-05-14 19:19:09 - [MESSAGE][FAILED] - Unable to click on object 'Object Repository/TC11-TrialBalance/SelectEntity'
[[ATTACHMENT|E:\\MarkitCore\\MarkitCore-Final\\MarkitCoreSystem\\MarkitCore\\Reports\\TrialBalance\\20190514_191806\\1557841749531.png]]

2019-05-14 19:19:09 - [TEST_STEP][PASSED] - delay(4): Delayed 4 second(s)

2019-05-14 19:19:13 - [MESSAGE][PASSED] - Delayed 4 second(s)

2019-05-14 19:19:13 - [TEST_STEP][FAILED] - setText(findTestObject("TC11-TrialBalance/TypeEntityName"), "NEW MGA"): Unable to set text 'NEW MGA' of object 'Object Repository/TC11-TrialBalance/TypeEntityName'

2019-05-14 19:19:44 - [MESSAGE][INFO] - Unable to find the element located by 'By.xpath: //input[@class='select2-search__field']'. Please recheck the objects properties to make sure the desired element is located. 

2019-05-14 19:19:45 - [MESSAGE][FAILED] - Unable to set text 'NEW MGA' of object 'Object Repository/TC11-TrialBalance/TypeEntityName'
[[ATTACHMENT|E:\\MarkitCore\\MarkitCore-Final\\MarkitCoreSystem\\MarkitCore\\Reports\\TrialBalance\\20190514_191806\\1557841784836.png]]

2019-05-14 19:19:45 - [TEST_STEP][FAILED] - sendKeys(findTestObject("TC11-TrialBalance/TypeEntityName"), Keys.chord(ENTER)): Unable to send keys '' to object 'Object Repository/TC11-TrialBalance/TypeEntityName'

2019-05-14 19:20:16 - [MESSAGE][INFO] - Unable to find the element located by 'By.xpath: //input[@class='select2-search__field']'. Please recheck the objects properties to make sure the desired element is located. 

2019-05-14 19:20:16 - [MESSAGE][FAILED] - Unable to send keys '' to object 'Object Repository/TC11-TrialBalance/TypeEntityName'
[[ATTACHMENT|E:\\MarkitCore\\MarkitCore-Final\\MarkitCoreSystem\\MarkitCore\\Reports\\TrialBalance\\20190514_191806\\1557841816106.png]]

2019-05-14 19:20:16 - [TEST_STEP][PASSED] - delay(5): Delayed 5 second(s)

2019-05-14 19:20:21 - [MESSAGE][PASSED] - Delayed 5 second(s)

2019-05-14 19:20:21 - [TEST_STEP][PASSED] - click(findTestObject("TC11-TrialBalance/MGACreditor")): Object: 'Object Repository/TC11-TrialBalance/MGACreditor' is clicked on

2019-05-14 19:20:22 - [MESSAGE][PASSED] - Object: 'Object Repository/TC11-TrialBalance/MGACreditor' is clicked on

2019-05-14 19:20:22 - [TEST_STEP][PASSED] - delay(4): Delayed 4 second(s)

2019-05-14 19:20:26 - [MESSAGE][PASSED] - Delayed 4 second(s)

2019-05-14 19:20:26 - [TEST_STEP][PASSED] - setText(findTestObject("TC11-TrialBalance/SearchPolicy"), PolicyNo_TrialBalance): Text 'DASD/POLICY/003083' is set on object 'Object Repository/TC11-TrialBalance/SearchPolicy'

2019-05-14 19:20:26 - [MESSAGE][PASSED] - Text 'DASD/POLICY/003083' is set on object 'Object Repository/TC11-TrialBalance/SearchPolicy'

2019-05-14 19:20:26 - [TEST_STEP][PASSED] - sendKeys(findTestObject("TC11-TrialBalance/SearchPolicy"), Keys.chord(ENTER)): Keys 'ENTER + ' sent to object: 'Object Repository/TC11-TrialBalance/SearchPolicy'

2019-05-14 19:20:26 - [MESSAGE][PASSED] - Keys 'ENTER + ' sent to object: 'Object Repository/TC11-TrialBalance/SearchPolicy'

2019-05-14 19:20:26 - [TEST_STEP][PASSED] - delay(4): Delayed 4 second(s)

2019-05-14 19:20:30 - [MESSAGE][PASSED] - Delayed 4 second(s)

2019-05-14 19:20:30 - [TEST_STEP][PASSED] - MGA_Comm_Value = getText(findTestObject("TC11-TrialBalance/MGAValueCapture")): Text of object 'Object Repository/TC11-TrialBalance/MGAValueCapture' is: '145.50'

2019-05-14 19:20:30 - [MESSAGE][PASSED] - Text of object 'Object Repository/TC11-TrialBalance/MGAValueCapture' is: '145.50'

2019-05-14 19:20:30 - [TEST_STEP][FAILED] - com.excel.helper.ExcelHelper.updateTheExcel("Data Files/TestData/Comission.xlsx", "MGATrialBalance", MGA_Comm_Value): com.excel.helper.ExcelHelper.updateTheExcel("Data Files/TestData/Comission.xlsx", "MGATrialBalance", MGA_Comm_Value) FAILED.
Reason:
com.kms.katalon.core.exception.StepFailedException: Unable to click on object 'Object Repository/TC11-TrialBalance/Report'
	at com.kms.katalon.core.keyword.internal.KeywordMain.stepFailed(KeywordMain.groovy:37)
	at com.kms.katalon.core.webui.keyword.internal.WebUIKeywordMain.stepFailed(WebUIKeywordMain.groovy:65)
	at com.kms.katalon.core.webui.keyword.internal.WebUIKeywordMain.runKeyword(WebUIKeywordMain.groovy:27)
	at com.kms.katalon.core.webui.keyword.builtin.ClickKeyword.click(ClickKeyword.groovy:86)
	at com.kms.katalon.core.webui.keyword.builtin.ClickKeyword.execute(ClickKeyword.groovy:67)
	at com.kms.katalon.core.keyword.internal.KeywordExecutor.executeKeywordForPlatform(KeywordExecutor.groovy:56)
	at com.kms.katalon.core.webui.keyword.WebUiBuiltInKeywords.click(WebUiBuiltInKeywords.groovy:616)
	at com.kms.katalon.core.webui.keyword.WebUiBuiltInKeywords$click$3.call(Unknown Source)
	at TC11-TrialBalance-MGA.run(TC11-TrialBalance-MGA:22)
	at com.kms.katalon.core.main.ScriptEngine.run(ScriptEngine.java:194)
	at com.kms.katalon.core.main.ScriptEngine.runScriptAsRawText(ScriptEngine.java:119)
	at com.kms.katalon.core.main.TestCaseExecutor.runScript(TestCaseExecutor.java:331)
	at com.kms.katalon.core.main.TestCaseExecutor.doExecute(TestCaseExecutor.java:322)
	at com.kms.katalon.core.main.TestCaseExecutor.processExecutionPhase(TestCaseExecutor.java:301)
	at com.kms.katalon.core.main.TestCaseExecutor.accessMainPhase(TestCaseExecutor.java:293)
	at com.kms.katalon.core.main.TestCaseExecutor.execute(TestCaseExecutor.java:227)
	at com.kms.katalon.core.main.TestSuiteExecutor.accessTestCaseMainPhase(TestSuiteExecutor.java:129)
	at com.kms.katalon.core.main.TestSuiteExecutor.accessTestSuiteMainPhase(TestSuiteExecutor.java:112)
	at com.kms.katalon.core.main.TestSuiteExecutor.execute(TestSuiteExecutor.java:81)
	at com.kms.katalon.core.main.TestCaseMain.startTestSuite(TestCaseMain.java:157)
	at com.kms.katalon.core.main.TestCaseMain$startTestSuite$0.call(Unknown Source)
	at TempTestSuite1557841686313.run(TempTestSuite1557841686313.groovy:35)


2019-05-14 19:20:30 - [MESSAGE][ERROR] - java.io.FileNotFoundException: Data Files\TestData\Comission.xlsx (The process cannot access the file because it is being used by another process)

2019-05-14 19:20:30 - [MESSAGE][FAILED] - com.excel.helper.ExcelHelper.updateTheExcel("Data Files/TestData/Comission.xlsx", "MGATrialBalance", MGA_Comm_Value) FAILED.
Reason:
com.kms.katalon.core.exception.StepFailedException: Unable to click on object 'Object Repository/TC11-TrialBalance/Report'
	at com.kms.katalon.core.keyword.internal.KeywordMain.stepFailed(KeywordMain.groovy:37)
	at com.kms.katalon.core.webui.keyword.internal.WebUIKeywordMain.stepFailed(WebUIKeywordMain.groovy:65)
	at com.kms.katalon.core.webui.keyword.internal.WebUIKeywordMain.runKeyword(WebUIKeywordMain.groovy:27)
	at com.kms.katalon.core.webui.keyword.builtin.ClickKeyword.click(ClickKeyword.groovy:86)
	at com.kms.katalon.core.webui.keyword.builtin.ClickKeyword.execute(ClickKeyword.groovy:67)
	at com.kms.katalon.core.keyword.internal.KeywordExecutor.executeKeywordForPlatform(KeywordExecutor.groovy:56)
	at com.kms.katalon.core.webui.keyword.WebUiBuiltInKeywords.click(WebUiBuiltInKeywords.groovy:616)
	at com.kms.katalon.core.webui.keyword.WebUiBuiltInKeywords$click$3.call(Unknown Source)
	at TC11-TrialBalance-MGA.run(TC11-TrialBalance-MGA:22)
	at com.kms.katalon.core.main.ScriptEngine.run(ScriptEngine.java:194)
	at com.kms.katalon.core.main.ScriptEngine.runScriptAsRawText(ScriptEngine.java:119)
	at com.kms.katalon.core.main.TestCaseExecutor.runScript(TestCaseExecutor.java:331)
	at com.kms.katalon.core.main.TestCaseExecutor.doExecute(TestCaseExecutor.java:322)
	at com.kms.katalon.core.main.TestCaseExecutor.processExecutionPhase(TestCaseExecutor.java:301)
	at com.kms.katalon.core.main.TestCaseExecutor.accessMainPhase(TestCaseExecutor.java:293)
	at com.kms.katalon.core.main.TestCaseExecutor.execute(TestCaseExecutor.java:227)
	at com.kms.katalon.core.main.TestSuiteExecutor.accessTestCaseMainPhase(TestSuiteExecutor.java:129)
	at com.kms.katalon.core.main.TestSuiteExecutor.accessTestSuiteMainPhase(TestSuiteExecutor.java:112)
	at com.kms.katalon.core.main.TestSuiteExecutor.execute(TestSuiteExecutor.java:81)
	at com.kms.katalon.core.main.TestCaseMain.startTestSuite(TestCaseMain.java:157)
	at com.kms.katalon.core.main.TestCaseMain$startTestSuite$0.call(Unknown Source)
	at TempTestSuite1557841686313.run(TempTestSuite1557841686313.groovy:35)]]></system-out>
         <system-err><![CDATA[2019-05-14 19:19:00 - [TEST_CASE][FAILED] - Test Cases/TC11-TrialBalance-MGA: Test Cases/TC11-TrialBalance-MGA FAILED.
Reason:
com.kms.katalon.core.exception.StepFailedException: Unable to click on object 'Object Repository/TC11-TrialBalance/Report'
	at com.kms.katalon.core.keyword.internal.KeywordMain.stepFailed(KeywordMain.groovy:37)
	at com.kms.katalon.core.webui.keyword.internal.WebUIKeywordMain.stepFailed(WebUIKeywordMain.groovy:65)
	at com.kms.katalon.core.webui.keyword.internal.WebUIKeywordMain.runKeyword(WebUIKeywordMain.groovy:27)
	at com.kms.katalon.core.webui.keyword.builtin.ClickKeyword.click(ClickKeyword.groovy:86)
	at com.kms.katalon.core.webui.keyword.builtin.ClickKeyword.execute(ClickKeyword.groovy:67)
	at com.kms.katalon.core.keyword.internal.KeywordExecutor.executeKeywordForPlatform(KeywordExecutor.groovy:56)
	at com.kms.katalon.core.webui.keyword.WebUiBuiltInKeywords.click(WebUiBuiltInKeywords.groovy:616)
	at com.kms.katalon.core.webui.keyword.WebUiBuiltInKeywords$click$3.call(Unknown Source)
	at TC11-TrialBalance-MGA.run(TC11-TrialBalance-MGA:22)
	at com.kms.katalon.core.main.ScriptEngine.run(ScriptEngine.java:194)
	at com.kms.katalon.core.main.ScriptEngine.runScriptAsRawText(ScriptEngine.java:119)
	at com.kms.katalon.core.main.TestCaseExecutor.runScript(TestCaseExecutor.java:331)
	at com.kms.katalon.core.main.TestCaseExecutor.doExecute(TestCaseExecutor.java:322)
	at com.kms.katalon.core.main.TestCaseExecutor.processExecutionPhase(TestCaseExecutor.java:301)
	at com.kms.katalon.core.main.TestCaseExecutor.accessMainPhase(TestCaseExecutor.java:293)
	at com.kms.katalon.core.main.TestCaseExecutor.execute(TestCaseExecutor.java:227)
	at com.kms.katalon.core.main.TestSuiteExecutor.accessTestCaseMainPhase(TestSuiteExecutor.java:129)
	at com.kms.katalon.core.main.TestSuiteExecutor.accessTestSuiteMainPhase(TestSuiteExecutor.java:112)
	at com.kms.katalon.core.main.TestSuiteExecutor.execute(TestSuiteExecutor.java:81)
	at com.kms.katalon.core.main.TestCaseMain.startTestSuite(TestCaseMain.java:157)
	at com.kms.katalon.core.main.TestCaseMain$startTestSuite$0.call(Unknown Source)
	at TempTestSuite1557841686313.run(TempTestSuite1557841686313.groovy:35)]]></system-err>
      </testcase>
      <system-out><![CDATA[2019-05-14 19:18:08 - [TEST_SUITE][ERROR] - TrialBalance: Test Cases/TC11-TrialBalance-MGA FAILED.
Reason:
org.codehaus.groovy.runtime.InvokerInvocationException: java.io.FileNotFoundException: Data Files\TestData\Comission.xlsx (The process cannot access the file because it is being used by another process)
	at com.excel.helper.ExcelHelper.invokeMethod(Excelhelper.groovy)
	at com.kms.katalon.core.main.CustomKeywordDelegatingMetaClass.invokeStaticMethod(CustomKeywordDelegatingMetaClass.java:49)
	at TC11-TrialBalance-MGA.run(TC11-TrialBalance-MGA:58)
	at com.kms.katalon.core.main.ScriptEngine.run(ScriptEngine.java:194)
	at com.kms.katalon.core.main.ScriptEngine.runScriptAsRawText(ScriptEngine.java:119)
	at com.kms.katalon.core.main.TestCaseExecutor.runScript(TestCaseExecutor.java:331)
	at com.kms.katalon.core.main.TestCaseExecutor.doExecute(TestCaseExecutor.java:322)
	at com.kms.katalon.core.main.TestCaseExecutor.processExecutionPhase(TestCaseExecutor.java:301)
	at com.kms.katalon.core.main.TestCaseExecutor.accessMainPhase(TestCaseExecutor.java:293)
	at com.kms.katalon.core.main.TestCaseExecutor.execute(TestCaseExecutor.java:227)
	at com.kms.katalon.core.main.TestSuiteExecutor.accessTestCaseMainPhase(TestSuiteExecutor.java:129)
	at com.kms.katalon.core.main.TestSuiteExecutor.accessTestSuiteMainPhase(TestSuiteExecutor.java:112)
	at com.kms.katalon.core.main.TestSuiteExecutor.execute(TestSuiteExecutor.java:81)
	at com.kms.katalon.core.main.TestCaseMain.startTestSuite(TestCaseMain.java:157)
	at com.kms.katalon.core.main.TestCaseMain$startTestSuite$0.call(Unknown Source)
	at TempTestSuite1557841686313.run(TempTestSuite1557841686313.groovy:35)
Caused by: java.io.FileNotFoundException: Data Files\TestData\Comission.xlsx (The process cannot access the file because it is being used by another process)
	at com.excel.helper.ExcelHelper.writeToExcel(Excelhelper.groovy:78)
	at com.excel.helper.ExcelHelper.updateTheExcel(Excelhelper.groovy:62)
	at com.excel.helper.ExcelHelper.invokeMethod(Excelhelper.groovy)
	at com.kms.katalon.core.main.CustomKeywordDelegatingMetaClass.invokeStaticMethod(CustomKeywordDelegatingMetaClass.java:49)
	at Script1556792840784.run(Script1556792840784.groovy:58)
	... 13 more]]></system-out>
      <system-err><![CDATA[2019-05-14 19:18:08 - [TEST_SUITE][ERROR] - TrialBalance: Test Cases/TC11-TrialBalance-MGA FAILED.
Reason:
org.codehaus.groovy.runtime.InvokerInvocationException: java.io.FileNotFoundException: Data Files\TestData\Comission.xlsx (The process cannot access the file because it is being used by another process)
	at com.excel.helper.ExcelHelper.invokeMethod(Excelhelper.groovy)
	at com.kms.katalon.core.main.CustomKeywordDelegatingMetaClass.invokeStaticMethod(CustomKeywordDelegatingMetaClass.java:49)
	at TC11-TrialBalance-MGA.run(TC11-TrialBalance-MGA:58)
	at com.kms.katalon.core.main.ScriptEngine.run(ScriptEngine.java:194)
	at com.kms.katalon.core.main.ScriptEngine.runScriptAsRawText(ScriptEngine.java:119)
	at com.kms.katalon.core.main.TestCaseExecutor.runScript(TestCaseExecutor.java:331)
	at com.kms.katalon.core.main.TestCaseExecutor.doExecute(TestCaseExecutor.java:322)
	at com.kms.katalon.core.main.TestCaseExecutor.processExecutionPhase(TestCaseExecutor.java:301)
	at com.kms.katalon.core.main.TestCaseExecutor.accessMainPhase(TestCaseExecutor.java:293)
	at com.kms.katalon.core.main.TestCaseExecutor.execute(TestCaseExecutor.java:227)
	at com.kms.katalon.core.main.TestSuiteExecutor.accessTestCaseMainPhase(TestSuiteExecutor.java:129)
	at com.kms.katalon.core.main.TestSuiteExecutor.accessTestSuiteMainPhase(TestSuiteExecutor.java:112)
	at com.kms.katalon.core.main.TestSuiteExecutor.execute(TestSuiteExecutor.java:81)
	at com.kms.katalon.core.main.TestCaseMain.startTestSuite(TestCaseMain.java:157)
	at com.kms.katalon.core.main.TestCaseMain$startTestSuite$0.call(Unknown Source)
	at TempTestSuite1557841686313.run(TempTestSuite1557841686313.groovy:35)
Caused by: java.io.FileNotFoundException: Data Files\TestData\Comission.xlsx (The process cannot access the file because it is being used by another process)
	at com.excel.helper.ExcelHelper.writeToExcel(Excelhelper.groovy:78)
	at com.excel.helper.ExcelHelper.updateTheExcel(Excelhelper.groovy:62)
	at com.excel.helper.ExcelHelper.invokeMethod(Excelhelper.groovy)
	at com.kms.katalon.core.main.CustomKeywordDelegatingMetaClass.invokeStaticMethod(CustomKeywordDelegatingMetaClass.java:49)
	at Script1556792840784.run(Script1556792840784.groovy:58)
	... 13 more]]></system-err>
   </testsuite>
</testsuites>
