<?xml version="1.0" encoding="UTF-8"?>
<testsuites name="PaymentSection" time="73" tests="3" failures="0" errors="0">
   <testsuite name="PaymentSection" tests="3" failures="0" errors="0" time="73" timestamp="2019-05-14 17:40:25" hostname="dipak - DIPAKDAS-PC.indusnettechnologies.com" id="Test Suites/PaymentSection">
      <properties>
         <property name="deviceName" value=""/>
         <property name="devicePlatform" value=""/>
         <property name="logFolder" value="E:\\MarkitCore\\MarkitCore-Final\\MarkitCoreSystem\\MarkitCore\\Reports\\PaymentSection\\20190514_174023"/>
         <property name="logFiles" value="E:\\MarkitCore\\MarkitCore-Final\\MarkitCoreSystem\\MarkitCore\\Reports\\PaymentSection\\20190514_174023\\execution0.log"/>
         <property name="attachments" value=""/>
         <property name="hostName" value="dipak - DIPAKDAS-PC.indusnettechnologies.com"/>
         <property name="os" value="Windows 7 32bit"/>
         <property name="katalonVersion" value="6.0.5.4"/>
         <property name="browser" value="Chrome 74.0.3729.131"/>
         <property name="hostAddress" value="10.0.12.237"/>
         <property name="sessionId" value="78b48ad88efc5d70461b317b89cc683a"/>
         <property name="seleniumVersion" value="3.7.1"/>
         <property name="proxyInformation" value="ProxyInformation{proxyOption=NO_PROXY, proxyServerType=HTTP, password=, proxyServerAddress=, proxyServerPort=0}"/>
         <property name="platform" value="Windows 7"/>
      </properties>
      <testcase name="Test Cases/TC01-LoginApplication" classname="Test Cases/TC01-LoginApplication" status="PASSED">
         <system-out><![CDATA[2019-05-14 17:40:33 - [TEST_CASE][PASSED] - Test Cases/TC01-LoginApplication: Test Cases/TC01-LoginApplication

2019-05-14 17:40:34 - [TEST_STEP][NOT_RUN] - openBrowser(""): NOT_RUN: openBrowser("")

2019-05-14 17:40:34 - [MESSAGE][NOT_RUN] - NOT_RUN: openBrowser("")

2019-05-14 17:40:34 - [TEST_STEP][NOT_RUN] - navigateToUrl("https://dev.offshoresoftwaresolutions.net/markit_coreV2/Sites/CoreTest/login/admin_display"): NOT_RUN: navigateToUrl("https://dev.offshoresoftwaresolutions.net/markit_coreV2/Sites/CoreTest/login/admin_display")

2019-05-14 17:40:34 - [MESSAGE][NOT_RUN] - NOT_RUN: navigateToUrl("https://dev.offshoresoftwaresolutions.net/markit_coreV2/Sites/CoreTest/login/admin_display")

2019-05-14 17:40:34 - [TEST_STEP][PASSED] - setText(findTestObject("Object Repository/TC-LoginApplication/Page_Markit core new  Login/input_Login to your account_username"), username): Text 'dDasTester' is set on object 'Object Repository/TC-LoginApplication/Page_Markit core new  Login/input_Login to your account_username'

2019-05-14 17:40:34 - [MESSAGE][PASSED] - Text 'dDasTester' is set on object 'Object Repository/TC-LoginApplication/Page_Markit core new  Login/input_Login to your account_username'

2019-05-14 17:40:34 - [TEST_STEP][PASSED] - setText(findTestObject("Object Repository/TC-LoginApplication/Page_Markit core new  Login/input_Login to your account_password"), password): Text 'Czybm6R*' is set on object 'Object Repository/TC-LoginApplication/Page_Markit core new  Login/input_Login to your account_password'

2019-05-14 17:40:34 - [MESSAGE][PASSED] - Text 'Czybm6R*' is set on object 'Object Repository/TC-LoginApplication/Page_Markit core new  Login/input_Login to your account_password'

2019-05-14 17:40:34 - [TEST_STEP][PASSED] - delay(4, STOP_ON_FAILURE): Delayed 4 second(s)

2019-05-14 17:40:38 - [MESSAGE][PASSED] - Delayed 4 second(s)

2019-05-14 17:40:38 - [TEST_STEP][NOT_RUN] - maximizeWindow(): NOT_RUN: maximizeWindow()

2019-05-14 17:40:38 - [MESSAGE][NOT_RUN] - NOT_RUN: maximizeWindow()

2019-05-14 17:40:38 - [TEST_STEP][PASSED] - click(findTestObject("Object Repository/TC-LoginApplication/Page_Markit core new  Login/button_Login")): Object: 'Object Repository/TC-LoginApplication/Page_Markit core new  Login/button_Login' is clicked on

2019-05-14 17:40:42 - [MESSAGE][PASSED] - Object: 'Object Repository/TC-LoginApplication/Page_Markit core new  Login/button_Login' is clicked on

2019-05-14 17:40:42 - [TEST_STEP][NOT_RUN] - log = new com.kms.katalon.core.logging.KeywordLogger(): NOT_RUN: log = new com.kms.katalon.core.logging.KeywordLogger()

2019-05-14 17:40:42 - [MESSAGE][NOT_RUN] - NOT_RUN: log = new com.kms.katalon.core.logging.KeywordLogger()

2019-05-14 17:40:42 - [TEST_STEP][NOT_RUN] - log.logInfo(“Dipak”): NOT_RUN: log.logInfo(“Dipak”)

2019-05-14 17:40:42 - [MESSAGE][NOT_RUN] - NOT_RUN: log.logInfo(“Dipak”)]]></system-out>
         <system-err><![CDATA[]]></system-err>
      </testcase>
      <testcase name="Test Cases/TC05-PaymentSection" classname="Test Cases/TC05-PaymentSection" status="PASSED">
         <system-out><![CDATA[2019-05-14 17:40:42 - [TEST_CASE][PASSED] - Test Cases/TC05-PaymentSection: Test Cases/TC05-PaymentSection

2019-05-14 17:40:43 - [TEST_STEP][PASSED] - delay(3): Delayed 3 second(s)

2019-05-14 17:40:46 - [MESSAGE][PASSED] - Delayed 3 second(s)

2019-05-14 17:40:46 - [TEST_STEP][PASSED] - scrollToElement(findTestObject("TC05-PaymentSection/Payments"), 3): Scroll to object 'Object Repository/TC05-PaymentSection/Payments' successfully

2019-05-14 17:40:46 - [MESSAGE][PASSED] - Scroll to object 'Object Repository/TC05-PaymentSection/Payments' successfully

2019-05-14 17:40:46 - [TEST_STEP][PASSED] - click(findTestObject("TC05-PaymentSection/Payments")): Object: 'Object Repository/TC05-PaymentSection/Payments' is clicked on

2019-05-14 17:40:46 - [MESSAGE][PASSED] - Object: 'Object Repository/TC05-PaymentSection/Payments' is clicked on

2019-05-14 17:40:46 - [TEST_STEP][PASSED] - delay(5): Delayed 5 second(s)

2019-05-14 17:40:51 - [MESSAGE][PASSED] - Delayed 5 second(s)

2019-05-14 17:40:51 - [TEST_STEP][PASSED] - click(findTestObject("TC05-PaymentSection/Cash and Cheque Payments"), STOP_ON_FAILURE): Object: 'Object Repository/TC05-PaymentSection/Cash and Cheque Payments' is clicked on

2019-05-14 17:40:54 - [MESSAGE][PASSED] - Object: 'Object Repository/TC05-PaymentSection/Cash and Cheque Payments' is clicked on

2019-05-14 17:40:54 - [TEST_STEP][PASSED] - delay(5, STOP_ON_FAILURE): Delayed 5 second(s)

2019-05-14 17:40:59 - [MESSAGE][PASSED] - Delayed 5 second(s)

2019-05-14 17:40:59 - [TEST_STEP][PASSED] - setText(findTestObject("TC05-PaymentSection/PolicyNoSearchBox"), Policy_No_Search, STOP_ON_FAILURE): Text 'DASD/POLICY/003081' is set on object 'Object Repository/TC05-PaymentSection/PolicyNoSearchBox'

2019-05-14 17:40:59 - [MESSAGE][PASSED] - Text 'DASD/POLICY/003081' is set on object 'Object Repository/TC05-PaymentSection/PolicyNoSearchBox'

2019-05-14 17:40:59 - [TEST_STEP][PASSED] - sendKeys(findTestObject("TC05-PaymentSection/PolicyNoSearchBox"), Keys.chord(ENTER), STOP_ON_FAILURE): Keys 'ENTER + ' sent to object: 'Object Repository/TC05-PaymentSection/PolicyNoSearchBox'

2019-05-14 17:40:59 - [MESSAGE][PASSED] - Keys 'ENTER + ' sent to object: 'Object Repository/TC05-PaymentSection/PolicyNoSearchBox'

2019-05-14 17:40:59 - [TEST_STEP][PASSED] - delay(5, STOP_ON_FAILURE): Delayed 5 second(s)

2019-05-14 17:41:04 - [MESSAGE][PASSED] - Delayed 5 second(s)

2019-05-14 17:41:04 - [TEST_STEP][PASSED] - click(findTestObject("TC05-PaymentSection/EditPaymentListing"), STOP_ON_FAILURE): Object: 'Object Repository/TC05-PaymentSection/EditPaymentListing' is clicked on

2019-05-14 17:41:04 - [MESSAGE][PASSED] - Object: 'Object Repository/TC05-PaymentSection/EditPaymentListing' is clicked on

2019-05-14 17:41:04 - [TEST_STEP][PASSED] - setText(findTestObject("TC05-PaymentSection/Note"), "This is Testing Only", STOP_ON_FAILURE): Text 'This is Testing Only' is set on object 'Object Repository/TC05-PaymentSection/Note'

2019-05-14 17:41:05 - [MESSAGE][PASSED] - Text 'This is Testing Only' is set on object 'Object Repository/TC05-PaymentSection/Note'

2019-05-14 17:41:05 - [TEST_STEP][PASSED] - selectOptionByLabel(findTestObject("TC05-PaymentSection/TransactionStatus"), "Paid", false, STOP_ON_FAILURE): All options with label 'Paid' are selected in object 'Object Repository/TC05-PaymentSection/TransactionStatus' 

2019-05-14 17:41:05 - [MESSAGE][PASSED] - All options with label 'Paid' are selected in object 'Object Repository/TC05-PaymentSection/TransactionStatus' 

2019-05-14 17:41:05 - [TEST_STEP][PASSED] - click(findTestObject("TC05-PaymentSection/SaveButton"), STOP_ON_FAILURE): Object: 'Object Repository/TC05-PaymentSection/SaveButton' is clicked on

2019-05-14 17:41:07 - [MESSAGE][PASSED] - Object: 'Object Repository/TC05-PaymentSection/SaveButton' is clicked on

2019-05-14 17:41:07 - [TEST_STEP][PASSED] - delay(4): Delayed 4 second(s)

2019-05-14 17:41:11 - [MESSAGE][PASSED] - Delayed 4 second(s)

2019-05-14 17:41:11 - [TEST_STEP][PASSED] - waitForElementPresent(findTestObject("TC05-PaymentSection/PaymentAddedSuccessfully"), 5, STOP_ON_FAILURE): Object 'Object Repository/TC05-PaymentSection/PaymentAddedSuccessfully' is present

2019-05-14 17:41:11 - [MESSAGE][PASSED] - Object 'Object Repository/TC05-PaymentSection/PaymentAddedSuccessfully' is present

2019-05-14 17:41:11 - [TEST_STEP][PASSED] - click(findTestObject("TC05-PaymentSection/Payments")): Object: 'Object Repository/TC05-PaymentSection/Payments' is clicked on

2019-05-14 17:41:11 - [MESSAGE][PASSED] - Object: 'Object Repository/TC05-PaymentSection/Payments' is clicked on]]></system-out>
         <system-err><![CDATA[]]></system-err>
      </testcase>
      <testcase name="Test Cases/TC05-PaymentSection" classname="Test Cases/TC05-PaymentSection" status="PASSED">
         <system-out><![CDATA[2019-05-14 17:41:11 - [TEST_CASE][PASSED] - Test Cases/TC05-PaymentSection: Test Cases/TC05-PaymentSection

2019-05-14 17:41:11 - [TEST_STEP][PASSED] - delay(3): Delayed 3 second(s)

2019-05-14 17:41:14 - [MESSAGE][PASSED] - Delayed 3 second(s)

2019-05-14 17:41:14 - [TEST_STEP][PASSED] - scrollToElement(findTestObject("TC05-PaymentSection/Payments"), 3): Scroll to object 'Object Repository/TC05-PaymentSection/Payments' successfully

2019-05-14 17:41:14 - [MESSAGE][PASSED] - Scroll to object 'Object Repository/TC05-PaymentSection/Payments' successfully

2019-05-14 17:41:14 - [TEST_STEP][PASSED] - click(findTestObject("TC05-PaymentSection/Payments")): Object: 'Object Repository/TC05-PaymentSection/Payments' is clicked on

2019-05-14 17:41:14 - [MESSAGE][PASSED] - Object: 'Object Repository/TC05-PaymentSection/Payments' is clicked on

2019-05-14 17:41:14 - [TEST_STEP][PASSED] - delay(5): Delayed 5 second(s)

2019-05-14 17:41:19 - [MESSAGE][PASSED] - Delayed 5 second(s)

2019-05-14 17:41:19 - [TEST_STEP][PASSED] - click(findTestObject("TC05-PaymentSection/Cash and Cheque Payments"), STOP_ON_FAILURE): Object: 'Object Repository/TC05-PaymentSection/Cash and Cheque Payments' is clicked on

2019-05-14 17:41:20 - [MESSAGE][PASSED] - Object: 'Object Repository/TC05-PaymentSection/Cash and Cheque Payments' is clicked on

2019-05-14 17:41:20 - [TEST_STEP][PASSED] - delay(5, STOP_ON_FAILURE): Delayed 5 second(s)

2019-05-14 17:41:25 - [MESSAGE][PASSED] - Delayed 5 second(s)

2019-05-14 17:41:25 - [TEST_STEP][PASSED] - setText(findTestObject("TC05-PaymentSection/PolicyNoSearchBox"), Policy_No_Search, STOP_ON_FAILURE): Text 'DASD/POLICY/003083' is set on object 'Object Repository/TC05-PaymentSection/PolicyNoSearchBox'

2019-05-14 17:41:26 - [MESSAGE][PASSED] - Text 'DASD/POLICY/003083' is set on object 'Object Repository/TC05-PaymentSection/PolicyNoSearchBox'

2019-05-14 17:41:26 - [TEST_STEP][PASSED] - sendKeys(findTestObject("TC05-PaymentSection/PolicyNoSearchBox"), Keys.chord(ENTER), STOP_ON_FAILURE): Keys 'ENTER + ' sent to object: 'Object Repository/TC05-PaymentSection/PolicyNoSearchBox'

2019-05-14 17:41:26 - [MESSAGE][PASSED] - Keys 'ENTER + ' sent to object: 'Object Repository/TC05-PaymentSection/PolicyNoSearchBox'

2019-05-14 17:41:26 - [TEST_STEP][PASSED] - delay(5, STOP_ON_FAILURE): Delayed 5 second(s)

2019-05-14 17:41:31 - [MESSAGE][PASSED] - Delayed 5 second(s)

2019-05-14 17:41:31 - [TEST_STEP][PASSED] - click(findTestObject("TC05-PaymentSection/EditPaymentListing"), STOP_ON_FAILURE): Object: 'Object Repository/TC05-PaymentSection/EditPaymentListing' is clicked on

2019-05-14 17:41:31 - [MESSAGE][PASSED] - Object: 'Object Repository/TC05-PaymentSection/EditPaymentListing' is clicked on

2019-05-14 17:41:31 - [TEST_STEP][PASSED] - setText(findTestObject("TC05-PaymentSection/Note"), "This is Testing Only", STOP_ON_FAILURE): Text 'This is Testing Only' is set on object 'Object Repository/TC05-PaymentSection/Note'

2019-05-14 17:41:32 - [MESSAGE][PASSED] - Text 'This is Testing Only' is set on object 'Object Repository/TC05-PaymentSection/Note'

2019-05-14 17:41:32 - [TEST_STEP][PASSED] - selectOptionByLabel(findTestObject("TC05-PaymentSection/TransactionStatus"), "Paid", false, STOP_ON_FAILURE): All options with label 'Paid' are selected in object 'Object Repository/TC05-PaymentSection/TransactionStatus' 

2019-05-14 17:41:32 - [MESSAGE][PASSED] - All options with label 'Paid' are selected in object 'Object Repository/TC05-PaymentSection/TransactionStatus' 

2019-05-14 17:41:32 - [TEST_STEP][PASSED] - click(findTestObject("TC05-PaymentSection/SaveButton"), STOP_ON_FAILURE): Object: 'Object Repository/TC05-PaymentSection/SaveButton' is clicked on

2019-05-14 17:41:34 - [MESSAGE][PASSED] - Object: 'Object Repository/TC05-PaymentSection/SaveButton' is clicked on

2019-05-14 17:41:34 - [TEST_STEP][PASSED] - delay(4): Delayed 4 second(s)

2019-05-14 17:41:38 - [MESSAGE][PASSED] - Delayed 4 second(s)

2019-05-14 17:41:38 - [TEST_STEP][PASSED] - waitForElementPresent(findTestObject("TC05-PaymentSection/PaymentAddedSuccessfully"), 5, STOP_ON_FAILURE): Object 'Object Repository/TC05-PaymentSection/PaymentAddedSuccessfully' is present

2019-05-14 17:41:38 - [MESSAGE][PASSED] - Object 'Object Repository/TC05-PaymentSection/PaymentAddedSuccessfully' is present

2019-05-14 17:41:38 - [TEST_STEP][PASSED] - click(findTestObject("TC05-PaymentSection/Payments")): Object: 'Object Repository/TC05-PaymentSection/Payments' is clicked on

2019-05-14 17:41:38 - [MESSAGE][PASSED] - Object: 'Object Repository/TC05-PaymentSection/Payments' is clicked on]]></system-out>
         <system-err><![CDATA[]]></system-err>
      </testcase>
      <system-out><![CDATA[2019-05-14 17:40:25 - [TEST_SUITE][PASSED] - PaymentSection: Test Cases/TC05-PaymentSection]]></system-out>
      <system-err><![CDATA[]]></system-err>
   </testsuite>
</testsuites>
