<?xml version="1.0" encoding="UTF-8"?>
<testsuites name="TrialBalance" time="85" tests="1" failures="1" errors="0">
   <testsuite name="TrialBalance" tests="1" failures="1" errors="0" time="85" timestamp="2019-05-02 16:27:30" hostname="dipak - DIPAKDAS-PC.indusnettechnologies.com" id="Test Suites/TrialBalance">
      <properties>
         <property name="deviceName" value=""/>
         <property name="devicePlatform" value=""/>
         <property name="logFolder" value="E:\\MarkitCore\\CoreApplication\\Reports\\TrialBalance\\20190502_162728"/>
         <property name="logFiles" value="E:\\MarkitCore\\CoreApplication\\Reports\\TrialBalance\\20190502_162728\\execution0.log"/>
         <property name="attachments" value="E:\\MarkitCore\\CoreApplication\\Reports\\TrialBalance\\20190502_162728\\1556794729694.png"/>
         <property name="hostName" value="dipak - DIPAKDAS-PC.indusnettechnologies.com"/>
         <property name="os" value="Windows 7 32bit"/>
         <property name="katalonVersion" value="6.0.5.4"/>
         <property name="browser" value="Chrome 74.0.3729.131"/>
         <property name="hostAddress" value="10.0.12.237"/>
         <property name="sessionId" value="adc1385b071eb1d0406f855cc2a47c03"/>
         <property name="seleniumVersion" value="3.7.1"/>
         <property name="proxyInformation" value="ProxyInformation{proxyOption=NO_PROXY, proxyServerType=HTTP, password=, proxyServerAddress=, proxyServerPort=0}"/>
         <property name="platform" value="Windows 7"/>
      </properties>
      <testcase name="Test Cases/TC01-LoginApplication" classname="Test Cases/TC01-LoginApplication" status="PASSED">
         <system-out><![CDATA[2019-05-02 16:27:39 - [TEST_CASE][PASSED] - Test Cases/TC01-LoginApplication: Test Cases/TC01-LoginApplication

2019-05-02 16:27:40 - [TEST_STEP][NOT_RUN] - openBrowser(""): NOT_RUN: openBrowser("")

2019-05-02 16:27:40 - [MESSAGE][NOT_RUN] - NOT_RUN: openBrowser("")

2019-05-02 16:27:40 - [TEST_STEP][NOT_RUN] - navigateToUrl("https://dev.offshoresoftwaresolutions.net/markit_coreV2/Sites/CoreTest/login/admin_display"): NOT_RUN: navigateToUrl("https://dev.offshoresoftwaresolutions.net/markit_coreV2/Sites/CoreTest/login/admin_display")

2019-05-02 16:27:40 - [MESSAGE][NOT_RUN] - NOT_RUN: navigateToUrl("https://dev.offshoresoftwaresolutions.net/markit_coreV2/Sites/CoreTest/login/admin_display")

2019-05-02 16:27:40 - [TEST_STEP][PASSED] - setText(findTestObject("Object Repository/TC-LoginApplication/Page_Markit core new  Login/input_Login to your account_username"), "dDasTester"): Text 'dDasTester' is set on object 'Object Repository/TC-LoginApplication/Page_Markit core new  Login/input_Login to your account_username'

2019-05-02 16:27:40 - [MESSAGE][PASSED] - Text 'dDasTester' is set on object 'Object Repository/TC-LoginApplication/Page_Markit core new  Login/input_Login to your account_username'

2019-05-02 16:27:40 - [TEST_STEP][PASSED] - setText(findTestObject("Object Repository/TC-LoginApplication/Page_Markit core new  Login/input_Login to your account_password"), "Czybm6R*"): Text 'Czybm6R*' is set on object 'Object Repository/TC-LoginApplication/Page_Markit core new  Login/input_Login to your account_password'

2019-05-02 16:27:40 - [MESSAGE][PASSED] - Text 'Czybm6R*' is set on object 'Object Repository/TC-LoginApplication/Page_Markit core new  Login/input_Login to your account_password'

2019-05-02 16:27:40 - [TEST_STEP][PASSED] - delay(4, STOP_ON_FAILURE): Delayed 4 second(s)

2019-05-02 16:27:44 - [MESSAGE][PASSED] - Delayed 4 second(s)

2019-05-02 16:27:44 - [TEST_STEP][NOT_RUN] - maximizeWindow(): NOT_RUN: maximizeWindow()

2019-05-02 16:27:44 - [MESSAGE][NOT_RUN] - NOT_RUN: maximizeWindow()

2019-05-02 16:27:44 - [TEST_STEP][PASSED] - click(findTestObject("Object Repository/TC-LoginApplication/Page_Markit core new  Login/button_Login")): Object: 'Object Repository/TC-LoginApplication/Page_Markit core new  Login/button_Login' is clicked on

2019-05-02 16:27:51 - [MESSAGE][PASSED] - Object: 'Object Repository/TC-LoginApplication/Page_Markit core new  Login/button_Login' is clicked on

2019-05-02 16:27:51 - [TEST_STEP][NOT_RUN] - log = new com.kms.katalon.core.logging.KeywordLogger(): NOT_RUN: log = new com.kms.katalon.core.logging.KeywordLogger()

2019-05-02 16:27:51 - [MESSAGE][NOT_RUN] - NOT_RUN: log = new com.kms.katalon.core.logging.KeywordLogger()

2019-05-02 16:27:51 - [TEST_STEP][NOT_RUN] - log.logInfo(“Dipak”): NOT_RUN: log.logInfo(“Dipak”)

2019-05-02 16:27:51 - [MESSAGE][NOT_RUN] - NOT_RUN: log.logInfo(“Dipak”)]]></system-out>
         <system-err><![CDATA[]]></system-err>
      </testcase>
      <testcase name="Test Cases/TC12-TrialBalance-Insurer" classname="Test Cases/TC12-TrialBalance-Insurer" status="FAILED">
         <failure type="FAILED" message="Test Cases/TC12-TrialBalance-Insurer FAILED.
Reason:
com.kms.katalon.core.exception.StepFailedException: Unable to set text 'DASD/POLICY/003003' of object 'Object Repository/TC11-TrialBalance/SearchPolicy'
	at com.kms.katalon.core.keyword.internal.KeywordMain.stepFailed(KeywordMain.groovy:37)
	at com.kms.katalon.core.webui.keyword.internal.WebUIKeywordMain.stepFailed(WebUIKeywordMain.groovy:65)
	at com.kms.katalon.core.webui.keyword.internal.WebUIKeywordMain.runKeyword(WebUIKeywordMain.groovy:27)
	at com.kms.katalon.core.webui.keyword.builtin.SetTextKeyword.setText(SetTextKeyword.groovy:65)
	at com.kms.katalon.core.webui.keyword.builtin.SetTextKeyword.execute(SetTextKeyword.groovy:37)
	at com.kms.katalon.core.keyword.internal.KeywordExecutor.executeKeywordForPlatform(KeywordExecutor.groovy:56)
	at com.kms.katalon.core.webui.keyword.WebUiBuiltInKeywords.setText(WebUiBuiltInKeywords.groovy:950)
	at com.kms.katalon.core.webui.keyword.WebUiBuiltInKeywords$setText$2.call(Unknown Source)
	at TC12-TrialBalance-Insurer.run(TC12-TrialBalance-Insurer:49)
	at com.kms.katalon.core.main.ScriptEngine.run(ScriptEngine.java:194)
	at com.kms.katalon.core.main.ScriptEngine.runScriptAsRawText(ScriptEngine.java:119)
	at com.kms.katalon.core.main.TestCaseExecutor.runScript(TestCaseExecutor.java:331)
	at com.kms.katalon.core.main.TestCaseExecutor.doExecute(TestCaseExecutor.java:322)
	at com.kms.katalon.core.main.TestCaseExecutor.processExecutionPhase(TestCaseExecutor.java:301)
	at com.kms.katalon.core.main.TestCaseExecutor.accessMainPhase(TestCaseExecutor.java:293)
	at com.kms.katalon.core.main.TestCaseExecutor.execute(TestCaseExecutor.java:227)
	at com.kms.katalon.core.main.TestSuiteExecutor.accessTestCaseMainPhase(TestSuiteExecutor.java:129)
	at com.kms.katalon.core.main.TestSuiteExecutor.accessTestSuiteMainPhase(TestSuiteExecutor.java:112)
	at com.kms.katalon.core.main.TestSuiteExecutor.execute(TestSuiteExecutor.java:81)
	at com.kms.katalon.core.main.TestCaseMain.startTestSuite(TestCaseMain.java:157)
	at com.kms.katalon.core.main.TestCaseMain$startTestSuite$0.call(Unknown Source)
	at TempTestSuite1556794648299.run(TempTestSuite1556794648299.groovy:35)
"/>
         <system-out><![CDATA[2019-05-02 16:27:51 - [TEST_CASE][FAILED] - Test Cases/TC12-TrialBalance-Insurer: Test Cases/TC12-TrialBalance-Insurer FAILED.
Reason:
com.kms.katalon.core.exception.StepFailedException: Unable to set text 'DASD/POLICY/003003' of object 'Object Repository/TC11-TrialBalance/SearchPolicy'
	at com.kms.katalon.core.keyword.internal.KeywordMain.stepFailed(KeywordMain.groovy:37)
	at com.kms.katalon.core.webui.keyword.internal.WebUIKeywordMain.stepFailed(WebUIKeywordMain.groovy:65)
	at com.kms.katalon.core.webui.keyword.internal.WebUIKeywordMain.runKeyword(WebUIKeywordMain.groovy:27)
	at com.kms.katalon.core.webui.keyword.builtin.SetTextKeyword.setText(SetTextKeyword.groovy:65)
	at com.kms.katalon.core.webui.keyword.builtin.SetTextKeyword.execute(SetTextKeyword.groovy:37)
	at com.kms.katalon.core.keyword.internal.KeywordExecutor.executeKeywordForPlatform(KeywordExecutor.groovy:56)
	at com.kms.katalon.core.webui.keyword.WebUiBuiltInKeywords.setText(WebUiBuiltInKeywords.groovy:950)
	at com.kms.katalon.core.webui.keyword.WebUiBuiltInKeywords$setText$2.call(Unknown Source)
	at TC12-TrialBalance-Insurer.run(TC12-TrialBalance-Insurer:49)
	at com.kms.katalon.core.main.ScriptEngine.run(ScriptEngine.java:194)
	at com.kms.katalon.core.main.ScriptEngine.runScriptAsRawText(ScriptEngine.java:119)
	at com.kms.katalon.core.main.TestCaseExecutor.runScript(TestCaseExecutor.java:331)
	at com.kms.katalon.core.main.TestCaseExecutor.doExecute(TestCaseExecutor.java:322)
	at com.kms.katalon.core.main.TestCaseExecutor.processExecutionPhase(TestCaseExecutor.java:301)
	at com.kms.katalon.core.main.TestCaseExecutor.accessMainPhase(TestCaseExecutor.java:293)
	at com.kms.katalon.core.main.TestCaseExecutor.execute(TestCaseExecutor.java:227)
	at com.kms.katalon.core.main.TestSuiteExecutor.accessTestCaseMainPhase(TestSuiteExecutor.java:129)
	at com.kms.katalon.core.main.TestSuiteExecutor.accessTestSuiteMainPhase(TestSuiteExecutor.java:112)
	at com.kms.katalon.core.main.TestSuiteExecutor.execute(TestSuiteExecutor.java:81)
	at com.kms.katalon.core.main.TestCaseMain.startTestSuite(TestCaseMain.java:157)
	at com.kms.katalon.core.main.TestCaseMain$startTestSuite$0.call(Unknown Source)
	at TempTestSuite1556794648299.run(TempTestSuite1556794648299.groovy:35)


2019-05-02 16:27:51 - [TEST_STEP][PASSED] - waitForJQueryLoad(5): jQuery is ready.

2019-05-02 16:27:52 - [MESSAGE][PASSED] - jQuery is ready.

2019-05-02 16:27:52 - [TEST_STEP][PASSED] - scrollToElement(findTestObject("TC11-TrialBalance/Report"), 4): Scroll to object 'Object Repository/TC11-TrialBalance/Report' successfully

2019-05-02 16:27:52 - [MESSAGE][PASSED] - Scroll to object 'Object Repository/TC11-TrialBalance/Report' successfully

2019-05-02 16:27:52 - [TEST_STEP][PASSED] - click(findTestObject("TC11-TrialBalance/Report")): Object: 'Object Repository/TC11-TrialBalance/Report' is clicked on

2019-05-02 16:27:52 - [MESSAGE][PASSED] - Object: 'Object Repository/TC11-TrialBalance/Report' is clicked on

2019-05-02 16:27:52 - [TEST_STEP][PASSED] - delay(4): Delayed 4 second(s)

2019-05-02 16:27:56 - [MESSAGE][PASSED] - Delayed 4 second(s)

2019-05-02 16:27:56 - [TEST_STEP][PASSED] - scrollToElement(findTestObject("TC11-TrialBalance/TrialBalance"), 4): Scroll to object 'Object Repository/TC11-TrialBalance/TrialBalance' successfully

2019-05-02 16:27:56 - [MESSAGE][PASSED] - Scroll to object 'Object Repository/TC11-TrialBalance/TrialBalance' successfully

2019-05-02 16:27:56 - [TEST_STEP][PASSED] - click(findTestObject("TC11-TrialBalance/TrialBalance")): Object: 'Object Repository/TC11-TrialBalance/TrialBalance' is clicked on

2019-05-02 16:27:58 - [MESSAGE][PASSED] - Object: 'Object Repository/TC11-TrialBalance/TrialBalance' is clicked on

2019-05-02 16:27:58 - [TEST_STEP][PASSED] - waitForJQueryLoad(4): jQuery is ready.

2019-05-02 16:27:59 - [MESSAGE][PASSED] - jQuery is ready.

2019-05-02 16:27:59 - [TEST_STEP][PASSED] - selectOptionByLabel(findTestObject("TC11-TrialBalance/SelectCurrency"), "USD", false): All options with label 'USD' are selected in object 'Object Repository/TC11-TrialBalance/SelectCurrency' 

2019-05-02 16:27:59 - [MESSAGE][PASSED] - All options with label 'USD' are selected in object 'Object Repository/TC11-TrialBalance/SelectCurrency' 

2019-05-02 16:27:59 - [TEST_STEP][PASSED] - delay(4): Delayed 4 second(s)

2019-05-02 16:28:03 - [MESSAGE][PASSED] - Delayed 4 second(s)

2019-05-02 16:28:03 - [TEST_STEP][PASSED] - click(findTestObject("TC11-TrialBalance/SelectEntity")): Object: 'Object Repository/TC11-TrialBalance/SelectEntity' is clicked on

2019-05-02 16:28:03 - [MESSAGE][PASSED] - Object: 'Object Repository/TC11-TrialBalance/SelectEntity' is clicked on

2019-05-02 16:28:03 - [TEST_STEP][PASSED] - delay(4): Delayed 4 second(s)

2019-05-02 16:28:07 - [MESSAGE][PASSED] - Delayed 4 second(s)

2019-05-02 16:28:07 - [TEST_STEP][PASSED] - setText(findTestObject("TC11-TrialBalance/TypeEntityName"), "New Insurer"): Text 'New Insurer' is set on object 'Object Repository/TC11-TrialBalance/TypeEntityName'

2019-05-02 16:28:07 - [MESSAGE][PASSED] - Text 'New Insurer' is set on object 'Object Repository/TC11-TrialBalance/TypeEntityName'

2019-05-02 16:28:07 - [TEST_STEP][PASSED] - sendKeys(findTestObject("TC11-TrialBalance/TypeEntityName"), Keys.chord(ENTER)): Keys 'ENTER + ' sent to object: 'Object Repository/TC11-TrialBalance/TypeEntityName'

2019-05-02 16:28:07 - [MESSAGE][PASSED] - Keys 'ENTER + ' sent to object: 'Object Repository/TC11-TrialBalance/TypeEntityName'

2019-05-02 16:28:07 - [TEST_STEP][PASSED] - delay(5): Delayed 5 second(s)

2019-05-02 16:28:12 - [MESSAGE][PASSED] - Delayed 5 second(s)

2019-05-02 16:28:12 - [TEST_STEP][PASSED] - click(findTestObject("TC12-TrialBalance-Insurer/InsurerCreditor")): Object: 'Object Repository/TC12-TrialBalance-Insurer/InsurerCreditor' is clicked on

2019-05-02 16:28:12 - [MESSAGE][PASSED] - Object: 'Object Repository/TC12-TrialBalance-Insurer/InsurerCreditor' is clicked on

2019-05-02 16:28:12 - [TEST_STEP][PASSED] - delay(5): Delayed 5 second(s)

2019-05-02 16:28:17 - [MESSAGE][PASSED] - Delayed 5 second(s)

2019-05-02 16:28:18 - [TEST_STEP][FAILED] - setText(findTestObject("TC11-TrialBalance/SearchPolicy"), findTestData("TestData/MTA_PolicyNO").getValue(1, 1)): Unable to set text 'DASD/POLICY/003003' of object 'Object Repository/TC11-TrialBalance/SearchPolicy'

2019-05-02 16:28:49 - [MESSAGE][INFO] - Unable to find the element located by 'By.xpath: //input[@id='gs_business_id']'. Please recheck the objects properties to make sure the desired element is located. 

2019-05-02 16:28:50 - [MESSAGE][FAILED] - Unable to set text 'DASD/POLICY/003003' of object 'Object Repository/TC11-TrialBalance/SearchPolicy'
[[ATTACHMENT|E:\\MarkitCore\\CoreApplication\\Reports\\TrialBalance\\20190502_162728\\1556794729694.png]]

2019-05-02 16:28:50 - [TEST_STEP][FAILED] - delay(5): delay(5) FAILED.
Reason:
com.kms.katalon.core.exception.StepFailedException: Unable to set text 'DASD/POLICY/003003' of object 'Object Repository/TC11-TrialBalance/SearchPolicy'
	at com.kms.katalon.core.keyword.internal.KeywordMain.stepFailed(KeywordMain.groovy:37)
	at com.kms.katalon.core.webui.keyword.internal.WebUIKeywordMain.stepFailed(WebUIKeywordMain.groovy:65)
	at com.kms.katalon.core.webui.keyword.internal.WebUIKeywordMain.runKeyword(WebUIKeywordMain.groovy:27)
	at com.kms.katalon.core.webui.keyword.builtin.SetTextKeyword.setText(SetTextKeyword.groovy:65)
	at com.kms.katalon.core.webui.keyword.builtin.SetTextKeyword.execute(SetTextKeyword.groovy:37)
	at com.kms.katalon.core.keyword.internal.KeywordExecutor.executeKeywordForPlatform(KeywordExecutor.groovy:56)
	at com.kms.katalon.core.webui.keyword.WebUiBuiltInKeywords.setText(WebUiBuiltInKeywords.groovy:950)
	at com.kms.katalon.core.webui.keyword.WebUiBuiltInKeywords$setText$2.call(Unknown Source)
	at TC12-TrialBalance-Insurer.run(TC12-TrialBalance-Insurer:49)
	at com.kms.katalon.core.main.ScriptEngine.run(ScriptEngine.java:194)
	at com.kms.katalon.core.main.ScriptEngine.runScriptAsRawText(ScriptEngine.java:119)
	at com.kms.katalon.core.main.TestCaseExecutor.runScript(TestCaseExecutor.java:331)
	at com.kms.katalon.core.main.TestCaseExecutor.doExecute(TestCaseExecutor.java:322)
	at com.kms.katalon.core.main.TestCaseExecutor.processExecutionPhase(TestCaseExecutor.java:301)
	at com.kms.katalon.core.main.TestCaseExecutor.accessMainPhase(TestCaseExecutor.java:293)
	at com.kms.katalon.core.main.TestCaseExecutor.execute(TestCaseExecutor.java:227)
	at com.kms.katalon.core.main.TestSuiteExecutor.accessTestCaseMainPhase(TestSuiteExecutor.java:129)
	at com.kms.katalon.core.main.TestSuiteExecutor.accessTestSuiteMainPhase(TestSuiteExecutor.java:112)
	at com.kms.katalon.core.main.TestSuiteExecutor.execute(TestSuiteExecutor.java:81)
	at com.kms.katalon.core.main.TestCaseMain.startTestSuite(TestCaseMain.java:157)
	at com.kms.katalon.core.main.TestCaseMain$startTestSuite$0.call(Unknown Source)
	at TempTestSuite1556794648299.run(TempTestSuite1556794648299.groovy:35)


2019-05-02 16:28:55 - [MESSAGE][PASSED] - Delayed 5 second(s)

2019-05-02 16:28:55 - [MESSAGE][FAILED] - delay(5) FAILED.
Reason:
com.kms.katalon.core.exception.StepFailedException: Unable to set text 'DASD/POLICY/003003' of object 'Object Repository/TC11-TrialBalance/SearchPolicy'
	at com.kms.katalon.core.keyword.internal.KeywordMain.stepFailed(KeywordMain.groovy:37)
	at com.kms.katalon.core.webui.keyword.internal.WebUIKeywordMain.stepFailed(WebUIKeywordMain.groovy:65)
	at com.kms.katalon.core.webui.keyword.internal.WebUIKeywordMain.runKeyword(WebUIKeywordMain.groovy:27)
	at com.kms.katalon.core.webui.keyword.builtin.SetTextKeyword.setText(SetTextKeyword.groovy:65)
	at com.kms.katalon.core.webui.keyword.builtin.SetTextKeyword.execute(SetTextKeyword.groovy:37)
	at com.kms.katalon.core.keyword.internal.KeywordExecutor.executeKeywordForPlatform(KeywordExecutor.groovy:56)
	at com.kms.katalon.core.webui.keyword.WebUiBuiltInKeywords.setText(WebUiBuiltInKeywords.groovy:950)
	at com.kms.katalon.core.webui.keyword.WebUiBuiltInKeywords$setText$2.call(Unknown Source)
	at TC12-TrialBalance-Insurer.run(TC12-TrialBalance-Insurer:49)
	at com.kms.katalon.core.main.ScriptEngine.run(ScriptEngine.java:194)
	at com.kms.katalon.core.main.ScriptEngine.runScriptAsRawText(ScriptEngine.java:119)
	at com.kms.katalon.core.main.TestCaseExecutor.runScript(TestCaseExecutor.java:331)
	at com.kms.katalon.core.main.TestCaseExecutor.doExecute(TestCaseExecutor.java:322)
	at com.kms.katalon.core.main.TestCaseExecutor.processExecutionPhase(TestCaseExecutor.java:301)
	at com.kms.katalon.core.main.TestCaseExecutor.accessMainPhase(TestCaseExecutor.java:293)
	at com.kms.katalon.core.main.TestCaseExecutor.execute(TestCaseExecutor.java:227)
	at com.kms.katalon.core.main.TestSuiteExecutor.accessTestCaseMainPhase(TestSuiteExecutor.java:129)
	at com.kms.katalon.core.main.TestSuiteExecutor.accessTestSuiteMainPhase(TestSuiteExecutor.java:112)
	at com.kms.katalon.core.main.TestSuiteExecutor.execute(TestSuiteExecutor.java:81)
	at com.kms.katalon.core.main.TestCaseMain.startTestSuite(TestCaseMain.java:157)
	at com.kms.katalon.core.main.TestCaseMain$startTestSuite$0.call(Unknown Source)
	at TempTestSuite1556794648299.run(TempTestSuite1556794648299.groovy:35)]]></system-out>
         <system-err><![CDATA[2019-05-02 16:27:51 - [TEST_CASE][FAILED] - Test Cases/TC12-TrialBalance-Insurer: Test Cases/TC12-TrialBalance-Insurer FAILED.
Reason:
com.kms.katalon.core.exception.StepFailedException: Unable to set text 'DASD/POLICY/003003' of object 'Object Repository/TC11-TrialBalance/SearchPolicy'
	at com.kms.katalon.core.keyword.internal.KeywordMain.stepFailed(KeywordMain.groovy:37)
	at com.kms.katalon.core.webui.keyword.internal.WebUIKeywordMain.stepFailed(WebUIKeywordMain.groovy:65)
	at com.kms.katalon.core.webui.keyword.internal.WebUIKeywordMain.runKeyword(WebUIKeywordMain.groovy:27)
	at com.kms.katalon.core.webui.keyword.builtin.SetTextKeyword.setText(SetTextKeyword.groovy:65)
	at com.kms.katalon.core.webui.keyword.builtin.SetTextKeyword.execute(SetTextKeyword.groovy:37)
	at com.kms.katalon.core.keyword.internal.KeywordExecutor.executeKeywordForPlatform(KeywordExecutor.groovy:56)
	at com.kms.katalon.core.webui.keyword.WebUiBuiltInKeywords.setText(WebUiBuiltInKeywords.groovy:950)
	at com.kms.katalon.core.webui.keyword.WebUiBuiltInKeywords$setText$2.call(Unknown Source)
	at TC12-TrialBalance-Insurer.run(TC12-TrialBalance-Insurer:49)
	at com.kms.katalon.core.main.ScriptEngine.run(ScriptEngine.java:194)
	at com.kms.katalon.core.main.ScriptEngine.runScriptAsRawText(ScriptEngine.java:119)
	at com.kms.katalon.core.main.TestCaseExecutor.runScript(TestCaseExecutor.java:331)
	at com.kms.katalon.core.main.TestCaseExecutor.doExecute(TestCaseExecutor.java:322)
	at com.kms.katalon.core.main.TestCaseExecutor.processExecutionPhase(TestCaseExecutor.java:301)
	at com.kms.katalon.core.main.TestCaseExecutor.accessMainPhase(TestCaseExecutor.java:293)
	at com.kms.katalon.core.main.TestCaseExecutor.execute(TestCaseExecutor.java:227)
	at com.kms.katalon.core.main.TestSuiteExecutor.accessTestCaseMainPhase(TestSuiteExecutor.java:129)
	at com.kms.katalon.core.main.TestSuiteExecutor.accessTestSuiteMainPhase(TestSuiteExecutor.java:112)
	at com.kms.katalon.core.main.TestSuiteExecutor.execute(TestSuiteExecutor.java:81)
	at com.kms.katalon.core.main.TestCaseMain.startTestSuite(TestCaseMain.java:157)
	at com.kms.katalon.core.main.TestCaseMain$startTestSuite$0.call(Unknown Source)
	at TempTestSuite1556794648299.run(TempTestSuite1556794648299.groovy:35)]]></system-err>
      </testcase>
      <system-out><![CDATA[2019-05-02 16:27:30 - [TEST_SUITE][FAILED] - TrialBalance: Test Cases/TC12-TrialBalance-Insurer FAILED.
Reason:
com.kms.katalon.core.exception.StepFailedException: Unable to set text 'DASD/POLICY/003003' of object 'Object Repository/TC11-TrialBalance/SearchPolicy'
	at com.kms.katalon.core.keyword.internal.KeywordMain.stepFailed(KeywordMain.groovy:37)
	at com.kms.katalon.core.webui.keyword.internal.WebUIKeywordMain.stepFailed(WebUIKeywordMain.groovy:65)
	at com.kms.katalon.core.webui.keyword.internal.WebUIKeywordMain.runKeyword(WebUIKeywordMain.groovy:27)
	at com.kms.katalon.core.webui.keyword.builtin.SetTextKeyword.setText(SetTextKeyword.groovy:65)
	at com.kms.katalon.core.webui.keyword.builtin.SetTextKeyword.execute(SetTextKeyword.groovy:37)
	at com.kms.katalon.core.keyword.internal.KeywordExecutor.executeKeywordForPlatform(KeywordExecutor.groovy:56)
	at com.kms.katalon.core.webui.keyword.WebUiBuiltInKeywords.setText(WebUiBuiltInKeywords.groovy:950)
	at com.kms.katalon.core.webui.keyword.WebUiBuiltInKeywords$setText$2.call(Unknown Source)
	at TC12-TrialBalance-Insurer.run(TC12-TrialBalance-Insurer:49)
	at com.kms.katalon.core.main.ScriptEngine.run(ScriptEngine.java:194)
	at com.kms.katalon.core.main.ScriptEngine.runScriptAsRawText(ScriptEngine.java:119)
	at com.kms.katalon.core.main.TestCaseExecutor.runScript(TestCaseExecutor.java:331)
	at com.kms.katalon.core.main.TestCaseExecutor.doExecute(TestCaseExecutor.java:322)
	at com.kms.katalon.core.main.TestCaseExecutor.processExecutionPhase(TestCaseExecutor.java:301)
	at com.kms.katalon.core.main.TestCaseExecutor.accessMainPhase(TestCaseExecutor.java:293)
	at com.kms.katalon.core.main.TestCaseExecutor.execute(TestCaseExecutor.java:227)
	at com.kms.katalon.core.main.TestSuiteExecutor.accessTestCaseMainPhase(TestSuiteExecutor.java:129)
	at com.kms.katalon.core.main.TestSuiteExecutor.accessTestSuiteMainPhase(TestSuiteExecutor.java:112)
	at com.kms.katalon.core.main.TestSuiteExecutor.execute(TestSuiteExecutor.java:81)
	at com.kms.katalon.core.main.TestCaseMain.startTestSuite(TestCaseMain.java:157)
	at com.kms.katalon.core.main.TestCaseMain$startTestSuite$0.call(Unknown Source)
	at TempTestSuite1556794648299.run(TempTestSuite1556794648299.groovy:35)]]></system-out>
      <system-err><![CDATA[2019-05-02 16:27:30 - [TEST_SUITE][FAILED] - TrialBalance: Test Cases/TC12-TrialBalance-Insurer FAILED.
Reason:
com.kms.katalon.core.exception.StepFailedException: Unable to set text 'DASD/POLICY/003003' of object 'Object Repository/TC11-TrialBalance/SearchPolicy'
	at com.kms.katalon.core.keyword.internal.KeywordMain.stepFailed(KeywordMain.groovy:37)
	at com.kms.katalon.core.webui.keyword.internal.WebUIKeywordMain.stepFailed(WebUIKeywordMain.groovy:65)
	at com.kms.katalon.core.webui.keyword.internal.WebUIKeywordMain.runKeyword(WebUIKeywordMain.groovy:27)
	at com.kms.katalon.core.webui.keyword.builtin.SetTextKeyword.setText(SetTextKeyword.groovy:65)
	at com.kms.katalon.core.webui.keyword.builtin.SetTextKeyword.execute(SetTextKeyword.groovy:37)
	at com.kms.katalon.core.keyword.internal.KeywordExecutor.executeKeywordForPlatform(KeywordExecutor.groovy:56)
	at com.kms.katalon.core.webui.keyword.WebUiBuiltInKeywords.setText(WebUiBuiltInKeywords.groovy:950)
	at com.kms.katalon.core.webui.keyword.WebUiBuiltInKeywords$setText$2.call(Unknown Source)
	at TC12-TrialBalance-Insurer.run(TC12-TrialBalance-Insurer:49)
	at com.kms.katalon.core.main.ScriptEngine.run(ScriptEngine.java:194)
	at com.kms.katalon.core.main.ScriptEngine.runScriptAsRawText(ScriptEngine.java:119)
	at com.kms.katalon.core.main.TestCaseExecutor.runScript(TestCaseExecutor.java:331)
	at com.kms.katalon.core.main.TestCaseExecutor.doExecute(TestCaseExecutor.java:322)
	at com.kms.katalon.core.main.TestCaseExecutor.processExecutionPhase(TestCaseExecutor.java:301)
	at com.kms.katalon.core.main.TestCaseExecutor.accessMainPhase(TestCaseExecutor.java:293)
	at com.kms.katalon.core.main.TestCaseExecutor.execute(TestCaseExecutor.java:227)
	at com.kms.katalon.core.main.TestSuiteExecutor.accessTestCaseMainPhase(TestSuiteExecutor.java:129)
	at com.kms.katalon.core.main.TestSuiteExecutor.accessTestSuiteMainPhase(TestSuiteExecutor.java:112)
	at com.kms.katalon.core.main.TestSuiteExecutor.execute(TestSuiteExecutor.java:81)
	at com.kms.katalon.core.main.TestCaseMain.startTestSuite(TestCaseMain.java:157)
	at com.kms.katalon.core.main.TestCaseMain$startTestSuite$0.call(Unknown Source)
	at TempTestSuite1556794648299.run(TempTestSuite1556794648299.groovy:35)]]></system-err>
   </testsuite>
</testsuites>
